<?xml version="1.0" encoding="UTF-8"?>
<coverage generated="1512339713585" clover="3.2.0">
  <project timestamp="1512339713585" name="All files">
    <metrics statements="1216" coveredstatements="180" conditionals="788" coveredconditionals="44" methods="511" coveredmethods="66" elements="2515" coveredelements="290" complexity="0" loc="1216" ncloc="1216" packages="74" files="103" classes="103">
      <package name="src">
        <metrics statements="64" coveredstatements="0" conditionals="47" coveredconditionals="0" methods="25" coveredmethods="0"/>
        <file name="App.js" path="/Users/georgij/Projects/kwik-cover/src/App.js">
          <metrics statements="19" coveredstatements="0" conditionals="16" coveredconditionals="0" methods="7" coveredmethods="0"/>
          <line num="1" count="0" type="stmt"/>
          <line num="2" count="0" type="stmt"/>
          <line num="3" count="0" type="stmt"/>
          <line num="4" count="0" type="stmt"/>
          <line num="5" count="0" type="stmt"/>
          <line num="6" count="0" type="stmt"/>
          <line num="7" count="0" type="stmt"/>
          <line num="8" count="0" type="stmt"/>
          <line num="10" count="0" type="cond" truecount="0" falsecount="12"/>
          <line num="14" count="0" type="stmt"/>
          <line num="18" count="0" type="stmt"/>
          <line num="19" count="0" type="stmt"/>
          <line num="21" count="0" type="cond" truecount="0" falsecount="2"/>
          <line num="22" count="0" type="stmt"/>
          <line num="25" count="0" type="stmt"/>
          <line num="37" count="0" type="stmt"/>
          <line num="41" count="0" type="stmt"/>
          <line num="46" count="0" type="stmt"/>
          <line num="47" count="0" type="stmt"/>
        </file>
        <file name="index.js" path="/Users/georgij/Projects/kwik-cover/src/index.js">
          <metrics statements="7" coveredstatements="0" conditionals="4" coveredconditionals="0" methods="1" coveredmethods="0"/>
          <line num="1" count="0" type="stmt"/>
          <line num="13" count="0" type="stmt"/>
          <line num="14" count="0" type="stmt"/>
          <line num="15" count="0" type="stmt"/>
          <line num="16" count="0" type="cond" truecount="0" falsecount="4"/>
          <line num="18" count="0" type="stmt"/>
          <line num="29" count="0" type="stmt"/>
        </file>
        <file name="registerServiceWorker.js" path="/Users/georgij/Projects/kwik-cover/src/registerServiceWorker.js">
          <metrics statements="14" coveredstatements="0" conditionals="21" coveredconditionals="0" methods="14" coveredmethods="0"/>
          <line num="1" count="0" type="stmt"/>
          <line num="21" count="0" type="stmt"/>
          <line num="104" count="0" type="cond" truecount="0" falsecount="3"/>
          <line num="106" count="0" type="cond" truecount="0" falsecount="4"/>
          <line num="107" count="0" type="cond" truecount="0" falsecount="2"/>
          <line num="110" count="0" type="cond" truecount="0" falsecount="2"/>
          <line num="111" count="0" type="stmt"/>
          <line num="112" count="0" type="cond" truecount="0" falsecount="4"/>
          <line num="116" count="0" type="stmt"/>
          <line num="119" count="0" type="stmt"/>
          <line num="120" count="0" type="stmt"/>
          <line num="121" count="0" type="cond" truecount="0" falsecount="4"/>
          <line num="122" count="0" type="stmt"/>
          <line num="123" count="0" type="cond" truecount="0" falsecount="2"/>
        </file>
        <file name="store.js" path="/Users/georgij/Projects/kwik-cover/src/store.js">
          <metrics statements="24" coveredstatements="0" conditionals="6" coveredconditionals="0" methods="3" coveredmethods="0"/>
          <line num="1" count="0" type="stmt"/>
          <line num="2" count="0" type="stmt"/>
          <line num="3" count="0" type="stmt"/>
          <line num="5" count="0" type="stmt"/>
          <line num="6" count="0" type="stmt"/>
          <line num="7" count="0" type="stmt"/>
          <line num="8" count="0" type="stmt"/>
          <line num="9" count="0" type="stmt"/>
          <line num="10" count="0" type="stmt"/>
          <line num="11" count="0" type="stmt"/>
          <line num="12" count="0" type="stmt"/>
          <line num="13" count="0" type="stmt"/>
          <line num="14" count="0" type="stmt"/>
          <line num="15" count="0" type="stmt"/>
          <line num="16" count="0" type="stmt"/>
          <line num="17" count="0" type="cond" truecount="0" falsecount="4"/>
          <line num="18" count="0" type="stmt"/>
          <line num="20" count="0" type="stmt"/>
          <line num="22" count="0" type="cond" truecount="0" falsecount="2"/>
          <line num="24" count="0" type="stmt"/>
          <line num="41" count="0" type="stmt"/>
          <line num="44" count="0" type="stmt"/>
          <line num="45" count="0" type="stmt"/>
          <line num="46" count="0" type="stmt"/>
        </file>
      </package>
      <package name="src.base-components.Button">
        <metrics statements="2" coveredstatements="2" conditionals="0" coveredconditionals="0" methods="1" coveredmethods="1"/>
        <file name="Button.js" path="/Users/georgij/Projects/kwik-cover/src/base-components/Button/Button.js">
          <metrics statements="2" coveredstatements="2" conditionals="0" coveredconditionals="0" methods="1" coveredmethods="1"/>
          <line num="8" count="5" type="stmt"/>
          <line num="20" count="8" type="stmt"/>
        </file>
      </package>
      <package name="src.base-components.Card">
        <metrics statements="2" coveredstatements="1" conditionals="0" coveredconditionals="0" methods="1" coveredmethods="0"/>
        <file name="Card.js" path="/Users/georgij/Projects/kwik-cover/src/base-components/Card/Card.js">
          <metrics statements="2" coveredstatements="1" conditionals="0" coveredconditionals="0" methods="1" coveredmethods="0"/>
          <line num="9" count="0" type="stmt"/>
          <line num="16" count="2" type="stmt"/>
        </file>
      </package>
      <package name="src.base-components.DropdownMenu">
        <metrics statements="2" coveredstatements="1" conditionals="0" coveredconditionals="0" methods="1" coveredmethods="0"/>
        <file name="DropdownMenu.js" path="/Users/georgij/Projects/kwik-cover/src/base-components/DropdownMenu/DropdownMenu.js">
          <metrics statements="2" coveredstatements="1" conditionals="0" coveredconditionals="0" methods="1" coveredmethods="0"/>
          <line num="10" count="0" type="stmt"/>
          <line num="20" count="1" type="stmt"/>
        </file>
      </package>
      <package name="src.base-components.Message">
        <metrics statements="2" coveredstatements="2" conditionals="2" coveredconditionals="1" methods="1" coveredmethods="1"/>
        <file name="Message.js" path="/Users/georgij/Projects/kwik-cover/src/base-components/Message/Message.js">
          <metrics statements="2" coveredstatements="2" conditionals="2" coveredconditionals="1" methods="1" coveredmethods="1"/>
          <line num="10" count="3" type="stmt"/>
          <line num="28" count="4" type="stmt"/>
        </file>
      </package>
      <package name="src.base-components.MonthlyPrice">
        <metrics statements="4" coveredstatements="1" conditionals="3" coveredconditionals="0" methods="1" coveredmethods="0"/>
        <file name="MonthlyPrice.js" path="/Users/georgij/Projects/kwik-cover/src/base-components/MonthlyPrice/MonthlyPrice.js">
          <metrics statements="4" coveredstatements="1" conditionals="3" coveredconditionals="0" methods="1" coveredmethods="0"/>
          <line num="9" count="0" type="stmt"/>
          <line num="10" count="0" type="stmt"/>
          <line num="12" count="0" type="stmt"/>
          <line num="21" count="3" type="stmt"/>
        </file>
      </package>
      <package name="src.base-components.Select">
        <metrics statements="2" coveredstatements="2" conditionals="0" coveredconditionals="0" methods="1" coveredmethods="1"/>
        <file name="Select.js" path="/Users/georgij/Projects/kwik-cover/src/base-components/Select/Select.js">
          <metrics statements="2" coveredstatements="2" conditionals="0" coveredconditionals="0" methods="1" coveredmethods="1"/>
          <line num="9" count="9" type="stmt"/>
          <line num="14" count="2" type="stmt"/>
        </file>
      </package>
      <package name="src.base-components.SelectMultiple">
        <metrics statements="19" coveredstatements="0" conditionals="12" coveredconditionals="0" methods="10" coveredmethods="0"/>
        <file name="SelectMultiple.js" path="/Users/georgij/Projects/kwik-cover/src/base-components/SelectMultiple/SelectMultiple.js">
          <metrics statements="19" coveredstatements="0" conditionals="12" coveredconditionals="0" methods="10" coveredmethods="0"/>
          <line num="1" count="0" type="stmt"/>
          <line num="2" count="0" type="stmt"/>
          <line num="3" count="0" type="stmt"/>
          <line num="4" count="0" type="stmt"/>
          <line num="5" count="0" type="stmt"/>
          <line num="6" count="0" type="stmt"/>
          <line num="8" count="0" type="cond" truecount="0" falsecount="12"/>
          <line num="10" count="0" type="stmt"/>
          <line num="12" count="0" type="stmt"/>
          <line num="17" count="0" type="stmt"/>
          <line num="18" count="0" type="stmt"/>
          <line num="19" count="0" type="stmt"/>
          <line num="30" count="0" type="stmt"/>
          <line num="32" count="0" type="stmt"/>
          <line num="35" count="0" type="stmt"/>
          <line num="40" count="0" type="stmt"/>
          <line num="46" count="0" type="stmt"/>
          <line num="50" count="0" type="stmt"/>
          <line num="53" count="0" type="stmt"/>
        </file>
      </package>
      <package name="src.base-components.Table">
        <metrics statements="5" coveredstatements="2" conditionals="0" coveredconditionals="0" methods="4" coveredmethods="1"/>
        <file name="Table.js" path="/Users/georgij/Projects/kwik-cover/src/base-components/Table/Table.js">
          <metrics statements="5" coveredstatements="2" conditionals="0" coveredconditionals="0" methods="4" coveredmethods="1"/>
          <line num="8" count="1" type="stmt"/>
          <line num="12" count="0" type="stmt"/>
          <line num="17" count="0" type="stmt"/>
          <line num="18" count="0" type="stmt"/>
          <line num="26" count="3" type="stmt"/>
        </file>
      </package>
      <package name="src.base-components.Tabs">
        <metrics statements="5" coveredstatements="0" conditionals="4" coveredconditionals="0" methods="3" coveredmethods="0"/>
        <file name="Tabs.js" path="/Users/georgij/Projects/kwik-cover/src/base-components/Tabs/Tabs.js">
          <metrics statements="5" coveredstatements="0" conditionals="4" coveredconditionals="0" methods="3" coveredmethods="0"/>
          <line num="1" count="0" type="stmt"/>
          <line num="8" count="0" type="cond" truecount="0" falsecount="4"/>
          <line num="9" count="0" type="stmt"/>
          <line num="12" count="0" type="stmt"/>
          <line num="24" count="0" type="stmt"/>
        </file>
      </package>
      <package name="src.base-components.ValidatedInput">
        <metrics statements="2" coveredstatements="2" conditionals="0" coveredconditionals="0" methods="1" coveredmethods="1"/>
        <file name="ValidatedInput.js" path="/Users/georgij/Projects/kwik-cover/src/base-components/ValidatedInput/ValidatedInput.js">
          <metrics statements="2" coveredstatements="2" conditionals="0" coveredconditionals="0" methods="1" coveredmethods="1"/>
          <line num="8" count="9" type="stmt"/>
          <line num="16" count="2" type="stmt"/>
        </file>
      </package>
      <package name="src.base-components.ValidatedSelect">
        <metrics statements="5" coveredstatements="3" conditionals="2" coveredconditionals="0" methods="4" coveredmethods="2"/>
        <file name="ValidatedSelect.js" path="/Users/georgij/Projects/kwik-cover/src/base-components/ValidatedSelect/ValidatedSelect.js">
          <metrics statements="5" coveredstatements="3" conditionals="2" coveredconditionals="0" methods="4" coveredmethods="2"/>
          <line num="10" count="9" type="stmt"/>
          <line num="13" count="0" type="cond" truecount="0" falsecount="2"/>
          <line num="14" count="0" type="stmt"/>
          <line num="23" count="9" type="stmt"/>
          <line num="28" count="2" type="stmt"/>
        </file>
      </package>
      <package name="src.base-components.ValidationWrapper">
        <metrics statements="5" coveredstatements="0" conditionals="19" coveredconditionals="0" methods="3" coveredmethods="0"/>
        <file name="ValidationWrapper.js" path="/Users/georgij/Projects/kwik-cover/src/base-components/ValidationWrapper/ValidationWrapper.js">
          <metrics statements="5" coveredstatements="0" conditionals="19" coveredconditionals="0" methods="3" coveredmethods="0"/>
          <line num="1" count="0" type="stmt"/>
          <line num="7" count="0" type="cond" truecount="0" falsecount="12"/>
          <line num="8" count="0" type="stmt"/>
          <line num="10" count="0" type="stmt"/>
          <line num="29" count="0" type="stmt"/>
        </file>
      </package>
      <package name="src.features.auth">
        <metrics statements="31" coveredstatements="20" conditionals="23" coveredconditionals="4" methods="27" coveredmethods="7"/>
        <file name="actions.js" path="/Users/georgij/Projects/kwik-cover/src/features/auth/actions.js">
          <metrics statements="6" coveredstatements="6" conditionals="0" coveredconditionals="0" methods="6" coveredmethods="6"/>
          <line num="3" count="1" type="stmt"/>
          <line num="8" count="1" type="stmt"/>
          <line num="13" count="1" type="stmt"/>
          <line num="19" count="1" type="stmt"/>
          <line num="23" count="1" type="stmt"/>
          <line num="27" count="1" type="stmt"/>
        </file>
        <file name="constants.js" path="/Users/georgij/Projects/kwik-cover/src/features/auth/constants.js">
          <metrics statements="7" coveredstatements="7" conditionals="0" coveredconditionals="0" methods="0" coveredmethods="0"/>
          <line num="1" count="3" type="stmt"/>
          <line num="2" count="3" type="stmt"/>
          <line num="3" count="3" type="stmt"/>
          <line num="4" count="3" type="stmt"/>
          <line num="5" count="3" type="stmt"/>
          <line num="6" count="3" type="stmt"/>
          <line num="8" count="3" type="stmt"/>
        </file>
        <file name="reducer.js" path="/Users/georgij/Projects/kwik-cover/src/features/auth/reducer.js">
          <metrics statements="7" coveredstatements="7" conditionals="5" coveredconditionals="4" methods="1" coveredmethods="1"/>
          <line num="3" count="1" type="stmt"/>
          <line num="10" count="1" type="cond" truecount="0" falsecount="1"/>
          <line num="12" count="4" type="cond" truecount="4" falsecount="0"/>
          <line num="15" count="1" type="stmt"/>
          <line num="22" count="1" type="stmt"/>
          <line num="27" count="1" type="stmt"/>
          <line num="34" count="1" type="stmt"/>
        </file>
        <file name="sagas.js" path="/Users/georgij/Projects/kwik-cover/src/features/auth/sagas.js">
          <metrics statements="11" coveredstatements="0" conditionals="18" coveredconditionals="0" methods="20" coveredmethods="0"/>
          <line num="1" count="0" type="stmt"/>
          <line num="20" count="0" type="stmt"/>
          <line num="45" count="0" type="stmt"/>
          <line num="78" count="0" type="stmt"/>
          <line num="95" count="0" type="cond" truecount="0" falsecount="18"/>
          <line num="96" count="0" type="stmt"/>
          <line num="97" count="0" type="stmt"/>
          <line num="99" count="0" type="stmt"/>
          <line num="104" count="0" type="stmt"/>
          <line num="105" count="0" type="stmt"/>
          <line num="107" count="0" type="stmt"/>
        </file>
      </package>
      <package name="src.features.auth.components.Checkbox">
        <metrics statements="4" coveredstatements="0" conditionals="14" coveredconditionals="0" methods="3" coveredmethods="0"/>
        <file name="Checkbox.js" path="/Users/georgij/Projects/kwik-cover/src/features/auth/components/Checkbox/Checkbox.js">
          <metrics statements="4" coveredstatements="0" conditionals="14" coveredconditionals="0" methods="3" coveredmethods="0"/>
          <line num="1" count="0" type="stmt"/>
          <line num="8" count="0" type="cond" truecount="0" falsecount="12"/>
          <line num="9" count="0" type="stmt"/>
          <line num="18" count="0" type="stmt"/>
        </file>
      </package>
      <package name="src.features.auth.components.FormSwitcher">
        <metrics statements="4" coveredstatements="0" conditionals="12" coveredconditionals="0" methods="3" coveredmethods="0"/>
        <file name="FormSwitcher.js" path="/Users/georgij/Projects/kwik-cover/src/features/auth/components/FormSwitcher/FormSwitcher.js">
          <metrics statements="4" coveredstatements="0" conditionals="12" coveredconditionals="0" methods="3" coveredmethods="0"/>
          <line num="1" count="0" type="stmt"/>
          <line num="9" count="0" type="cond" truecount="0" falsecount="12"/>
          <line num="10" count="0" type="stmt"/>
          <line num="24" count="0" type="stmt"/>
        </file>
      </package>
      <package name="src.features.auth.components.SignInForm">
        <metrics statements="27" coveredstatements="0" conditionals="24" coveredconditionals="0" methods="7" coveredmethods="0"/>
        <file name="SignInForm.js" path="/Users/georgij/Projects/kwik-cover/src/features/auth/components/SignInForm/SignInForm.js">
          <metrics statements="27" coveredstatements="0" conditionals="24" coveredconditionals="0" methods="7" coveredmethods="0"/>
          <line num="1" count="0" type="stmt"/>
          <line num="2" count="0" type="stmt"/>
          <line num="3" count="0" type="stmt"/>
          <line num="4" count="0" type="stmt"/>
          <line num="5" count="0" type="stmt"/>
          <line num="6" count="0" type="stmt"/>
          <line num="7" count="0" type="stmt"/>
          <line num="8" count="0" type="stmt"/>
          <line num="9" count="0" type="stmt"/>
          <line num="11" count="0" type="cond" truecount="0" falsecount="12"/>
          <line num="15" count="0" type="stmt"/>
          <line num="23" count="0" type="stmt"/>
          <line num="24" count="0" type="stmt"/>
          <line num="25" count="0" type="stmt"/>
          <line num="28" count="0" type="stmt"/>
          <line num="29" count="0" type="stmt"/>
          <line num="32" count="0" type="stmt"/>
          <line num="34" count="0" type="stmt"/>
          <line num="72" count="0" type="stmt"/>
          <line num="78" count="0" type="stmt"/>
          <line num="79" count="0" type="cond" truecount="0" falsecount="2"/>
          <line num="80" count="0" type="stmt"/>
          <line num="81" count="0" type="cond" truecount="0" falsecount="2"/>
          <line num="82" count="0" type="stmt"/>
          <line num="85" count="0" type="cond" truecount="0" falsecount="2"/>
          <line num="86" count="0" type="stmt"/>
          <line num="89" count="0" type="stmt"/>
        </file>
      </package>
      <package name="src.features.auth.components.SignUpForm">
        <metrics statements="35" coveredstatements="0" conditionals="28" coveredconditionals="0" methods="7" coveredmethods="0"/>
        <file name="SignUpForm.js" path="/Users/georgij/Projects/kwik-cover/src/features/auth/components/SignUpForm/SignUpForm.js">
          <metrics statements="35" coveredstatements="0" conditionals="28" coveredconditionals="0" methods="7" coveredmethods="0"/>
          <line num="1" count="0" type="stmt"/>
          <line num="2" count="0" type="stmt"/>
          <line num="3" count="0" type="stmt"/>
          <line num="4" count="0" type="stmt"/>
          <line num="5" count="0" type="stmt"/>
          <line num="6" count="0" type="stmt"/>
          <line num="7" count="0" type="stmt"/>
          <line num="8" count="0" type="stmt"/>
          <line num="9" count="0" type="stmt"/>
          <line num="10" count="0" type="stmt"/>
          <line num="12" count="0" type="cond" truecount="0" falsecount="12"/>
          <line num="14" count="0" type="stmt"/>
          <line num="22" count="0" type="stmt"/>
          <line num="30" count="0" type="stmt"/>
          <line num="31" count="0" type="stmt"/>
          <line num="32" count="0" type="stmt"/>
          <line num="35" count="0" type="stmt"/>
          <line num="36" count="0" type="stmt"/>
          <line num="39" count="0" type="stmt"/>
          <line num="41" count="0" type="stmt"/>
          <line num="101" count="0" type="stmt"/>
          <line num="107" count="0" type="stmt"/>
          <line num="108" count="0" type="cond" truecount="0" falsecount="2"/>
          <line num="109" count="0" type="stmt"/>
          <line num="110" count="0" type="cond" truecount="0" falsecount="2"/>
          <line num="111" count="0" type="stmt"/>
          <line num="114" count="0" type="cond" truecount="0" falsecount="2"/>
          <line num="115" count="0" type="stmt"/>
          <line num="116" count="0" type="cond" truecount="0" falsecount="2"/>
          <line num="117" count="0" type="stmt"/>
          <line num="120" count="0" type="cond" truecount="0" falsecount="2"/>
          <line num="121" count="0" type="stmt"/>
          <line num="124" count="0" type="cond" truecount="0" falsecount="2"/>
          <line num="125" count="0" type="stmt"/>
          <line num="128" count="0" type="stmt"/>
        </file>
      </package>
      <package name="src.features.auth.containers.SignUpPage">
        <metrics statements="15" coveredstatements="0" conditionals="12" coveredconditionals="0" methods="9" coveredmethods="0"/>
        <file name="SignUpPage.js" path="/Users/georgij/Projects/kwik-cover/src/features/auth/containers/SignUpPage/SignUpPage.js">
          <metrics statements="15" coveredstatements="0" conditionals="12" coveredconditionals="0" methods="9" coveredmethods="0"/>
          <line num="1" count="0" type="stmt"/>
          <line num="2" count="0" type="stmt"/>
          <line num="3" count="0" type="stmt"/>
          <line num="4" count="0" type="stmt"/>
          <line num="5" count="0" type="stmt"/>
          <line num="7" count="0" type="cond" truecount="0" falsecount="12"/>
          <line num="9" count="0" type="stmt"/>
          <line num="11" count="0" type="stmt"/>
          <line num="13" count="0" type="stmt"/>
          <line num="14" count="0" type="stmt"/>
          <line num="19" count="0" type="stmt"/>
          <line num="25" count="0" type="stmt"/>
          <line num="29" count="0" type="stmt"/>
          <line num="30" count="0" type="stmt"/>
          <line num="31" count="0" type="stmt"/>
        </file>
      </package>
      <package name="src.features.auth.containers.SingInPage">
        <metrics statements="15" coveredstatements="0" conditionals="12" coveredconditionals="0" methods="9" coveredmethods="0"/>
        <file name="SignInPage.js" path="/Users/georgij/Projects/kwik-cover/src/features/auth/containers/SingInPage/SignInPage.js">
          <metrics statements="15" coveredstatements="0" conditionals="12" coveredconditionals="0" methods="9" coveredmethods="0"/>
          <line num="1" count="0" type="stmt"/>
          <line num="2" count="0" type="stmt"/>
          <line num="3" count="0" type="stmt"/>
          <line num="4" count="0" type="stmt"/>
          <line num="5" count="0" type="stmt"/>
          <line num="7" count="0" type="cond" truecount="0" falsecount="12"/>
          <line num="9" count="0" type="stmt"/>
          <line num="11" count="0" type="stmt"/>
          <line num="13" count="0" type="stmt"/>
          <line num="14" count="0" type="stmt"/>
          <line num="19" count="0" type="stmt"/>
          <line num="25" count="0" type="stmt"/>
          <line num="29" count="0" type="stmt"/>
          <line num="30" count="0" type="stmt"/>
          <line num="31" count="0" type="stmt"/>
        </file>
      </package>
      <package name="src.features.demographicForm">
        <metrics statements="17" coveredstatements="5" conditionals="10" coveredconditionals="0" methods="6" coveredmethods="1"/>
        <file name="actions.js" path="/Users/georgij/Projects/kwik-cover/src/features/demographicForm/actions.js">
          <metrics statements="1" coveredstatements="1" conditionals="0" coveredconditionals="0" methods="1" coveredmethods="1"/>
          <line num="3" count="2" type="stmt"/>
        </file>
        <file name="constants.js" path="/Users/georgij/Projects/kwik-cover/src/features/demographicForm/constants.js">
          <metrics statements="4" coveredstatements="4" conditionals="0" coveredconditionals="0" methods="0" coveredmethods="0"/>
          <line num="1" count="3" type="stmt"/>
          <line num="3" count="3" type="stmt"/>
          <line num="8" count="3" type="stmt"/>
          <line num="13" count="3" type="stmt"/>
        </file>
        <file name="sagas.js" path="/Users/georgij/Projects/kwik-cover/src/features/demographicForm/sagas.js">
          <metrics statements="12" coveredstatements="0" conditionals="10" coveredconditionals="0" methods="5" coveredmethods="0"/>
          <line num="1" count="0" type="stmt"/>
          <line num="6" count="0" type="cond" truecount="0" falsecount="8"/>
          <line num="7" count="0" type="stmt"/>
          <line num="8" count="0" type="stmt"/>
          <line num="9" count="0" type="stmt"/>
          <line num="14" count="0" type="stmt"/>
          <line num="16" count="0" type="cond" truecount="0" falsecount="2"/>
          <line num="17" count="0" type="stmt"/>
          <line num="19" count="0" type="stmt"/>
          <line num="25" count="0" type="stmt"/>
          <line num="26" count="0" type="stmt"/>
          <line num="28" count="0" type="stmt"/>
        </file>
      </package>
      <package name="src.features.demographicForm.components.DemographicForm">
        <metrics statements="26" coveredstatements="19" conditionals="24" coveredconditionals="12" methods="4" coveredmethods="3"/>
        <file name="DemographicForm.js" path="/Users/georgij/Projects/kwik-cover/src/features/demographicForm/components/DemographicForm/DemographicForm.js">
          <metrics statements="26" coveredstatements="19" conditionals="24" coveredconditionals="12" methods="4" coveredmethods="3"/>
          <line num="12" count="2" type="stmt"/>
          <line num="17" count="2" type="stmt"/>
          <line num="22" count="2" type="stmt"/>
          <line num="29" count="0" type="stmt"/>
          <line num="31" count="0" type="stmt"/>
          <line num="32" count="0" type="cond" truecount="0" falsecount="2"/>
          <line num="33" count="0" type="stmt"/>
          <line num="34" count="0" type="stmt"/>
          <line num="36" count="0" type="stmt"/>
          <line num="39" count="0" type="stmt"/>
          <line num="43" count="3" type="stmt"/>
          <line num="45" count="3" type="stmt"/>
          <line num="130" count="2" type="stmt"/>
          <line num="133" count="6" type="stmt"/>
          <line num="135" count="6" type="cond" truecount="1" falsecount="1"/>
          <line num="136" count="6" type="cond" truecount="1" falsecount="1"/>
          <line num="137" count="6" type="cond" truecount="1" falsecount="1"/>
          <line num="138" count="6" type="cond" truecount="1" falsecount="1"/>
          <line num="139" count="6" type="cond" truecount="1" falsecount="1"/>
          <line num="140" count="6" type="cond" truecount="1" falsecount="1"/>
          <line num="141" count="6" type="cond" truecount="2" falsecount="2"/>
          <line num="143" count="6" type="stmt"/>
          <line num="147" count="2" type="stmt"/>
          <line num="149" count="2" type="stmt"/>
          <line num="150" count="4" type="stmt"/>
          <line num="151" count="4" type="stmt"/>
        </file>
      </package>
      <package name="src.features.demographicForm.components.DemographicFormPageMessage">
        <metrics statements="2" coveredstatements="2" conditionals="0" coveredconditionals="0" methods="1" coveredmethods="1"/>
        <file name="DemographicFormPageMessage.js" path="/Users/georgij/Projects/kwik-cover/src/features/demographicForm/components/DemographicFormPageMessage/DemographicFormPageMessage.js">
          <metrics statements="2" coveredstatements="2" conditionals="0" coveredconditionals="0" methods="1" coveredmethods="1"/>
          <line num="9" count="3" type="stmt"/>
          <line num="16" count="1" type="stmt"/>
        </file>
      </package>
      <package name="src.features.demographicForm.components.FormInput">
        <metrics statements="2" coveredstatements="2" conditionals="0" coveredconditionals="0" methods="1" coveredmethods="1"/>
        <file name="FormInput.js" path="/Users/georgij/Projects/kwik-cover/src/features/demographicForm/components/FormInput/FormInput.js">
          <metrics statements="2" coveredstatements="2" conditionals="0" coveredconditionals="0" methods="1" coveredmethods="1"/>
          <line num="9" count="9" type="stmt"/>
          <line num="14" count="2" type="stmt"/>
        </file>
      </package>
      <package name="src.features.demographicForm.components.FormLine">
        <metrics statements="1" coveredstatements="1" conditionals="0" coveredconditionals="0" methods="1" coveredmethods="1"/>
        <file name="FormLine.js" path="/Users/georgij/Projects/kwik-cover/src/features/demographicForm/components/FormLine/FormLine.js">
          <metrics statements="1" coveredstatements="1" conditionals="0" coveredconditionals="0" methods="1" coveredmethods="1"/>
          <line num="6" count="15" type="stmt"/>
        </file>
      </package>
      <package name="src.features.demographicForm.containers.DemographicFormPage">
        <metrics statements="11" coveredstatements="6" conditionals="2" coveredconditionals="1" methods="7" coveredmethods="4"/>
        <file name="DemographicFormPage.js" path="/Users/georgij/Projects/kwik-cover/src/features/demographicForm/containers/DemographicFormPage/DemographicFormPage.js">
          <metrics statements="11" coveredstatements="6" conditionals="2" coveredconditionals="1" methods="7" coveredmethods="4"/>
          <line num="11" count="3" type="stmt"/>
          <line num="13" count="3" type="cond" truecount="1" falsecount="1"/>
          <line num="14" count="0" type="stmt"/>
          <line num="19" count="0" type="stmt"/>
          <line num="21" count="0" type="stmt"/>
          <line num="22" count="0" type="stmt"/>
          <line num="27" count="3" type="stmt"/>
          <line num="29" count="3" type="stmt"/>
          <line num="39" count="4" type="stmt"/>
          <line num="44" count="4" type="stmt"/>
          <line num="45" count="0" type="stmt"/>
        </file>
      </package>
      <package name="src.features.footer.components.Footer">
        <metrics statements="4" coveredstatements="0" conditionals="12" coveredconditionals="0" methods="3" coveredmethods="0"/>
        <file name="Footer.js" path="/Users/georgij/Projects/kwik-cover/src/features/footer/components/Footer/Footer.js">
          <metrics statements="4" coveredstatements="0" conditionals="12" coveredconditionals="0" methods="3" coveredmethods="0"/>
          <line num="1" count="0" type="stmt"/>
          <line num="8" count="0" type="cond" truecount="0" falsecount="12"/>
          <line num="9" count="0" type="stmt"/>
          <line num="17" count="0" type="stmt"/>
        </file>
      </package>
      <package name="src.features.header.components.HeaderActions">
        <metrics statements="4" coveredstatements="2" conditionals="4" coveredconditionals="3" methods="3" coveredmethods="1"/>
        <file name="HeaderActions.js" path="/Users/georgij/Projects/kwik-cover/src/features/header/components/HeaderActions/HeaderActions.js">
          <metrics statements="4" coveredstatements="2" conditionals="4" coveredconditionals="3" methods="3" coveredmethods="1"/>
          <line num="15" count="3" type="stmt"/>
          <line num="28" count="0" type="stmt"/>
          <line num="29" count="0" type="stmt"/>
          <line num="34" count="1" type="stmt"/>
        </file>
      </package>
      <package name="src.features.header.components.HeaderLogo">
        <metrics statements="4" coveredstatements="0" conditionals="4" coveredconditionals="0" methods="2" coveredmethods="0"/>
        <file name="HeaderLogo.js" path="/Users/georgij/Projects/kwik-cover/src/features/header/components/HeaderLogo/HeaderLogo.js">
          <metrics statements="4" coveredstatements="0" conditionals="4" coveredconditionals="0" methods="2" coveredmethods="0"/>
          <line num="1" count="0" type="stmt"/>
          <line num="8" count="0" type="cond" truecount="0" falsecount="4"/>
          <line num="9" count="0" type="stmt"/>
          <line num="14" count="0" type="stmt"/>
        </file>
      </package>
      <package name="src.features.header.containers.Header">
        <metrics statements="17" coveredstatements="0" conditionals="6" coveredconditionals="0" methods="7" coveredmethods="0"/>
        <file name="Header.js" path="/Users/georgij/Projects/kwik-cover/src/features/header/containers/Header/Header.js">
          <metrics statements="17" coveredstatements="0" conditionals="6" coveredconditionals="0" methods="7" coveredmethods="0"/>
          <line num="1" count="0" type="stmt"/>
          <line num="2" count="0" type="stmt"/>
          <line num="3" count="0" type="stmt"/>
          <line num="4" count="0" type="stmt"/>
          <line num="5" count="0" type="stmt"/>
          <line num="6" count="0" type="stmt"/>
          <line num="7" count="0" type="stmt"/>
          <line num="9" count="0" type="cond" truecount="0" falsecount="4"/>
          <line num="11" count="0" type="stmt"/>
          <line num="17" count="0" type="stmt"/>
          <line num="19" count="0" type="stmt"/>
          <line num="23" count="0" type="stmt"/>
          <line num="24" count="0" type="stmt"/>
          <line num="40" count="0" type="stmt"/>
          <line num="44" count="0" type="stmt"/>
          <line num="49" count="0" type="stmt"/>
          <line num="50" count="0" type="stmt"/>
        </file>
      </package>
      <package name="src.features.home.components.CompleteSurveyMessage">
        <metrics statements="4" coveredstatements="0" conditionals="4" coveredconditionals="0" methods="2" coveredmethods="0"/>
        <file name="CompleteSurveyMessage.js" path="/Users/georgij/Projects/kwik-cover/src/features/home/components/CompleteSurveyMessage/CompleteSurveyMessage.js">
          <metrics statements="4" coveredstatements="0" conditionals="4" coveredconditionals="0" methods="2" coveredmethods="0"/>
          <line num="1" count="0" type="stmt"/>
          <line num="8" count="0" type="cond" truecount="0" falsecount="4"/>
          <line num="9" count="0" type="stmt"/>
          <line num="20" count="0" type="stmt"/>
        </file>
      </package>
      <package name="src.features.home.components.HomePageButton">
        <metrics statements="4" coveredstatements="0" conditionals="4" coveredconditionals="0" methods="2" coveredmethods="0"/>
        <file name="HomePageButton.js" path="/Users/georgij/Projects/kwik-cover/src/features/home/components/HomePageButton/HomePageButton.js">
          <metrics statements="4" coveredstatements="0" conditionals="4" coveredconditionals="0" methods="2" coveredmethods="0"/>
          <line num="1" count="0" type="stmt"/>
          <line num="8" count="0" type="cond" truecount="0" falsecount="4"/>
          <line num="9" count="0" type="stmt"/>
          <line num="17" count="0" type="stmt"/>
        </file>
      </package>
      <package name="src.features.home.components.HomePageCard">
        <metrics statements="5" coveredstatements="0" conditionals="4" coveredconditionals="0" methods="3" coveredmethods="0"/>
        <file name="HomePageCard.js" path="/Users/georgij/Projects/kwik-cover/src/features/home/components/HomePageCard/HomePageCard.js">
          <metrics statements="5" coveredstatements="0" conditionals="4" coveredconditionals="0" methods="3" coveredmethods="0"/>
          <line num="1" count="0" type="stmt"/>
          <line num="9" count="0" type="cond" truecount="0" falsecount="4"/>
          <line num="10" count="0" type="stmt"/>
          <line num="20" count="0" type="stmt"/>
          <line num="34" count="0" type="stmt"/>
        </file>
      </package>
      <package name="src.features.home.components.ListItem">
        <metrics statements="4" coveredstatements="0" conditionals="12" coveredconditionals="0" methods="3" coveredmethods="0"/>
        <file name="ListItem.js" path="/Users/georgij/Projects/kwik-cover/src/features/home/components/ListItem/ListItem.js">
          <metrics statements="4" coveredstatements="0" conditionals="12" coveredconditionals="0" methods="3" coveredmethods="0"/>
          <line num="1" count="0" type="stmt"/>
          <line num="7" count="0" type="cond" truecount="0" falsecount="12"/>
          <line num="8" count="0" type="stmt"/>
          <line num="16" count="0" type="stmt"/>
        </file>
      </package>
      <package name="src.features.home.components.QuotesAvailableMessage">
        <metrics statements="4" coveredstatements="0" conditionals="4" coveredconditionals="0" methods="2" coveredmethods="0"/>
        <file name="QuotesAvailableMessage.js" path="/Users/georgij/Projects/kwik-cover/src/features/home/components/QuotesAvailableMessage/QuotesAvailableMessage.js">
          <metrics statements="4" coveredstatements="0" conditionals="4" coveredconditionals="0" methods="2" coveredmethods="0"/>
          <line num="1" count="0" type="stmt"/>
          <line num="8" count="0" type="cond" truecount="0" falsecount="4"/>
          <line num="9" count="0" type="stmt"/>
          <line num="20" count="0" type="stmt"/>
        </file>
      </package>
      <package name="src.features.home.containers.HomePage">
        <metrics statements="39" coveredstatements="0" conditionals="10" coveredconditionals="0" methods="16" coveredmethods="0"/>
        <file name="HomePage.js" path="/Users/georgij/Projects/kwik-cover/src/features/home/containers/HomePage/HomePage.js">
          <metrics statements="39" coveredstatements="0" conditionals="10" coveredconditionals="0" methods="16" coveredmethods="0"/>
          <line num="1" count="0" type="stmt"/>
          <line num="2" count="0" type="stmt"/>
          <line num="3" count="0" type="stmt"/>
          <line num="4" count="0" type="stmt"/>
          <line num="5" count="0" type="stmt"/>
          <line num="6" count="0" type="stmt"/>
          <line num="7" count="0" type="stmt"/>
          <line num="8" count="0" type="stmt"/>
          <line num="9" count="0" type="stmt"/>
          <line num="10" count="0" type="stmt"/>
          <line num="11" count="0" type="stmt"/>
          <line num="12" count="0" type="stmt"/>
          <line num="13" count="0" type="stmt"/>
          <line num="14" count="0" type="stmt"/>
          <line num="15" count="0" type="stmt"/>
          <line num="17" count="0" type="cond" truecount="0" falsecount="4"/>
          <line num="21" count="0" type="stmt"/>
          <line num="30" count="0" type="stmt"/>
          <line num="31" count="0" type="stmt"/>
          <line num="34" count="0" type="stmt"/>
          <line num="35" count="0" type="stmt"/>
          <line num="38" count="0" type="stmt"/>
          <line num="39" count="0" type="stmt"/>
          <line num="42" count="0" type="stmt"/>
          <line num="43" count="0" type="stmt"/>
          <line num="46" count="0" type="stmt"/>
          <line num="48" count="0" type="stmt"/>
          <line num="49" count="0" type="stmt"/>
          <line num="52" count="0" type="stmt"/>
          <line num="54" count="0" type="stmt"/>
          <line num="87" count="0" type="stmt"/>
          <line num="100" count="0" type="stmt"/>
          <line num="101" count="0" type="stmt"/>
          <line num="114" count="0" type="stmt"/>
          <line num="115" count="0" type="stmt"/>
          <line num="121" count="0" type="stmt"/>
          <line num="125" count="0" type="stmt"/>
          <line num="130" count="0" type="stmt"/>
          <line num="131" count="0" type="stmt"/>
        </file>
      </package>
      <package name="src.features.notFound.containers.NotFoundPage">
        <metrics statements="7" coveredstatements="0" conditionals="4" coveredconditionals="0" methods="4" coveredmethods="0"/>
        <file name="NotFoundPage.js" path="/Users/georgij/Projects/kwik-cover/src/features/notFound/containers/NotFoundPage/NotFoundPage.js">
          <metrics statements="7" coveredstatements="0" conditionals="4" coveredconditionals="0" methods="4" coveredmethods="0"/>
          <line num="1" count="0" type="stmt"/>
          <line num="2" count="0" type="stmt"/>
          <line num="4" count="0" type="cond" truecount="0" falsecount="4"/>
          <line num="8" count="0" type="stmt"/>
          <line num="11" count="0" type="stmt"/>
          <line num="15" count="0" type="stmt"/>
          <line num="16" count="0" type="stmt"/>
        </file>
      </package>
      <package name="src.features.payment">
        <metrics statements="36" coveredstatements="0" conditionals="43" coveredconditionals="0" methods="21" coveredmethods="0"/>
        <file name="actions.js" path="/Users/georgij/Projects/kwik-cover/src/features/payment/actions.js">
          <metrics statements="5" coveredstatements="0" conditionals="8" coveredconditionals="0" methods="5" coveredmethods="0"/>
          <line num="1" count="0" type="cond" truecount="0" falsecount="8"/>
          <line num="3" count="0" type="stmt"/>
          <line num="7" count="0" type="stmt"/>
          <line num="12" count="0" type="stmt"/>
          <line num="18" count="0" type="stmt"/>
        </file>
        <file name="constants.js" path="/Users/georgij/Projects/kwik-cover/src/features/payment/constants.js">
          <metrics statements="4" coveredstatements="0" conditionals="0" coveredconditionals="0" methods="0" coveredmethods="0"/>
          <line num="1" count="0" type="stmt"/>
          <line num="2" count="0" type="stmt"/>
          <line num="3" count="0" type="stmt"/>
          <line num="4" count="0" type="stmt"/>
        </file>
        <file name="reducer.js" path="/Users/georgij/Projects/kwik-cover/src/features/payment/reducer.js">
          <metrics statements="9" coveredstatements="0" conditionals="13" coveredconditionals="0" methods="2" coveredmethods="0"/>
          <line num="1" count="0" type="cond" truecount="0" falsecount="8"/>
          <line num="3" count="0" type="stmt"/>
          <line num="8" count="0" type="cond" truecount="0" falsecount="1"/>
          <line num="10" count="0" type="cond" truecount="0" falsecount="4"/>
          <line num="13" count="0" type="stmt"/>
          <line num="18" count="0" type="stmt"/>
          <line num="24" count="0" type="stmt"/>
          <line num="29" count="0" type="stmt"/>
          <line num="32" count="0" type="stmt"/>
        </file>
        <file name="sagas.js" path="/Users/georgij/Projects/kwik-cover/src/features/payment/sagas.js">
          <metrics statements="18" coveredstatements="0" conditionals="22" coveredconditionals="0" methods="14" coveredmethods="0"/>
          <line num="1" count="0" type="stmt"/>
          <line num="29" count="0" type="stmt"/>
          <line num="41" count="0" type="stmt"/>
          <line num="49" count="0" type="stmt"/>
          <line num="77" count="0" type="stmt"/>
          <line num="86" count="0" type="cond" truecount="0" falsecount="16"/>
          <line num="88" count="0" type="cond" truecount="0" falsecount="2"/>
          <line num="89" count="0" type="stmt"/>
          <line num="90" count="0" type="cond" truecount="0" falsecount="2"/>
          <line num="91" count="0" type="stmt"/>
          <line num="95" count="0" type="stmt"/>
          <line num="97" count="0" type="stmt"/>
          <line num="98" count="0" type="cond" truecount="0" falsecount="2"/>
          <line num="99" count="0" type="stmt"/>
          <line num="103" count="0" type="stmt"/>
          <line num="111" count="0" type="stmt"/>
          <line num="112" count="0" type="stmt"/>
          <line num="114" count="0" type="stmt"/>
        </file>
      </package>
      <package name="src.features.payment.components.ExistingCardForm">
        <metrics statements="18" coveredstatements="0" conditionals="12" coveredconditionals="0" methods="9" coveredmethods="0"/>
        <file name="ExistingCardForm.js" path="/Users/georgij/Projects/kwik-cover/src/features/payment/components/ExistingCardForm/ExistingCardForm.js">
          <metrics statements="18" coveredstatements="0" conditionals="12" coveredconditionals="0" methods="9" coveredmethods="0"/>
          <line num="1" count="0" type="stmt"/>
          <line num="2" count="0" type="stmt"/>
          <line num="3" count="0" type="stmt"/>
          <line num="4" count="0" type="stmt"/>
          <line num="5" count="0" type="stmt"/>
          <line num="6" count="0" type="stmt"/>
          <line num="8" count="0" type="cond" truecount="0" falsecount="12"/>
          <line num="10" count="0" type="stmt"/>
          <line num="13" count="0" type="stmt"/>
          <line num="14" count="0" type="stmt"/>
          <line num="18" count="0" type="stmt"/>
          <line num="25" count="0" type="stmt"/>
          <line num="32" count="0" type="stmt"/>
          <line num="33" count="0" type="stmt"/>
          <line num="34" count="0" type="stmt"/>
          <line num="41" count="0" type="stmt"/>
          <line num="60" count="0" type="stmt"/>
          <line num="67" count="0" type="stmt"/>
        </file>
      </package>
      <package name="src.features.payment.components.PaymentForm">
        <metrics statements="36" coveredstatements="0" conditionals="24" coveredconditionals="0" methods="10" coveredmethods="0"/>
        <file name="PaymentForm.js" path="/Users/georgij/Projects/kwik-cover/src/features/payment/components/PaymentForm/PaymentForm.js">
          <metrics statements="36" coveredstatements="0" conditionals="24" coveredconditionals="0" methods="10" coveredmethods="0"/>
          <line num="1" count="0" type="stmt"/>
          <line num="2" count="0" type="stmt"/>
          <line num="3" count="0" type="stmt"/>
          <line num="4" count="0" type="stmt"/>
          <line num="5" count="0" type="stmt"/>
          <line num="6" count="0" type="stmt"/>
          <line num="7" count="0" type="stmt"/>
          <line num="8" count="0" type="stmt"/>
          <line num="9" count="0" type="stmt"/>
          <line num="11" count="0" type="cond" truecount="0" falsecount="12"/>
          <line num="13" count="0" type="stmt"/>
          <line num="16" count="0" type="stmt"/>
          <line num="17" count="0" type="stmt"/>
          <line num="21" count="0" type="stmt"/>
          <line num="22" count="0" type="stmt"/>
          <line num="23" count="0" type="stmt"/>
          <line num="27" count="0" type="stmt"/>
          <line num="28" count="0" type="stmt"/>
          <line num="37" count="0" type="stmt"/>
          <line num="45" count="0" type="stmt"/>
          <line num="57" count="0" type="stmt"/>
          <line num="71" count="0" type="stmt"/>
          <line num="77" count="0" type="stmt"/>
          <line num="78" count="0" type="cond" truecount="0" falsecount="2"/>
          <line num="79" count="0" type="stmt"/>
          <line num="82" count="0" type="cond" truecount="0" falsecount="2"/>
          <line num="83" count="0" type="stmt"/>
          <line num="86" count="0" type="cond" truecount="0" falsecount="2"/>
          <line num="87" count="0" type="stmt"/>
          <line num="90" count="0" type="cond" truecount="0" falsecount="2"/>
          <line num="91" count="0" type="stmt"/>
          <line num="94" count="0" type="cond" truecount="0" falsecount="2"/>
          <line num="95" count="0" type="stmt"/>
          <line num="98" count="0" type="cond" truecount="0" falsecount="2"/>
          <line num="99" count="0" type="stmt"/>
          <line num="102" count="0" type="stmt"/>
        </file>
      </package>
      <package name="src.features.payment.components.SummaryCard">
        <metrics statements="10" coveredstatements="0" conditionals="5" coveredconditionals="0" methods="3" coveredmethods="0"/>
        <file name="SummaryCard.js" path="/Users/georgij/Projects/kwik-cover/src/features/payment/components/SummaryCard/SummaryCard.js">
          <metrics statements="10" coveredstatements="0" conditionals="5" coveredconditionals="0" methods="3" coveredmethods="0"/>
          <line num="1" count="0" type="stmt"/>
          <line num="7" count="0" type="cond" truecount="0" falsecount="5"/>
          <line num="8" count="0" type="stmt"/>
          <line num="9" count="0" type="stmt"/>
          <line num="10" count="0" type="stmt"/>
          <line num="11" count="0" type="stmt"/>
          <line num="12" count="0" type="stmt"/>
          <line num="21" count="0" type="stmt"/>
          <line num="22" count="0" type="stmt"/>
          <line num="41" count="0" type="stmt"/>
        </file>
      </package>
      <package name="src.features.payment.containers.PaymentPage">
        <metrics statements="22" coveredstatements="0" conditionals="8" coveredconditionals="0" methods="11" coveredmethods="0"/>
        <file name="PaymentPage.js" path="/Users/georgij/Projects/kwik-cover/src/features/payment/containers/PaymentPage/PaymentPage.js">
          <metrics statements="22" coveredstatements="0" conditionals="8" coveredconditionals="0" methods="11" coveredmethods="0"/>
          <line num="1" count="0" type="stmt"/>
          <line num="2" count="0" type="stmt"/>
          <line num="3" count="0" type="stmt"/>
          <line num="4" count="0" type="stmt"/>
          <line num="5" count="0" type="stmt"/>
          <line num="6" count="0" type="stmt"/>
          <line num="7" count="0" type="stmt"/>
          <line num="9" count="0" type="stmt"/>
          <line num="10" count="0" type="cond" truecount="0" falsecount="4"/>
          <line num="15" count="0" type="stmt"/>
          <line num="28" count="0" type="stmt"/>
          <line num="29" count="0" type="stmt"/>
          <line num="32" count="0" type="stmt"/>
          <line num="33" count="0" type="stmt"/>
          <line num="36" count="0" type="stmt"/>
          <line num="37" count="0" type="stmt"/>
          <line num="57" count="0" type="stmt"/>
          <line num="61" count="0" type="stmt"/>
          <line num="66" count="0" type="stmt"/>
          <line num="67" count="0" type="stmt"/>
          <line num="68" count="0" type="stmt"/>
          <line num="69" count="0" type="stmt"/>
        </file>
      </package>
      <package name="src.features.profile">
        <metrics statements="34" coveredstatements="23" conditionals="19" coveredconditionals="4" methods="17" coveredmethods="8"/>
        <file name="actions.js" path="/Users/georgij/Projects/kwik-cover/src/features/profile/actions.js">
          <metrics statements="7" coveredstatements="7" conditionals="0" coveredconditionals="0" methods="7" coveredmethods="7"/>
          <line num="3" count="1" type="stmt"/>
          <line num="7" count="1" type="stmt"/>
          <line num="12" count="1" type="stmt"/>
          <line num="17" count="1" type="stmt"/>
          <line num="21" count="1" type="stmt"/>
          <line num="26" count="1" type="stmt"/>
          <line num="31" count="1" type="stmt"/>
        </file>
        <file name="constants.js" path="/Users/georgij/Projects/kwik-cover/src/features/profile/constants.js">
          <metrics statements="9" coveredstatements="9" conditionals="0" coveredconditionals="0" methods="0" coveredmethods="0"/>
          <line num="1" count="2" type="stmt"/>
          <line num="2" count="2" type="stmt"/>
          <line num="3" count="2" type="stmt"/>
          <line num="4" count="2" type="stmt"/>
          <line num="5" count="2" type="stmt"/>
          <line num="6" count="2" type="stmt"/>
          <line num="7" count="2" type="stmt"/>
          <line num="9" count="2" type="stmt"/>
          <line num="17" count="2" type="stmt"/>
        </file>
        <file name="reducer.js" path="/Users/georgij/Projects/kwik-cover/src/features/profile/reducer.js">
          <metrics statements="7" coveredstatements="7" conditionals="5" coveredconditionals="4" methods="1" coveredmethods="1"/>
          <line num="3" count="1" type="stmt"/>
          <line num="9" count="1" type="cond" truecount="0" falsecount="1"/>
          <line num="11" count="4" type="cond" truecount="4" falsecount="0"/>
          <line num="14" count="1" type="stmt"/>
          <line num="19" count="1" type="stmt"/>
          <line num="24" count="1" type="stmt"/>
          <line num="29" count="1" type="stmt"/>
        </file>
        <file name="sagas.js" path="/Users/georgij/Projects/kwik-cover/src/features/profile/sagas.js">
          <metrics statements="11" coveredstatements="0" conditionals="14" coveredconditionals="0" methods="9" coveredmethods="0"/>
          <line num="1" count="0" type="stmt"/>
          <line num="14" count="0" type="stmt"/>
          <line num="21" count="0" type="stmt"/>
          <line num="34" count="0" type="stmt"/>
          <line num="51" count="0" type="cond" truecount="0" falsecount="14"/>
          <line num="53" count="0" type="stmt"/>
          <line num="55" count="0" type="stmt"/>
          <line num="56" count="0" type="stmt"/>
          <line num="67" count="0" type="stmt"/>
          <line num="68" count="0" type="stmt"/>
          <line num="70" count="0" type="stmt"/>
        </file>
      </package>
      <package name="src.features.profile.components.ProfileComponent">
        <metrics statements="5" coveredstatements="0" conditionals="4" coveredconditionals="0" methods="2" coveredmethods="0"/>
        <file name="ProfileComponent.js" path="/Users/georgij/Projects/kwik-cover/src/features/profile/components/ProfileComponent/ProfileComponent.js">
          <metrics statements="5" coveredstatements="0" conditionals="4" coveredconditionals="0" methods="2" coveredmethods="0"/>
          <line num="1" count="0" type="stmt"/>
          <line num="10" count="0" type="cond" truecount="0" falsecount="4"/>
          <line num="11" count="0" type="stmt"/>
          <line num="19" count="0" type="stmt"/>
          <line num="33" count="0" type="stmt"/>
        </file>
      </package>
      <package name="src.features.profile.components.ProfileTabs">
        <metrics statements="5" coveredstatements="0" conditionals="4" coveredconditionals="0" methods="3" coveredmethods="0"/>
        <file name="ProfileTabs.js" path="/Users/georgij/Projects/kwik-cover/src/features/profile/components/ProfileTabs/ProfileTabs.js">
          <metrics statements="5" coveredstatements="0" conditionals="4" coveredconditionals="0" methods="3" coveredmethods="0"/>
          <line num="1" count="0" type="stmt"/>
          <line num="8" count="0" type="cond" truecount="0" falsecount="4"/>
          <line num="9" count="0" type="stmt"/>
          <line num="12" count="0" type="stmt"/>
          <line num="24" count="0" type="stmt"/>
        </file>
      </package>
      <package name="src.features.profile.containers.ProfileAddress">
        <metrics statements="25" coveredstatements="0" conditionals="6" coveredconditionals="0" methods="10" coveredmethods="0"/>
        <file name="ProfileAddress.js" path="/Users/georgij/Projects/kwik-cover/src/features/profile/containers/ProfileAddress/ProfileAddress.js">
          <metrics statements="25" coveredstatements="0" conditionals="6" coveredconditionals="0" methods="10" coveredmethods="0"/>
          <line num="1" count="0" type="stmt"/>
          <line num="2" count="0" type="stmt"/>
          <line num="3" count="0" type="stmt"/>
          <line num="4" count="0" type="stmt"/>
          <line num="5" count="0" type="stmt"/>
          <line num="6" count="0" type="stmt"/>
          <line num="7" count="0" type="stmt"/>
          <line num="8" count="0" type="stmt"/>
          <line num="9" count="0" type="stmt"/>
          <line num="10" count="0" type="stmt"/>
          <line num="11" count="0" type="stmt"/>
          <line num="13" count="0" type="cond" truecount="0" falsecount="4"/>
          <line num="15" count="0" type="stmt"/>
          <line num="21" count="0" type="stmt"/>
          <line num="22" count="0" type="stmt"/>
          <line num="24" count="0" type="stmt"/>
          <line num="27" count="0" type="stmt"/>
          <line num="29" count="0" type="stmt"/>
          <line num="117" count="0" type="stmt"/>
          <line num="122" count="0" type="stmt"/>
          <line num="123" count="0" type="stmt"/>
          <line num="126" count="0" type="stmt"/>
          <line num="127" count="0" type="stmt"/>
          <line num="128" count="0" type="stmt"/>
          <line num="130" count="0" type="stmt"/>
        </file>
      </package>
      <package name="src.features.profile.containers.ProfileConactUs">
        <metrics statements="30" coveredstatements="0" conditionals="13" coveredconditionals="0" methods="13" coveredmethods="0"/>
        <file name="ProfileContactUs.js" path="/Users/georgij/Projects/kwik-cover/src/features/profile/containers/ProfileConactUs/ProfileContactUs.js">
          <metrics statements="30" coveredstatements="0" conditionals="13" coveredconditionals="0" methods="13" coveredmethods="0"/>
          <line num="1" count="0" type="stmt"/>
          <line num="2" count="0" type="stmt"/>
          <line num="3" count="0" type="stmt"/>
          <line num="4" count="0" type="stmt"/>
          <line num="5" count="0" type="stmt"/>
          <line num="6" count="0" type="stmt"/>
          <line num="7" count="0" type="stmt"/>
          <line num="8" count="0" type="stmt"/>
          <line num="9" count="0" type="stmt"/>
          <line num="10" count="0" type="stmt"/>
          <line num="12" count="0" type="cond" truecount="0" falsecount="4"/>
          <line num="14" count="0" type="stmt"/>
          <line num="22" count="0" type="stmt"/>
          <line num="23" count="0" type="stmt"/>
          <line num="25" count="0" type="stmt"/>
          <line num="28" count="0" type="stmt"/>
          <line num="30" count="0" type="stmt"/>
          <line num="32" count="0" type="stmt"/>
          <line num="75" count="0" type="stmt"/>
          <line num="79" count="0" type="stmt"/>
          <line num="81" count="0" type="cond" truecount="0" falsecount="2"/>
          <line num="82" count="0" type="cond" truecount="0" falsecount="2"/>
          <line num="84" count="0" type="stmt"/>
          <line num="88" count="0" type="stmt"/>
          <line num="89" count="0" type="stmt"/>
          <line num="93" count="0" type="stmt"/>
          <line num="94" count="0" type="stmt"/>
          <line num="95" count="0" type="stmt"/>
          <line num="96" count="0" type="stmt"/>
          <line num="98" count="0" type="stmt"/>
        </file>
      </package>
      <package name="src.features.profile.containers.ProfilePhone">
        <metrics statements="46" coveredstatements="0" conditionals="33" coveredconditionals="0" methods="16" coveredmethods="0"/>
        <file name="ProfilePhone.js" path="/Users/georgij/Projects/kwik-cover/src/features/profile/containers/ProfilePhone/ProfilePhone.js">
          <metrics statements="46" coveredstatements="0" conditionals="33" coveredconditionals="0" methods="16" coveredmethods="0"/>
          <line num="1" count="0" type="stmt"/>
          <line num="2" count="0" type="stmt"/>
          <line num="3" count="0" type="stmt"/>
          <line num="4" count="0" type="stmt"/>
          <line num="5" count="0" type="stmt"/>
          <line num="6" count="0" type="stmt"/>
          <line num="7" count="0" type="stmt"/>
          <line num="8" count="0" type="stmt"/>
          <line num="9" count="0" type="stmt"/>
          <line num="10" count="0" type="stmt"/>
          <line num="11" count="0" type="stmt"/>
          <line num="12" count="0" type="stmt"/>
          <line num="14" count="0" type="cond" truecount="0" falsecount="4"/>
          <line num="16" count="0" type="stmt"/>
          <line num="22" count="0" type="stmt"/>
          <line num="23" count="0" type="stmt"/>
          <line num="24" count="0" type="stmt"/>
          <line num="25" count="0" type="cond" truecount="0" falsecount="2"/>
          <line num="26" count="0" type="cond" truecount="0" falsecount="2"/>
          <line num="27" count="0" type="stmt"/>
          <line num="28" count="0" type="cond" truecount="0" falsecount="2"/>
          <line num="29" count="0" type="stmt"/>
          <line num="35" count="0" type="stmt"/>
          <line num="39" count="0" type="stmt"/>
          <line num="41" count="0" type="stmt"/>
          <line num="44" count="0" type="stmt"/>
          <line num="45" count="0" type="cond" truecount="0" falsecount="2"/>
          <line num="47" count="0" type="stmt"/>
          <line num="71" count="0" type="cond" truecount="0" falsecount="2"/>
          <line num="72" count="0" type="stmt"/>
          <line num="73" count="0" type="cond" truecount="0" falsecount="2"/>
          <line num="74" count="0" type="cond" truecount="0" falsecount="2"/>
          <line num="110" count="0" type="stmt"/>
          <line num="114" count="0" type="stmt"/>
          <line num="115" count="0" type="cond" truecount="0" falsecount="2"/>
          <line num="116" count="0" type="stmt"/>
          <line num="118" count="0" type="stmt"/>
          <line num="122" count="0" type="stmt"/>
          <line num="124" count="0" type="stmt"/>
          <line num="125" count="0" type="cond" truecount="0" falsecount="2"/>
          <line num="126" count="0" type="cond" truecount="0" falsecount="3"/>
          <line num="128" count="0" type="stmt"/>
          <line num="138" count="0" type="stmt"/>
          <line num="139" count="0" type="stmt"/>
          <line num="140" count="0" type="stmt"/>
          <line num="142" count="0" type="stmt"/>
        </file>
      </package>
      <package name="src.features.quotes">
        <metrics statements="59" coveredstatements="36" conditionals="18" coveredconditionals="7" methods="19" coveredmethods="12"/>
        <file name="actions.js" path="/Users/georgij/Projects/kwik-cover/src/features/quotes/actions.js">
          <metrics statements="9" coveredstatements="9" conditionals="0" coveredconditionals="0" methods="8" coveredmethods="6"/>
          <line num="3" count="4" type="stmt"/>
          <line num="7" count="4" type="stmt"/>
          <line num="8" count="1" type="stmt"/>
          <line num="13" count="4" type="stmt"/>
          <line num="17" count="4" type="stmt"/>
          <line num="22" count="4" type="stmt"/>
          <line num="27" count="4" type="stmt"/>
          <line num="32" count="4" type="stmt"/>
          <line num="37" count="4" type="stmt"/>
        </file>
        <file name="constants.js" path="/Users/georgij/Projects/kwik-cover/src/features/quotes/constants.js">
          <metrics statements="8" coveredstatements="8" conditionals="0" coveredconditionals="0" methods="0" coveredmethods="0"/>
          <line num="1" count="5" type="stmt"/>
          <line num="2" count="5" type="stmt"/>
          <line num="3" count="5" type="stmt"/>
          <line num="4" count="5" type="stmt"/>
          <line num="5" count="5" type="stmt"/>
          <line num="6" count="5" type="stmt"/>
          <line num="7" count="5" type="stmt"/>
          <line num="8" count="5" type="stmt"/>
        </file>
        <file name="reducer.js" path="/Users/georgij/Projects/kwik-cover/src/features/quotes/reducer.js">
          <metrics statements="17" coveredstatements="15" conditionals="10" coveredconditionals="7" methods="4" coveredmethods="4"/>
          <line num="4" count="1" type="stmt"/>
          <line num="9" count="1" type="cond" truecount="0" falsecount="1"/>
          <line num="11" count="3" type="cond" truecount="3" falsecount="2"/>
          <line num="14" count="1" type="stmt"/>
          <line num="19" count="0" type="stmt"/>
          <line num="24" count="1" type="stmt"/>
          <line num="25" count="1" type="stmt"/>
          <line num="27" count="2" type="cond" truecount="2" falsecount="0"/>
          <line num="28" count="1" type="stmt"/>
          <line num="29" count="1" type="stmt"/>
          <line num="31" count="1" type="stmt"/>
          <line num="38" count="1" type="stmt"/>
          <line num="40" count="2" type="cond" truecount="2" falsecount="0"/>
          <line num="41" count="1" type="stmt"/>
          <line num="43" count="1" type="stmt"/>
          <line num="46" count="2" type="stmt"/>
          <line num="50" count="0" type="stmt"/>
        </file>
        <file name="sagas.js" path="/Users/georgij/Projects/kwik-cover/src/features/quotes/sagas.js">
          <metrics statements="25" coveredstatements="4" conditionals="8" coveredconditionals="0" methods="7" coveredmethods="2"/>
          <line num="7" count="1" type="stmt"/>
          <line num="8" count="1" type="stmt"/>
          <line num="10" count="1" type="stmt"/>
          <line num="11" count="0" type="stmt"/>
          <line num="12" count="0" type="cond" truecount="0" falsecount="2"/>
          <line num="13" count="0" type="stmt"/>
          <line num="19" count="0" type="stmt"/>
          <line num="20" count="0" type="stmt"/>
          <line num="22" count="0" type="stmt"/>
          <line num="23" count="0" type="stmt"/>
          <line num="24" count="0" type="cond" truecount="0" falsecount="2"/>
          <line num="25" count="0" type="stmt"/>
          <line num="31" count="0" type="stmt"/>
          <line num="32" count="0" type="stmt"/>
          <line num="35" count="0" type="stmt"/>
          <line num="36" count="0" type="stmt"/>
          <line num="38" count="0" type="cond" truecount="0" falsecount="2"/>
          <line num="39" count="0" type="stmt"/>
          <line num="45" count="0" type="stmt"/>
          <line num="46" count="0" type="stmt"/>
          <line num="49" count="0" type="stmt"/>
          <line num="51" count="0" type="cond" truecount="0" falsecount="2"/>
          <line num="52" count="0" type="stmt"/>
          <line num="58" count="1" type="stmt"/>
          <line num="59" count="0" type="stmt"/>
        </file>
      </package>
      <package name="src.features.quotes.components.CartButton">
        <metrics statements="2" coveredstatements="2" conditionals="8" coveredconditionals="7" methods="1" coveredmethods="1"/>
        <file name="CartButton.js" path="/Users/georgij/Projects/kwik-cover/src/features/quotes/components/CartButton/CartButton.js">
          <metrics statements="2" coveredstatements="2" conditionals="8" coveredconditionals="7" methods="1" coveredmethods="1"/>
          <line num="9" count="2" type="stmt"/>
          <line num="23" count="2" type="stmt"/>
        </file>
      </package>
      <package name="src.features.quotes.components.QuotesTable">
        <metrics statements="9" coveredstatements="2" conditionals="10" coveredconditionals="0" methods="2" coveredmethods="1"/>
        <file name="QuotesTable.js" path="/Users/georgij/Projects/kwik-cover/src/features/quotes/components/QuotesTable/QuotesTable.js">
          <metrics statements="9" coveredstatements="2" conditionals="10" coveredconditionals="0" methods="2" coveredmethods="1"/>
          <line num="10" count="1" type="stmt"/>
          <line num="15" count="0" type="stmt"/>
          <line num="19" count="0" type="cond" truecount="0" falsecount="2"/>
          <line num="20" count="0" type="cond" truecount="0" falsecount="2"/>
          <line num="21" count="0" type="cond" truecount="0" falsecount="2"/>
          <line num="22" count="0" type="cond" truecount="0" falsecount="2"/>
          <line num="23" count="0" type="cond" truecount="0" falsecount="2"/>
          <line num="25" count="0" type="stmt"/>
          <line num="31" count="3" type="stmt"/>
        </file>
      </package>
      <package name="src.features.quotes.containers.CartPage">
        <metrics statements="17" coveredstatements="2" conditionals="12" coveredconditionals="1" methods="10" coveredmethods="2"/>
        <file name="CartPage.js" path="/Users/georgij/Projects/kwik-cover/src/features/quotes/containers/CartPage/CartPage.js">
          <metrics statements="17" coveredstatements="2" conditionals="12" coveredconditionals="1" methods="10" coveredmethods="2"/>
          <line num="15" count="0" type="stmt"/>
          <line num="25" count="0" type="stmt"/>
          <line num="26" count="0" type="cond" truecount="0" falsecount="2"/>
          <line num="27" count="0" type="stmt"/>
          <line num="30" count="0" type="cond" truecount="0" falsecount="2"/>
          <line num="31" count="0" type="stmt"/>
          <line num="35" count="0" type="stmt"/>
          <line num="41" count="0" type="stmt"/>
          <line num="42" count="0" type="stmt"/>
          <line num="43" count="0" type="stmt"/>
          <line num="44" count="0" type="stmt"/>
          <line num="45" count="0" type="stmt"/>
          <line num="53" count="0" type="stmt"/>
          <line num="58" count="0" type="stmt"/>
          <line num="80" count="1" type="stmt"/>
          <line num="84" count="1" type="stmt"/>
          <line num="85" count="0" type="stmt"/>
        </file>
      </package>
      <package name="src.features.quotes.containers.QuotesPage">
        <metrics statements="24" coveredstatements="0" conditionals="4" coveredconditionals="0" methods="14" coveredmethods="0"/>
        <file name="QuotesPage.js" path="/Users/georgij/Projects/kwik-cover/src/features/quotes/containers/QuotesPage/QuotesPage.js">
          <metrics statements="24" coveredstatements="0" conditionals="4" coveredconditionals="0" methods="14" coveredmethods="0"/>
          <line num="1" count="0" type="stmt"/>
          <line num="2" count="0" type="stmt"/>
          <line num="3" count="0" type="stmt"/>
          <line num="4" count="0" type="stmt"/>
          <line num="5" count="0" type="stmt"/>
          <line num="6" count="0" type="stmt"/>
          <line num="7" count="0" type="stmt"/>
          <line num="8" count="0" type="stmt"/>
          <line num="10" count="0" type="cond" truecount="0" falsecount="4"/>
          <line num="12" count="0" type="stmt"/>
          <line num="18" count="0" type="stmt"/>
          <line num="25" count="0" type="stmt"/>
          <line num="28" count="0" type="stmt"/>
          <line num="29" count="0" type="stmt"/>
          <line num="36" count="0" type="stmt"/>
          <line num="43" count="0" type="stmt"/>
          <line num="44" count="0" type="stmt"/>
          <line num="51" count="0" type="stmt"/>
          <line num="57" count="0" type="stmt"/>
          <line num="61" count="0" type="stmt"/>
          <line num="65" count="0" type="stmt"/>
          <line num="66" count="0" type="stmt"/>
          <line num="67" count="0" type="stmt"/>
          <line num="68" count="0" type="stmt"/>
        </file>
      </package>
      <package name="src.features.quotes.containers.SuccessPage">
        <metrics statements="8" coveredstatements="2" conditionals="0" coveredconditionals="0" methods="7" coveredmethods="2"/>
        <file name="SuccessPage.js" path="/Users/georgij/Projects/kwik-cover/src/features/quotes/containers/SuccessPage/SuccessPage.js">
          <metrics statements="8" coveredstatements="2" conditionals="0" coveredconditionals="0" methods="7" coveredmethods="2"/>
          <line num="13" count="0" type="stmt"/>
          <line num="17" count="0" type="stmt"/>
          <line num="26" count="0" type="stmt"/>
          <line num="27" count="0" type="stmt"/>
          <line num="33" count="0" type="stmt"/>
          <line num="48" count="1" type="stmt"/>
          <line num="52" count="1" type="stmt"/>
          <line num="53" count="0" type="stmt"/>
        </file>
      </package>
      <package name="src.features.survey">
        <metrics statements="33" coveredstatements="0" conditionals="37" coveredconditionals="0" methods="15" coveredmethods="0"/>
        <file name="actions.js" path="/Users/georgij/Projects/kwik-cover/src/features/survey/actions.js">
          <metrics statements="6" coveredstatements="0" conditionals="8" coveredconditionals="0" methods="6" coveredmethods="0"/>
          <line num="1" count="0" type="cond" truecount="0" falsecount="8"/>
          <line num="3" count="0" type="stmt"/>
          <line num="8" count="0" type="stmt"/>
          <line num="16" count="0" type="stmt"/>
          <line num="21" count="0" type="stmt"/>
          <line num="25" count="0" type="stmt"/>
        </file>
        <file name="constants.js" path="/Users/georgij/Projects/kwik-cover/src/features/survey/constants.js">
          <metrics statements="6" coveredstatements="0" conditionals="0" coveredconditionals="0" methods="0" coveredmethods="0"/>
          <line num="1" count="0" type="stmt"/>
          <line num="2" count="0" type="stmt"/>
          <line num="3" count="0" type="stmt"/>
          <line num="4" count="0" type="stmt"/>
          <line num="5" count="0" type="stmt"/>
          <line num="7" count="0" type="stmt"/>
        </file>
        <file name="reducer.js" path="/Users/georgij/Projects/kwik-cover/src/features/survey/reducer.js">
          <metrics statements="9" coveredstatements="0" conditionals="13" coveredconditionals="0" methods="2" coveredmethods="0"/>
          <line num="1" count="0" type="cond" truecount="0" falsecount="8"/>
          <line num="3" count="0" type="stmt"/>
          <line num="12" count="0" type="cond" truecount="0" falsecount="1"/>
          <line num="14" count="0" type="cond" truecount="0" falsecount="4"/>
          <line num="17" count="0" type="stmt"/>
          <line num="22" count="0" type="stmt"/>
          <line num="31" count="0" type="stmt"/>
          <line num="36" count="0" type="stmt"/>
          <line num="39" count="0" type="stmt"/>
        </file>
        <file name="sagas.js" path="/Users/georgij/Projects/kwik-cover/src/features/survey/sagas.js">
          <metrics statements="12" coveredstatements="0" conditionals="16" coveredconditionals="0" methods="7" coveredmethods="0"/>
          <line num="1" count="0" type="stmt"/>
          <line num="7" count="0" type="stmt"/>
          <line num="19" count="0" type="stmt"/>
          <line num="48" count="0" type="cond" truecount="0" falsecount="14"/>
          <line num="49" count="0" type="stmt"/>
          <line num="50" count="0" type="stmt"/>
          <line num="52" count="0" type="stmt"/>
          <line num="53" count="0" type="cond" truecount="0" falsecount="2"/>
          <line num="54" count="0" type="stmt"/>
          <line num="60" count="0" type="stmt"/>
          <line num="61" count="0" type="stmt"/>
          <line num="63" count="0" type="stmt"/>
        </file>
      </package>
      <package name="src.features.survey.components.ProgressMessage">
        <metrics statements="12" coveredstatements="0" conditionals="8" coveredconditionals="0" methods="2" coveredmethods="0"/>
        <file name="ProgressMessage.js" path="/Users/georgij/Projects/kwik-cover/src/features/survey/components/ProgressMessage/ProgressMessage.js">
          <metrics statements="12" coveredstatements="0" conditionals="8" coveredconditionals="0" methods="2" coveredmethods="0"/>
          <line num="1" count="0" type="stmt"/>
          <line num="8" count="0" type="cond" truecount="0" falsecount="4"/>
          <line num="9" count="0" type="stmt"/>
          <line num="10" count="0" type="stmt"/>
          <line num="11" count="0" type="stmt"/>
          <line num="16" count="0" type="cond" truecount="0" falsecount="2"/>
          <line num="17" count="0" type="stmt"/>
          <line num="20" count="0" type="cond" truecount="0" falsecount="2"/>
          <line num="21" count="0" type="stmt"/>
          <line num="23" count="0" type="stmt"/>
          <line num="26" count="0" type="stmt"/>
          <line num="42" count="0" type="stmt"/>
        </file>
      </package>
      <package name="src.features.survey.components.SurveyCheckbox">
        <metrics statements="11" coveredstatements="0" conditionals="8" coveredconditionals="0" methods="4" coveredmethods="0"/>
        <file name="SurveyCheckbox.js" path="/Users/georgij/Projects/kwik-cover/src/features/survey/components/SurveyCheckbox/SurveyCheckbox.js">
          <metrics statements="11" coveredstatements="0" conditionals="8" coveredconditionals="0" methods="4" coveredmethods="0"/>
          <line num="1" count="0" type="stmt"/>
          <line num="8" count="0" type="cond" truecount="0" falsecount="4"/>
          <line num="9" count="0" type="stmt"/>
          <line num="12" count="0" type="stmt"/>
          <line num="13" count="0" type="stmt"/>
          <line num="18" count="0" type="stmt"/>
          <line num="20" count="0" type="cond" truecount="0" falsecount="2"/>
          <line num="21" count="0" type="stmt"/>
          <line num="23" count="0" type="stmt"/>
          <line num="26" count="0" type="stmt"/>
          <line num="40" count="0" type="stmt"/>
        </file>
      </package>
      <package name="src.features.survey.components.SurveyDropdown">
        <metrics statements="5" coveredstatements="0" conditionals="4" coveredconditionals="0" methods="3" coveredmethods="0"/>
        <file name="SurveyDropdown.js" path="/Users/georgij/Projects/kwik-cover/src/features/survey/components/SurveyDropdown/SurveyDropdown.js">
          <metrics statements="5" coveredstatements="0" conditionals="4" coveredconditionals="0" methods="3" coveredmethods="0"/>
          <line num="1" count="0" type="stmt"/>
          <line num="8" count="0" type="cond" truecount="0" falsecount="4"/>
          <line num="9" count="0" type="stmt"/>
          <line num="11" count="0" type="stmt"/>
          <line num="18" count="0" type="stmt"/>
        </file>
      </package>
      <package name="src.features.survey.components.SurveyFinishedMessage">
        <metrics statements="4" coveredstatements="0" conditionals="4" coveredconditionals="0" methods="2" coveredmethods="0"/>
        <file name="SurveyFinishedMessage.js" path="/Users/georgij/Projects/kwik-cover/src/features/survey/components/SurveyFinishedMessage/SurveyFinishedMessage.js">
          <metrics statements="4" coveredstatements="0" conditionals="4" coveredconditionals="0" methods="2" coveredmethods="0"/>
          <line num="1" count="0" type="stmt"/>
          <line num="7" count="0" type="cond" truecount="0" falsecount="4"/>
          <line num="8" count="0" type="stmt"/>
          <line num="26" count="0" type="stmt"/>
        </file>
      </package>
      <package name="src.features.survey.components.SurveyForm">
        <metrics statements="34" coveredstatements="0" conditionals="14" coveredconditionals="0" methods="11" coveredmethods="0"/>
        <file name="SurveyForm.js" path="/Users/georgij/Projects/kwik-cover/src/features/survey/components/SurveyForm/SurveyForm.js">
[...]
          <line num="2" count="0" type="cond" truecount="0" falsecount="2"/>
        </file>
      </package>
      <package name="src.features.ui">
        <metrics statements="11" coveredstatements="11" conditionals="5" coveredconditionals="4" methods="3" coveredmethods="3"/>
        <file name="actions.js" path="/Users/georgij/Projects/kwik-cover/src/features/ui/actions.js">
          <metrics statements="2" coveredstatements="2" conditionals="1" coveredconditionals="1" methods="2" coveredmethods="2"/>
          <line num="3" count="5" type="cond" truecount="1" falsecount="0"/>
          <line num="9" count="5" type="stmt"/>
        </file>
        <file name="constants.js" path="/Users/georgij/Projects/kwik-cover/src/features/ui/constants.js">
          <metrics statements="3" coveredstatements="3" conditionals="0" coveredconditionals="0" methods="0" coveredmethods="0"/>
          <line num="1" count="6" type="stmt"/>
          <line num="2" count="6" type="stmt"/>
          <line num="4" count="6" type="stmt"/>
        </file>
        <file name="reducer.js" path="/Users/georgij/Projects/kwik-cover/src/features/ui/reducer.js">
          <metrics statements="6" coveredstatements="6" conditionals="4" coveredconditionals="3" methods="1" coveredmethods="1"/>
          <line num="3" count="1" type="stmt"/>
          <line num="9" count="1" type="cond" truecount="0" falsecount="1"/>
          <line num="11" count="3" type="cond" truecount="3" falsecount="0"/>
          <line num="14" count="1" type="stmt"/>
          <line num="21" count="1" type="stmt"/>
          <line num="28" count="1" type="stmt"/>
        </file>
      </package>
      <package name="src.features.ui.components.ScrollToTop">
        <metrics statements="6" coveredstatements="0" conditionals="6" coveredconditionals="0" methods="3" coveredmethods="0"/>
        <file name="ScrollToTop.js" path="/Users/georgij/Projects/kwik-cover/src/features/ui/components/ScrollToTop/ScrollToTop.js">
          <metrics statements="6" coveredstatements="0" conditionals="6" coveredconditionals="0" methods="3" coveredmethods="0"/>
          <line num="1" count="0" type="stmt"/>
          <line num="2" count="0" type="cond" truecount="0" falsecount="4"/>
          <line num="6" count="0" type="cond" truecount="0" falsecount="2"/>
          <line num="7" count="0" type="stmt"/>
          <line num="12" count="0" type="stmt"/>
          <line num="13" count="0" type="stmt"/>
        </file>
      </package>
      <package name="src.features.ui.containers.AccountInsuredMessage">
        <metrics statements="5" coveredstatements="4" conditionals="0" coveredconditionals="0" methods="4" coveredmethods="3"/>
        <file name="AccountInsuredMessage.js" path="/Users/georgij/Projects/kwik-cover/src/features/ui/containers/AccountInsuredMessage/AccountInsuredMessage.js">
          <metrics statements="5" coveredstatements="4" conditionals="0" coveredconditionals="0" methods="4" coveredmethods="3"/>
          <line num="10" count="1" type="stmt"/>
          <line num="12" count="1" type="stmt"/>
          <line num="23" count="2" type="stmt"/>
          <line num="24" count="2" type="stmt"/>
          <line num="25" count="0" type="stmt"/>
        </file>
      </package>
      <package name="src.features.ui.containers.GlobalMessageContainer">
        <metrics statements="5" coveredstatements="5" conditionals="0" coveredconditionals="0" methods="2" coveredmethods="2"/>
        <file name="GlobalMessageContainer.js" path="/Users/georgij/Projects/kwik-cover/src/features/ui/containers/GlobalMessageContainer/GlobalMessageContainer.js">
          <metrics statements="5" coveredstatements="5" conditionals="0" coveredconditionals="0" methods="2" coveredmethods="2"/>
          <line num="7" count="1" type="stmt"/>
          <line num="14" count="1" type="stmt"/>
          <line num="16" count="1" type="stmt"/>
          <line num="18" count="1" type="stmt"/>
          <line num="23" count="2" type="stmt"/>
        </file>
      </package>
      <package name="src.features.ui.containers.VerifyAccountMessage">
        <metrics statements="5" coveredstatements="4" conditionals="0" coveredconditionals="0" methods="4" coveredmethods="3"/>
        <file name="VerifyAccountMessage.js" path="/Users/georgij/Projects/kwik-cover/src/features/ui/containers/VerifyAccountMessage/VerifyAccountMessage.js">
          <metrics statements="5" coveredstatements="4" conditionals="0" coveredconditionals="0" methods="4" coveredmethods="3"/>
          <line num="10" count="1" type="stmt"/>
          <line num="12" count="1" type="stmt"/>
          <line num="23" count="2" type="stmt"/>
          <line num="24" count="2" type="stmt"/>
          <line num="25" count="0" type="stmt"/>
        </file>
      </package>
      <package name="src.helpers">
        <metrics statements="14" coveredstatements="7" conditionals="5" coveredconditionals="0" methods="4" coveredmethods="3"/>
        <file name="isValidEmail.js" path="/Users/georgij/Projects/kwik-cover/src/helpers/isValidEmail.js">
          <metrics statements="3" coveredstatements="3" conditionals="0" coveredconditionals="0" methods="1" coveredmethods="1"/>
          <line num="1" count="1" type="stmt"/>
          <line num="3" count="3" type="stmt"/>
          <line num="4" count="3" type="stmt"/>
        </file>
        <file name="roundTo.js" path="/Users/georgij/Projects/kwik-cover/src/helpers/roundTo.js">
          <metrics statements="4" coveredstatements="4" conditionals="0" coveredconditionals="0" methods="2" coveredmethods="2"/>
          <line num="1" count="4" type="stmt"/>
          <line num="2" count="2" type="stmt"/>
          <line num="5" count="4" type="stmt"/>
          <line num="6" count="1" type="stmt"/>
        </file>
        <file name="url.js" path="/Users/georgij/Projects/kwik-cover/src/helpers/url.js">
          <metrics statements="7" coveredstatements="0" conditionals="5" coveredconditionals="0" methods="1" coveredmethods="0"/>
          <line num="1" count="0" type="cond" truecount="0" falsecount="1"/>
          <line num="2" count="0" type="stmt"/>
          <line num="4" count="0" type="stmt"/>
          <line num="5" count="0" type="stmt"/>
          <line num="7" count="0" type="cond" truecount="0" falsecount="2"/>
          <line num="8" count="0" type="cond" truecount="0" falsecount="2"/>
          <line num="10" count="0" type="stmt"/>
        </file>
      </package>
      <package name="src.libs">
        <metrics statements="184" coveredstatements="9" conditionals="84" coveredconditionals="0" methods="53" coveredmethods="0"/>
        <file name="awsLib.js" path="/Users/georgij/Projects/kwik-cover/src/libs/awsLib.js">
          <metrics statements="86" coveredstatements="7" conditionals="43" coveredconditionals="0" methods="37" coveredmethods="0"/>
          <line num="12" count="1" type="stmt"/>
          <line num="13" count="1" type="stmt"/>
          <line num="14" count="1" type="stmt"/>
          <line num="15" count="1" type="stmt"/>
          <line num="16" count="1" type="stmt"/>
          <line num="17" count="1" type="stmt"/>
          <line num="18" count="1" type="stmt"/>
          <line num="27" count="0" type="cond" truecount="0" falsecount="2"/>
          <line num="30" count="0" type="stmt"/>
          <line num="31" count="0" type="stmt"/>
          <line num="32" count="0" type="stmt"/>
          <line num="34" count="0" type="cond" truecount="0" falsecount="2"/>
          <line num="35" count="0" type="stmt"/>
          <line num="38" count="0" type="cond" truecount="0" falsecount="2"/>
          <line num="39" count="0" type="stmt"/>
          <line num="42" count="0" type="stmt"/>
          <line num="43" count="0" type="stmt"/>
          <line num="51" count="0" type="cond" truecount="0" falsecount="2"/>
          <line num="52" count="0" type="stmt"/>
          <line num="55" count="0" type="cond" truecount="0" falsecount="2"/>
          <line num="56" count="0" type="stmt"/>
          <line num="58" count="0" type="stmt"/>
          <line num="59" count="0" type="cond" truecount="0" falsecount="2"/>
          <line num="60" count="0" type="stmt"/>
          <line num="62" count="0" type="stmt"/>
          <line num="73" count="0" type="stmt"/>
          <line num="81" count="0" type="stmt"/>
          <line num="85" count="0" type="cond" truecount="0" falsecount="2"/>
          <line num="90" count="0" type="cond" truecount="0" falsecount="2"/>
          <line num="94" count="0" type="stmt"/>
          <line num="97" count="0" type="stmt"/>
          <line num="98" count="0" type="cond" truecount="0" falsecount="2"/>
          <line num="100" count="0" type="cond" truecount="0" falsecount="2"/>
          <line num="101" count="0" type="stmt"/>
          <line num="102" count="0" type="stmt"/>
          <line num="103" count="0" type="stmt"/>
          <line num="105" count="0" type="stmt"/>
          <line num="106" count="0" type="stmt"/>
          <line num="111" count="0" type="cond" truecount="0" falsecount="2"/>
          <line num="116" count="0" type="stmt"/>
          <line num="117" count="0" type="stmt"/>
          <line num="121" count="0" type="stmt"/>
          <line num="122" count="0" type="stmt"/>
          <line num="123" count="0" type="stmt"/>
          <line num="124" count="0" type="stmt"/>
          <line num="130" count="0" type="stmt"/>
          <line num="132" count="0" type="stmt"/>
          <line num="133" count="0" type="stmt"/>
          <line num="134" count="0" type="stmt"/>
          <line num="135" count="0" type="stmt"/>
          <line num="141" count="0" type="stmt"/>
          <line num="142" count="0" type="stmt"/>
          <line num="143" count="0" type="stmt"/>
          <line num="153" count="0" type="stmt"/>
          <line num="154" count="0" type="stmt"/>
          <line num="156" count="0" type="stmt"/>
          <line num="157" count="0" type="stmt"/>
          <line num="158" count="0" type="stmt"/>
          <line num="161" count="0" type="stmt"/>
          <line num="164" count="0" type="stmt"/>
          <line num="165" count="0" type="stmt"/>
          <line num="167" count="0" type="stmt"/>
          <line num="172" count="0" type="stmt"/>
          <line num="173" count="0" type="cond" truecount="0" falsecount="2"/>
          <line num="174" count="0" type="cond" truecount="0" falsecount="2"/>
          <line num="178" count="0" type="stmt"/>
          <line num="179" count="0" type="stmt"/>
          <line num="184" count="0" type="cond" truecount="0" falsecount="2"/>
          <line num="189" count="0" type="stmt"/>
          <line num="190" count="0" type="stmt"/>
          <line num="193" count="0" type="cond" truecount="0" falsecount="2"/>
          <line num="198" count="0" type="stmt"/>
          <line num="200" count="0" type="stmt"/>
          <line num="201" count="0" type="stmt"/>
          <line num="204" count="0" type="stmt"/>
          <line num="208" count="0" type="stmt"/>
          <line num="209" count="0" type="stmt"/>
          <line num="213" count="0" type="stmt"/>
          <line num="216" count="0" type="stmt"/>
          <line num="218" count="0" type="stmt"/>
          <line num="223" count="0" type="stmt"/>
          <line num="227" count="0" type="stmt"/>
          <line num="234" count="0" type="stmt"/>
          <line num="235" count="0" type="stmt"/>
          <line num="236" count="0" type="cond" truecount="0" falsecount="2"/>
          <line num="237" count="0" type="stmt"/>
        </file>
        <file name="requestSigner.js" path="/Users/georgij/Projects/kwik-cover/src/libs/requestSigner.js">
          <metrics statements="98" coveredstatements="2" conditionals="41" coveredconditionals="0" methods="16" coveredmethods="0"/>
          <line num="20" count="1" type="stmt"/>
          <line num="21" count="1" type="stmt"/>
          <line num="22" count="0" type="stmt"/>
          <line num="23" count="0" type="stmt"/>
          <line num="24" count="0" type="stmt"/>
          <line num="25" count="0" type="stmt"/>
          <line num="26" count="0" type="stmt"/>
          <line num="27" count="0" type="stmt"/>
          <line num="28" count="0" type="stmt"/>
          <line num="31" count="0" type="stmt"/>
          <line num="35" count="0" type="stmt"/>
          <line num="39" count="0" type="stmt"/>
          <line num="43" count="0" type="stmt"/>
          <line num="59" count="0" type="stmt"/>
          <line num="63" count="0" type="stmt"/>
          <line num="67" count="0" type="cond" truecount="0" falsecount="2"/>
          <line num="68" count="0" type="stmt"/>
          <line num="71" count="0" type="stmt"/>
          <line num="72" count="0" type="stmt"/>
          <line num="73" count="0" type="cond" truecount="0" falsecount="2"/>
          <line num="74" count="0" type="stmt"/>
          <line num="77" count="0" type="stmt"/>
          <line num="79" count="0" type="stmt"/>
          <line num="80" count="0" type="stmt"/>
          <line num="81" count="0" type="stmt"/>
          <line num="87" count="0" type="stmt"/>
          <line num="91" count="0" type="stmt"/>
          <line num="92" count="0" type="stmt"/>
          <line num="93" count="0" type="stmt"/>
          <line num="94" count="0" type="cond" truecount="0" falsecount="2"/>
          <line num="95" count="0" type="stmt"/>
          <line num="98" count="0" type="stmt"/>
          <line num="100" count="0" type="stmt"/>
          <line num="101" count="0" type="stmt"/>
          <line num="104" count="0" type="stmt"/>
          <line num="108" count="0" type="stmt"/>
          <line num="109" count="0" type="stmt"/>
          <line num="110" count="0" type="cond" truecount="0" falsecount="2"/>
          <line num="111" count="0" type="stmt"/>
          <line num="114" count="0" type="stmt"/>
          <line num="116" count="0" type="stmt"/>
          <line num="124" count="0" type="stmt"/>
          <line num="136" count="0" type="stmt"/>
          <line num="142" count="0" type="stmt"/>
          <line num="152" count="0" type="stmt"/>
          <line num="161" count="0" type="stmt"/>
          <line num="174" count="0" type="stmt"/>
          <line num="175" count="0" type="cond" truecount="0" falsecount="4"/>
          <line num="176" count="0" type="stmt"/>
          <line num="178" count="0" type="stmt"/>
          <line num="179" count="0" type="stmt"/>
          <line num="180" count="0" type="stmt"/>
          <line num="181" count="0" type="cond" truecount="0" falsecount="2"/>
          <line num="182" count="0" type="cond" truecount="0" falsecount="2"/>
          <line num="183" count="0" type="stmt"/>
          <line num="185" count="0" type="stmt"/>
          <line num="188" count="0" type="stmt"/>
          <line num="189" count="0" type="stmt"/>
          <line num="190" count="0" type="stmt"/>
          <line num="192" count="0" type="stmt"/>
          <line num="193" count="0" type="stmt"/>
          <line num="195" count="0" type="stmt"/>
          <line num="196" count="0" type="stmt"/>
          <line num="197" count="0" type="stmt"/>
          <line num="198" count="0" type="stmt"/>
          <line num="199" count="0" type="stmt"/>
          <line num="203" count="0" type="cond" truecount="0" falsecount="2"/>
          <line num="204" count="0" type="stmt"/>
          <line num="208" count="0" type="cond" truecount="0" falsecount="2"/>
          <line num="209" count="0" type="stmt"/>
          <line num="212" count="0" type="stmt"/>
          <line num="214" count="0" type="cond" truecount="0" falsecount="4"/>
          <line num="215" count="0" type="stmt"/>
          <line num="217" count="0" type="stmt"/>
          <line num="222" count="0" type="cond" truecount="0" falsecount="5"/>
          <line num="223" count="0" type="stmt"/>
          <line num="226" count="0" type="stmt"/>
          <line num="230" count="0" type="stmt"/>
          <line num="231" count="0" type="stmt"/>
          <line num="232" count="0" type="stmt"/>
          <line num="234" count="0" type="stmt"/>
          <line num="241" count="0" type="stmt"/>
          <line num="242" count="0" type="stmt"/>
          <line num="247" count="0" type="stmt"/>
          <line num="252" count="0" type="stmt"/>
          <line num="258" count="0" type="stmt"/>
          <line num="259" count="0" type="stmt"/>
          <line num="265" count="0" type="cond" truecount="0" falsecount="2"/>
          <line num="269" count="0" type="stmt"/>
          <line num="271" count="0" type="stmt"/>
          <line num="273" count="0" type="stmt"/>
          <line num="274" count="0" type="stmt"/>
          <line num="275" count="0" type="cond" truecount="0" falsecount="2"/>
          <line num="276" count="0" type="stmt"/>
          <line num="280" count="0" type="cond" truecount="0" falsecount="2"/>
          <line num="281" count="0" type="stmt"/>
          <line num="284" count="0" type="stmt"/>
          <line num="290" count="0" type="stmt"/>
        </file>
      </package>
      <package name="src.routes">
        <metrics statements="34" coveredstatements="0" conditionals="26" coveredconditionals="0" methods="10" coveredmethods="0"/>
        <file name="AuthenticatedRoute.js" path="/Users/georgij/Projects/kwik-cover/src/routes/AuthenticatedRoute.js">
          <metrics statements="7" coveredstatements="0" conditionals="10" coveredconditionals="0" methods="4" coveredmethods="0"/>
          <line num="1" count="0" type="stmt"/>
          <line num="2" count="0" type="cond" truecount="0" falsecount="8"/>
          <line num="4" count="0" type="stmt"/>
          <line num="5" count="0" type="stmt"/>
          <line num="6" count="0" type="cond" truecount="0" falsecount="2"/>
          <line num="10" count="0" type="stmt"/>
          <line num="11" count="0" type="stmt"/>
        </file>
        <file name="UnauthenticatedRoute.js" path="/Users/georgij/Projects/kwik-cover/src/routes/UnauthenticatedRoute.js">
          <metrics statements="9" coveredstatements="0" conditionals="12" coveredconditionals="0" methods="4" coveredmethods="0"/>
          <line num="1" count="0" type="stmt"/>
          <line num="2" count="0" type="stmt"/>
          <line num="3" count="0" type="cond" truecount="0" falsecount="8"/>
          <line num="5" count="0" type="stmt"/>
          <line num="6" count="0" type="stmt"/>
          <line num="7" count="0" type="stmt"/>
          <line num="8" count="0" type="cond" truecount="0" falsecount="2"/>
          <line num="12" count="0" type="stmt"/>
          <line num="15" count="0" type="stmt"/>
        </file>
        <file name="index.js" path="/Users/georgij/Projects/kwik-cover/src/routes/index.js">
          <metrics statements="18" coveredstatements="0" conditionals="4" coveredconditionals="0" methods="2" coveredmethods="0"/>
          <line num="1" count="0" type="stmt"/>
          <line num="2" count="0" type="stmt"/>
          <line num="4" count="0" type="stmt"/>
          <line num="5" count="0" type="stmt"/>
          <line num="6" count="0" type="stmt"/>
          <line num="7" count="0" type="stmt"/>
          <line num="8" count="0" type="stmt"/>
          <line num="9" count="0" type="stmt"/>
          <line num="10" count="0" type="stmt"/>
          <line num="11" count="0" type="stmt"/>
          <line num="12" count="0" type="stmt"/>
          <line num="13" count="0" type="stmt"/>
          <line num="14" count="0" type="stmt"/>
          <line num="15" count="0" type="stmt"/>
          <line num="16" count="0" type="stmt"/>
          <line num="17" count="0" type="stmt"/>
          <line num="18" count="0" type="cond" truecount="0" falsecount="4"/>
          <line num="21" count="0" type="stmt"/>
        </file>
      </package>
    </metrics>
  </project>
</coverage>
