{"/Users/georgij/Projects/kwik-cover/src/App.js": {"path":"/Users/georgij/Projects/kwik-cover/src/App.js","statementMap":{"0":{"start":{"line":1,"column":13},"end":{"line":1,"column":75}},"1":{"start":{"line":1,"column":94},"end":{"line":1,"column":141}},"2":{"start":{"line":1,"column":155},"end":{"line":1,"column":171}},"3":{"start":{"line":1,"column":186},"end":{"line":1,"column":216}},"4":{"start":{"line":2,"column":18},"end":{"line":2,"column":40}},"5":{"start":{"line":3,"column":15},"end":{"line":3,"column":49}},"6":{"start":{"line":4,"column":22},"end":{"line":4,"column":49}},"7":{"start":{"line":5,"column":13},"end":{"line":5,"column":38}},"8":{"start":{"line":5,"column":53},"end":{"line":5,"column":83}},"9":{"start":{"line":6,"column":14},"end":{"line":6,"column":67}},"10":{"start":{"line":6,"column":83},"end":{"line":6,"column":114}},"11":{"start":{"line":7,"column":14},"end":{"line":7,"column":67}},"12":{"start":{"line":7,"column":83},"end":{"line":7,"column":114}},"13":{"start":{"line":8,"column":30},"end":{"line":8,"column":111}},"14":{"start":{"line":8,"column":143},"end":{"line":8,"column":190}},"15":{"start":{"line":10,"column":17},"end":{"line":10,"column":45}},"16":{"start":{"line":10,"column":59},"end":{"line":10,"column":94}},"17":{"start":{"line":10,"column":134},"end":{"line":10,"column":350}},"18":{"start":{"line":10,"column":162},"end":{"line":10,"column":173}},"19":{"start":{"line":10,"column":194},"end":{"line":10,"column":196}},"20":{"start":{"line":10,"column":197},"end":{"line":10,"column":314}},"21":{"start":{"line":10,"column":215},"end":{"line":10,"column":313}},"22":{"start":{"line":10,"column":237},"end":{"line":10,"column":312}},"23":{"start":{"line":10,"column":289},"end":{"line":10,"column":312}},"24":{"start":{"line":10,"column":314},"end":{"line":10,"column":335}},"25":{"start":{"line":10,"column":335},"end":{"line":10,"column":349}},"26":{"start":{"line":10,"column":389},"end":{"line":10,"column":443}},"27":{"start":{"line":14,"column":8},"end":{"line":14,"column":37}},"28":{"start":{"line":18,"column":70},"end":{"line":18,"column":80}},"29":{"start":{"line":19,"column":27},"end":{"line":19,"column":41}},"30":{"start":{"line":21,"column":8},"end":{"line":23,"column":9}},"31":{"start":{"line":22,"column":12},"end":{"line":22,"column":24}},"32":{"start":{"line":25,"column":8},"end":{"line":34,"column":164}},"33":{"start":{"line":37,"column":6},"end":{"line":49,"column":6}},"34":{"start":{"line":41,"column":10},"end":{"line":44,"column":49}},"35":{"start":{"line":46,"column":13},"end":{"line":47,"column":70}},"36":{"start":{"line":47,"column":27},"end":{"line":47,"column":68}}},"fnMap":{"0":{"name":"_interopRequireWildcard","decl":{"start":{"line":10,"column":104},"end":{"line":10,"column":127}},"loc":{"start":{"line":10,"column":133},"end":{"line":10,"column":351}},"line":10},"1":{"name":"_interopRequireDefault","decl":{"start":{"line":10,"column":360},"end":{"line":10,"column":382}},"loc":{"start":{"line":10,"column":388},"end":{"line":10,"column":444}},"line":10},"2":{"name":"(anonymous_2)","decl":{"start":{"line":13,"column":4},"end":{"line":13,"column":5}},"loc":{"start":{"line":13,"column":24},"end":{"line":15,"column":5}},"line":13},"3":{"name":"(anonymous_3)","decl":{"start":{"line":17,"column":4},"end":{"line":17,"column":5}},"loc":{"start":{"line":17,"column":13},"end":{"line":37,"column":5}},"line":17},"4":{"name":"(anonymous_4)","decl":{"start":{"line":41,"column":0},"end":{"line":41,"column":1}},"loc":{"start":{"line":41,"column":10},"end":{"line":44,"column":49}},"line":41},"5":{"name":"(anonymous_5)","decl":{"start":{"line":46,"column":0},"end":{"line":46,"column":1}},"loc":{"start":{"line":46,"column":13},"end":{"line":47,"column":70}},"line":46},"6":{"name":"(anonymous_6)","decl":{"start":{"line":47,"column":21},"end":{"line":47,"column":22}},"loc":{"start":{"line":47,"column":27},"end":{"line":47,"column":68}},"line":47}},"branchMap":{"0":{"loc":{"start":{"line":10,"column":134},"end":{"line":10,"column":350}},"type":"if","locations":[{"start":{"line":10,"column":134},"end":{"line":10,"column":350}},{"start":{"line":10,"column":134},"end":{"line":10,"column":350}}],"line":10},"1":{"loc":{"start":{"line":10,"column":138},"end":{"line":10,"column":159}},"type":"binary-expr","locations":[{"start":{"line":10,"column":138},"end":{"line":10,"column":141}},{"start":{"line":10,"column":145},"end":{"line":10,"column":159}}],"line":10},"2":{"loc":{"start":{"line":10,"column":197},"end":{"line":10,"column":314}},"type":"if","locations":[{"start":{"line":10,"column":197},"end":{"line":10,"column":314}},{"start":{"line":10,"column":197},"end":{"line":10,"column":314}}],"line":10},"3":{"loc":{"start":{"line":10,"column":237},"end":{"line":10,"column":312}},"type":"if","locations":[{"start":{"line":10,"column":237},"end":{"line":10,"column":312}},{"start":{"line":10,"column":237},"end":{"line":10,"column":312}}],"line":10},"4":{"loc":{"start":{"line":10,"column":396},"end":{"line":10,"column":442}},"type":"cond-expr","locations":[{"start":{"line":10,"column":420},"end":{"line":10,"column":423}},{"start":{"line":10,"column":426},"end":{"line":10,"column":442}}],"line":10},"5":{"loc":{"start":{"line":10,"column":396},"end":{"line":10,"column":417}},"type":"binary-expr","locations":[{"start":{"line":10,"column":396},"end":{"line":10,"column":399}},{"start":{"line":10,"column":403},"end":{"line":10,"column":417}}],"line":10},"6":{"loc":{"start":{"line":21,"column":8},"end":{"line":23,"column":9}},"type":"if","locations":[{"start":{"line":21,"column":8},"end":{"line":23,"column":9}},{"start":{"line":21,"column":8},"end":{"line":23,"column":9}}],"line":21},"7":{"loc":{"start":{"line":29,"column":16},"end":{"line":29,"column":171}},"type":"binary-expr","locations":[{"start":{"line":29,"column":16},"end":{"line":29,"column":32}},{"start":{"line":29,"column":36},"end":{"line":29,"column":171}}],"line":29}},"s":{"0":0,"1":0,"2":0,"3":0,"4":0,"5":0,"6":0,"7":0,"8":0,"9":0,"10":0,"11":0,"12":0,"13":0,"14":0,"15":0,"16":0,"17":0,"18":0,"19":0,"20":0,"21":0,"22":0,"23":0,"24":0,"25":0,"26":0,"27":0,"28":0,"29":0,"30":0,"31":0,"32":0,"33":0,"34":0,"35":0,"36":0},"f":{"0":0,"1":0,"2":0,"3":0,"4":0,"5":0,"6":0},"b":{"0":[0,0],"1":[0,0],"2":[0,0],"3":[0,0],"4":[0,0],"5":[0,0],"6":[0,0],"7":[0,0]}}
,"/Users/georgij/Projects/kwik-cover/src/index.js": {"path":"/Users/georgij/Projects/kwik-cover/src/index.js","statementMap":{"0":{"start":{"line":1,"column":32},"end":{"line":1,"column":81}},"1":{"start":{"line":13,"column":13},"end":{"line":13,"column":29}},"2":{"start":{"line":13,"column":44},"end":{"line":13,"column":74}},"3":{"start":{"line":13,"column":91},"end":{"line":13,"column":111}},"4":{"start":{"line":13,"column":129},"end":{"line":13,"column":162}},"5":{"start":{"line":13,"column":181},"end":{"line":13,"column":203}},"6":{"start":{"line":13,"column":226},"end":{"line":13,"column":253}},"7":{"start":{"line":13,"column":273},"end":{"line":13,"column":332}},"8":{"start":{"line":13,"column":353},"end":{"line":13,"column":389}},"9":{"start":{"line":13,"column":403},"end":{"line":13,"column":421}},"10":{"start":{"line":13,"column":436},"end":{"line":13,"column":466}},"11":{"start":{"line":13,"column":496},"end":{"line":13,"column":530}},"12":{"start":{"line":13,"column":561},"end":{"line":13,"column":607}},"13":{"start":{"line":13,"column":619},"end":{"line":13,"column":635}},"14":{"start":{"line":13,"column":648},"end":{"line":13,"column":676}},"15":{"start":{"line":13,"column":677},"end":{"line":13,"column":716}},"16":{"start":{"line":14,"column":0},"end":{"line":14,"column":46}},"17":{"start":{"line":15,"column":0},"end":{"line":15,"column":53}},"18":{"start":{"line":16,"column":0},"end":{"line":16,"column":24}},"19":{"start":{"line":16,"column":62},"end":{"line":16,"column":116}},"20":{"start":{"line":18,"column":0},"end":{"line":26,"column":33}},"21":{"start":{"line":29,"column":0},"end":{"line":29,"column":39}}},"fnMap":{"0":{"name":"_interopRequireDefault","decl":{"start":{"line":16,"column":33},"end":{"line":16,"column":55}},"loc":{"start":{"line":16,"column":61},"end":{"line":16,"column":117}},"line":16}},"branchMap":{"0":{"loc":{"start":{"line":16,"column":69},"end":{"line":16,"column":115}},"type":"cond-expr","locations":[{"start":{"line":16,"column":93},"end":{"line":16,"column":96}},{"start":{"line":16,"column":99},"end":{"line":16,"column":115}}],"line":16},"1":{"loc":{"start":{"line":16,"column":69},"end":{"line":16,"column":90}},"type":"binary-expr","locations":[{"start":{"line":16,"column":69},"end":{"line":16,"column":72}},{"start":{"line":16,"column":76},"end":{"line":16,"column":90}}],"line":16}},"s":{"0":0,"1":0,"2":0,"3":0,"4":0,"5":0,"6":0,"7":0,"8":0,"9":0,"10":0,"11":0,"12":0,"13":0,"14":0,"15":0,"16":0,"17":0,"18":0,"19":0,"20":0,"21":0},"f":{"0":0},"b":{"0":[0,0],"1":[0,0]}}
,"/Users/georgij/Projects/kwik-cover/src/registerServiceWorker.js": {"path":"/Users/georgij/Projects/kwik-cover/src/registerServiceWorker.js","statementMap":{"0":{"start":{"line":1,"column":13},"end":{"line":1,"column":75}},"1":{"start":{"line":1,"column":75},"end":{"line":21,"column":9}},"2":{"start":{"line":21,"column":9},"end":{"line":97,"column":24}},"3":{"start":{"line":104,"column":20},"end":{"line":106,"column":89}},"4":{"start":{"line":106,"column":111},"end":{"line":112,"column":44}},"5":{"start":{"line":107,"column":22},"end":{"line":107,"column":70}},"6":{"start":{"line":107,"column":71},"end":{"line":110,"column":14}},"7":{"start":{"line":110,"column":6},"end":{"line":110,"column":13}},"8":{"start":{"line":110,"column":14},"end":{"line":112,"column":43}},"9":{"start":{"line":110,"column":67},"end":{"line":110,"column":112}},"10":{"start":{"line":110,"column":113},"end":{"line":112,"column":40}},"11":{"start":{"line":111,"column":8},"end":{"line":111,"column":31}},"12":{"start":{"line":112,"column":8},"end":{"line":112,"column":39}},"13":{"start":{"line":112,"column":78},"end":{"line":119,"column":156}},"14":{"start":{"line":112,"column":140},"end":{"line":119,"column":68}},"15":{"start":{"line":112,"column":201},"end":{"line":112,"column":224}},"16":{"start":{"line":112,"column":225},"end":{"line":119,"column":66}},"17":{"start":{"line":112,"column":265},"end":{"line":119,"column":64}},"18":{"start":{"line":112,"column":310},"end":{"line":119,"column":63}},"19":{"start":{"line":116,"column":12},"end":{"line":116,"column":69}},"20":{"start":{"line":119,"column":12},"end":{"line":119,"column":62}},"21":{"start":{"line":119,"column":87},"end":{"line":119,"column":153}},"22":{"start":{"line":120,"column":2},"end":{"line":123,"column":126}},"23":{"start":{"line":121,"column":4},"end":{"line":123,"column":30}},"24":{"start":{"line":122,"column":6},"end":{"line":122,"column":127}},"25":{"start":{"line":122,"column":58},"end":{"line":122,"column":124}},"26":{"start":{"line":122,"column":96},"end":{"line":122,"column":121}},"27":{"start":{"line":123,"column":6},"end":{"line":123,"column":29}},"28":{"start":{"line":123,"column":46},"end":{"line":123,"column":123}},"29":{"start":{"line":123,"column":150},"end":{"line":123,"column":267}},"30":{"start":{"line":123,"column":185},"end":{"line":123,"column":266}},"31":{"start":{"line":123,"column":237},"end":{"line":123,"column":263}}},"fnMap":{"0":{"name":"register","decl":{"start":{"line":106,"column":99},"end":{"line":106,"column":107}},"loc":{"start":{"line":106,"column":110},"end":{"line":112,"column":45}},"line":106},"1":{"name":"(anonymous_1)","decl":{"start":{"line":110,"column":46},"end":{"line":110,"column":47}},"loc":{"start":{"line":110,"column":52},"end":{"line":112,"column":41}},"line":110},"2":{"name":"registerValidSW","decl":{"start":{"line":112,"column":54},"end":{"line":112,"column":69}},"loc":{"start":{"line":112,"column":77},"end":{"line":119,"column":157}},"line":112},"3":{"name":"(anonymous_3)","decl":{"start":{"line":112,"column":123},"end":{"line":112,"column":124}},"loc":{"start":{"line":112,"column":139},"end":{"line":119,"column":69}},"line":112},"4":{"name":"(anonymous_4)","decl":{"start":{"line":112,"column":169},"end":{"line":112,"column":170}},"loc":{"start":{"line":112,"column":175},"end":{"line":119,"column":67}},"line":112},"5":{"name":"(anonymous_5)","decl":{"start":{"line":112,"column":258},"end":{"line":112,"column":259}},"loc":{"start":{"line":112,"column":264},"end":{"line":119,"column":65}},"line":112},"6":{"name":"(anonymous_6)","decl":{"start":{"line":119,"column":77},"end":{"line":119,"column":78}},"loc":{"start":{"line":119,"column":86},"end":{"line":119,"column":154}},"line":119},"7":{"name":"checkValidServiceWorker","decl":{"start":{"line":119,"column":166},"end":{"line":119,"column":189}},"loc":{"start":{"line":119,"column":197},"end":{"line":123,"column":127}},"line":119},"8":{"name":"(anonymous_8)","decl":{"start":{"line":120,"column":20},"end":{"line":120,"column":21}},"loc":{"start":{"line":120,"column":32},"end":{"line":123,"column":31}},"line":120},"9":{"name":"(anonymous_9)","decl":{"start":{"line":122,"column":41},"end":{"line":122,"column":42}},"loc":{"start":{"line":122,"column":57},"end":{"line":122,"column":125}},"line":122},"10":{"name":"(anonymous_10)","decl":{"start":{"line":122,"column":89},"end":{"line":122,"column":90}},"loc":{"start":{"line":122,"column":95},"end":{"line":122,"column":122}},"line":122},"11":{"name":"(anonymous_11)","decl":{"start":{"line":123,"column":39},"end":{"line":123,"column":40}},"loc":{"start":{"line":123,"column":45},"end":{"line":123,"column":124}},"line":123},"12":{"name":"unregister","decl":{"start":{"line":123,"column":136},"end":{"line":123,"column":146}},"loc":{"start":{"line":123,"column":149},"end":{"line":123,"column":268}},"line":123},"13":{"name":"(anonymous_13)","decl":{"start":{"line":123,"column":220},"end":{"line":123,"column":221}},"loc":{"start":{"line":123,"column":236},"end":{"line":123,"column":264}},"line":123}},"branchMap":{"0":{"loc":{"start":{"line":104,"column":28},"end":{"line":106,"column":88}},"type":"binary-expr","locations":[{"start":{"line":104,"column":28},"end":{"line":104,"column":68}},{"start":{"line":105,"column":0},"end":{"line":105,"column":36}},{"start":{"line":106,"column":0},"end":{"line":106,"column":88}}],"line":104},"1":{"loc":{"start":{"line":106,"column":111},"end":{"line":112,"column":44}},"type":"if","locations":[{"start":{"line":106,"column":111},"end":{"line":112,"column":44}},{"start":{"line":106,"column":111},"end":{"line":112,"column":44}}],"line":106},"2":{"loc":{"start":{"line":106,"column":115},"end":{"line":106,"column":184}},"type":"binary-expr","locations":[{"start":{"line":106,"column":115},"end":{"line":106,"column":152}},{"start":{"line":106,"column":156},"end":{"line":106,"column":184}}],"line":106},"3":{"loc":{"start":{"line":107,"column":71},"end":{"line":110,"column":14}},"type":"if","locations":[{"start":{"line":107,"column":71},"end":{"line":110,"column":14}},{"start":{"line":107,"column":71},"end":{"line":110,"column":14}}],"line":107},"4":{"loc":{"start":{"line":110,"column":113},"end":{"line":112,"column":40}},"type":"if","locations":[{"start":{"line":110,"column":113},"end":{"line":112,"column":40}},{"start":{"line":110,"column":113},"end":{"line":112,"column":40}}],"line":110},"5":{"loc":{"start":{"line":112,"column":265},"end":{"line":119,"column":64}},"type":"if","locations":[{"start":{"line":112,"column":265},"end":{"line":119,"column":64}},{"start":{"line":112,"column":265},"end":{"line":119,"column":64}}],"line":112},"6":{"loc":{"start":{"line":112,"column":310},"end":{"line":119,"column":63}},"type":"if","locations":[{"start":{"line":112,"column":310},"end":{"line":119,"column":63}},{"start":{"line":112,"column":310},"end":{"line":119,"column":63}}],"line":112},"7":{"loc":{"start":{"line":121,"column":4},"end":{"line":123,"column":30}},"type":"if","locations":[{"start":{"line":121,"column":4},"end":{"line":123,"column":30}},{"start":{"line":121,"column":4},"end":{"line":123,"column":30}}],"line":121},"8":{"loc":{"start":{"line":121,"column":8},"end":{"line":121,"column":100}},"type":"binary-expr","locations":[{"start":{"line":121,"column":8},"end":{"line":121,"column":31}},{"start":{"line":121,"column":35},"end":{"line":121,"column":100}}],"line":121},"9":{"loc":{"start":{"line":123,"column":150},"end":{"line":123,"column":267}},"type":"if","locations":[{"start":{"line":123,"column":150},"end":{"line":123,"column":267}},{"start":{"line":123,"column":150},"end":{"line":123,"column":267}}],"line":123}},"s":{"0":0,"1":0,"2":0,"3":0,"4":0,"5":0,"6":0,"7":0,"8":0,"9":0,"10":0,"11":0,"12":0,"13":0,"14":0,"15":0,"16":0,"17":0,"18":0,"19":0,"20":0,"21":0,"22":0,"23":0,"24":0,"25":0,"26":0,"27":0,"28":0,"29":0,"30":0,"31":0},"f":{"0":0,"1":0,"2":0,"3":0,"4":0,"5":0,"6":0,"7":0,"8":0,"9":0,"10":0,"11":0,"12":0,"13":0},"b":{"0":[0,0,0],"1":[0,0],"2":[0,0],"3":[0,0],"4":[0,0],"5":[0,0],"6":[0,0],"7":[0,0],"8":[0,0],"9":[0,0]}}
,"/Users/georgij/Projects/kwik-cover/src/store.js": {"path":"/Users/georgij/Projects/kwik-cover/src/store.js","statementMap":{"0":{"start":{"line":1,"column":13},"end":{"line":1,"column":75}},"1":{"start":{"line":1,"column":88},"end":{"line":1,"column":104}},"2":{"start":{"line":2,"column":15},"end":{"line":2,"column":44}},"3":{"start":{"line":3,"column":17},"end":{"line":3,"column":38}},"4":{"start":{"line":3,"column":57},"end":{"line":3,"column":91}},"5":{"start":{"line":5,"column":15},"end":{"line":5,"column":49}},"6":{"start":{"line":5,"column":66},"end":{"line":5,"column":98}},"7":{"start":{"line":6,"column":16},"end":{"line":6,"column":48}},"8":{"start":{"line":6,"column":65},"end":{"line":6,"column":98}},"9":{"start":{"line":7,"column":16},"end":{"line":7,"column":52}},"10":{"start":{"line":7,"column":69},"end":{"line":7,"column":102}},"11":{"start":{"line":8,"column":16},"end":{"line":8,"column":52}},"12":{"start":{"line":8,"column":69},"end":{"line":8,"column":102}},"13":{"start":{"line":9,"column":16},"end":{"line":9,"column":53}},"14":{"start":{"line":9,"column":71},"end":{"line":9,"column":104}},"15":{"start":{"line":10,"column":17},"end":{"line":10,"column":54}},"16":{"start":{"line":10,"column":72},"end":{"line":10,"column":106}},"17":{"start":{"line":11,"column":13},"end":{"line":11,"column":45}},"18":{"start":{"line":11,"column":60},"end":{"line":11,"column":90}},"19":{"start":{"line":12,"column":14},"end":{"line":12,"column":57}},"20":{"start":{"line":12,"column":72},"end":{"line":12,"column":103}},"21":{"start":{"line":13,"column":14},"end":{"line":13,"column":48}},"22":{"start":{"line":13,"column":63},"end":{"line":13,"column":94}},"23":{"start":{"line":14,"column":14},"end":{"line":14,"column":48}},"24":{"start":{"line":14,"column":63},"end":{"line":14,"column":94}},"25":{"start":{"line":15,"column":14},"end":{"line":15,"column":49}},"26":{"start":{"line":15,"column":65},"end":{"line":15,"column":96}},"27":{"start":{"line":16,"column":15},"end":{"line":16,"column":50}},"28":{"start":{"line":16,"column":66},"end":{"line":16,"column":98}},"29":{"start":{"line":17,"column":17},"end":{"line":17,"column":38}},"30":{"start":{"line":17,"column":77},"end":{"line":17,"column":131}},"31":{"start":{"line":18,"column":23},"end":{"line":18,"column":49}},"32":{"start":{"line":20,"column":19},"end":{"line":20,"column":21}},"33":{"start":{"line":22,"column":25},"end":{"line":22,"column":86}},"34":{"start":{"line":24,"column":14},"end":{"line":36,"column":45}},"35":{"start":{"line":41,"column":4},"end":{"line":42,"column":43}},"36":{"start":{"line":44,"column":0},"end":{"line":46,"column":3}},"37":{"start":{"line":45,"column":4},"end":{"line":45,"column":16}},"38":{"start":{"line":46,"column":3},"end":{"line":48,"column":6}}},"fnMap":{"0":{"name":"_interopRequireDefault","decl":{"start":{"line":17,"column":48},"end":{"line":17,"column":70}},"loc":{"start":{"line":17,"column":76},"end":{"line":17,"column":132}},"line":17},"1":{"name":"sagas","decl":{"start":{"line":40,"column":10},"end":{"line":40,"column":15}},"loc":{"start":{"line":40,"column":18},"end":{"line":43,"column":1}},"line":40},"2":{"name":"(anonymous_2)","decl":{"start":{"line":44,"column":37},"end":{"line":44,"column":38}},"loc":{"start":{"line":44,"column":46},"end":{"line":46,"column":1}},"line":44}},"branchMap":{"0":{"loc":{"start":{"line":17,"column":84},"end":{"line":17,"column":130}},"type":"cond-expr","locations":[{"start":{"line":17,"column":108},"end":{"line":17,"column":111}},{"start":{"line":17,"column":114},"end":{"line":17,"column":130}}],"line":17},"1":{"loc":{"start":{"line":17,"column":84},"end":{"line":17,"column":105}},"type":"binary-expr","locations":[{"start":{"line":17,"column":84},"end":{"line":17,"column":87}},{"start":{"line":17,"column":91},"end":{"line":17,"column":105}}],"line":17},"2":{"loc":{"start":{"line":22,"column":25},"end":{"line":22,"column":86}},"type":"binary-expr","locations":[{"start":{"line":22,"column":25},"end":{"line":22,"column":68}},{"start":{"line":22,"column":72},"end":{"line":22,"column":86}}],"line":22}},"s":{"0":0,"1":0,"2":0,"3":0,"4":0,"5":0,"6":0,"7":0,"8":0,"9":0,"10":0,"11":0,"12":0,"13":0,"14":0,"15":0,"16":0,"17":0,"18":0,"19":0,"20":0,"21":0,"22":0,"23":0,"24":0,"25":0,"26":0,"27":0,"28":0,"29":0,"30":0,"31":0,"32":0,"33":0,"34":0,"35":0,"36":0,"37":0,"38":0},"f":{"0":0,"1":0,"2":0},"b":{"0":[0,0],"1":[0,0],"2":[0,0]}}
,"/Users/georgij/Projects/kwik-cover/src/base-components/Button/Button.js": {"path":"/Users/georgij/Projects/kwik-cover/src/base-components/Button/Button.js","statementMap":{"0":{"start":{"line":8,"column":4},"end":{"line":17,"column":5}},"1":{"start":{"line":20,"column":0},"end":{"line":25,"column":2}}},"fnMap":{"0":{"name":"Button","decl":{"start":{"line":7,"column":24},"end":{"line":7,"column":30}},"loc":{"start":{"line":7,"column":79},"end":{"line":18,"column":1}},"line":7}},"branchMap":{},"s":{"0":5,"1":8},"f":{"0":5},"b":{},"_coverageSchema":"332fd63041d2c1bcb487cc26dd0d5f7d97098a6c","hash":"4c9bd12e9e5db778db2cb5cc41d4de431d0a5d07"}
,"/Users/georgij/Projects/kwik-cover/src/base-components/Card/Card.js": {"path":"/Users/georgij/Projects/kwik-cover/src/base-components/Card/Card.js","statementMap":{"0":{"start":{"line":9,"column":4},"end":{"line":13,"column":5}},"1":{"start":{"line":16,"column":0},"end":{"line":18,"column":2}}},"fnMap":{"0":{"name":"Card","decl":{"start":{"line":7,"column":24},"end":{"line":7,"column":28}},"loc":{"start":{"line":7,"column":52},"end":{"line":14,"column":1}},"line":7}},"branchMap":{},"s":{"0":0,"1":2},"f":{"0":0},"b":{},"_coverageSchema":"332fd63041d2c1bcb487cc26dd0d5f7d97098a6c","hash":"a46a7d5444aa62de69bc4a6edc94b93268c34046"}
,"/Users/georgij/Projects/kwik-cover/src/base-components/DropdownMenu/DropdownMenu.js": {"path":"/Users/georgij/Projects/kwik-cover/src/base-components/DropdownMenu/DropdownMenu.js","statementMap":{"0":{"start":{"line":10,"column":4},"end":{"line":17,"column":5}},"1":{"start":{"line":20,"column":0},"end":{"line":24,"column":2}}},"fnMap":{"0":{"name":"DropdownMenu","decl":{"start":{"line":9,"column":24},"end":{"line":9,"column":36}},"loc":{"start":{"line":9,"column":66},"end":{"line":18,"column":1}},"line":9}},"branchMap":{},"s":{"0":0,"1":1},"f":{"0":0},"b":{},"_coverageSchema":"332fd63041d2c1bcb487cc26dd0d5f7d97098a6c","hash":"59a19eb8ed62ed61ab751ca56b908f8e92d60ccf"}
,"/Users/georgij/Projects/kwik-cover/src/base-components/Message/Message.js": {"path":"/Users/georgij/Projects/kwik-cover/src/base-components/Message/Message.js","statementMap":{"0":{"start":{"line":10,"column":4},"end":{"line":25,"column":5}},"1":{"start":{"line":28,"column":0},"end":{"line":33,"column":2}}},"fnMap":{"0":{"name":"Message","decl":{"start":{"line":9,"column":24},"end":{"line":9,"column":31}},"loc":{"start":{"line":9,"column":79},"end":{"line":26,"column":1}},"line":9}},"branchMap":{"0":{"loc":{"start":{"line":18,"column":20},"end":{"line":21,"column":33}},"type":"binary-expr","locations":[{"start":{"line":18,"column":20},"end":{"line":18,"column":32}},{"start":{"line":19,"column":27},"end":{"line":21,"column":33}}],"line":18}},"s":{"0":3,"1":4},"f":{"0":3},"b":{"0":[3,0]},"_coverageSchema":"332fd63041d2c1bcb487cc26dd0d5f7d97098a6c","hash":"7c5ca53678a36fa15a39129819b0b05cfeb47f4a"}
,"/Users/georgij/Projects/kwik-cover/src/base-components/MonthlyPrice/MonthlyPrice.js": {"path":"/Users/georgij/Projects/kwik-cover/src/base-components/MonthlyPrice/MonthlyPrice.js","statementMap":{"0":{"start":{"line":9,"column":25},"end":{"line":9,"column":49}},"1":{"start":{"line":10,"column":35},"end":{"line":10,"column":66}},"2":{"start":{"line":12,"column":4},"end":{"line":18,"column":5}},"3":{"start":{"line":21,"column":0},"end":{"line":24,"column":2}}},"fnMap":{"0":{"name":"MonthlyPrice","decl":{"start":{"line":8,"column":24},"end":{"line":8,"column":36}},"loc":{"start":{"line":8,"column":76},"end":{"line":19,"column":1}},"line":8}},"branchMap":{"0":{"loc":{"start":{"line":8,"column":56},"end":{"line":8,"column":73}},"type":"default-arg","locations":[{"start":{"line":8,"column":68},"end":{"line":8,"column":73}}],"line":8},"1":{"loc":{"start":{"line":16,"column":13},"end":{"line":16,"column":79}},"type":"cond-expr","locations":[{"start":{"line":16,"column":26},"end":{"line":16,"column":72}},{"start":{"line":16,"column":75},"end":{"line":16,"column":79}}],"line":16}},"s":{"0":0,"1":0,"2":0,"3":3},"f":{"0":0},"b":{"0":[0],"1":[0,0]},"_coverageSchema":"332fd63041d2c1bcb487cc26dd0d5f7d97098a6c","hash":"f597e48059ead68190435315e0394d981f546590"}
,"/Users/georgij/Projects/kwik-cover/src/base-components/Select/Select.js": {"path":"/Users/georgij/Projects/kwik-cover/src/base-components/Select/Select.js","statementMap":{"0":{"start":{"line":9,"column":4},"end":{"line":11,"column":5}},"1":{"start":{"line":14,"column":0},"end":{"line":18,"column":2}}},"fnMap":{"0":{"name":"Select","decl":{"start":{"line":8,"column":24},"end":{"line":8,"column":30}},"loc":{"start":{"line":8,"column":60},"end":{"line":12,"column":1}},"line":8}},"branchMap":{},"s":{"0":9,"1":2},"f":{"0":9},"b":{},"_coverageSchema":"332fd63041d2c1bcb487cc26dd0d5f7d97098a6c","hash":"b964c969400ebce9b25ee03fcd0a30c043c2eb7b"}
,"/Users/georgij/Projects/kwik-cover/src/base-components/SelectMultiple/SelectMultiple.js": {"path":"/Users/georgij/Projects/kwik-cover/src/base-components/SelectMultiple/SelectMultiple.js","statementMap":{"0":{"start":{"line":1,"column":13},"end":{"line":1,"column":75}},"1":{"start":{"line":1,"column":94},"end":{"line":1,"column":183}},"2":{"start":{"line":1,"column":197},"end":{"line":1,"column":213}},"3":{"start":{"line":1,"column":228},"end":{"line":1,"column":258}},"4":{"start":{"line":2,"column":17},"end":{"line":2,"column":38}},"5":{"start":{"line":2,"column":57},"end":{"line":2,"column":91}},"6":{"start":{"line":3,"column":19},"end":{"line":3,"column":42}},"7":{"start":{"line":3,"column":63},"end":{"line":3,"column":99}},"8":{"start":{"line":4,"column":18},"end":{"line":4,"column":39}},"9":{"start":{"line":4,"column":59},"end":{"line":4,"column":94}},"10":{"start":{"line":5,"column":13},"end":{"line":5,"column":52}},"11":{"start":{"line":5,"column":67},"end":{"line":5,"column":97}},"12":{"start":{"line":6,"column":18},"end":{"line":6,"column":63}},"13":{"start":{"line":6,"column":83},"end":{"line":6,"column":118}},"14":{"start":{"line":8,"column":28},"end":{"line":8,"column":67}},"15":{"start":{"line":8,"column":81},"end":{"line":8,"column":127}},"16":{"start":{"line":8,"column":167},"end":{"line":8,"column":383}},"17":{"start":{"line":8,"column":195},"end":{"line":8,"column":206}},"18":{"start":{"line":8,"column":227},"end":{"line":8,"column":229}},"19":{"start":{"line":8,"column":230},"end":{"line":8,"column":347}},"20":{"start":{"line":8,"column":248},"end":{"line":8,"column":346}},"21":{"start":{"line":8,"column":270},"end":{"line":8,"column":345}},"22":{"start":{"line":8,"column":322},"end":{"line":8,"column":345}},"23":{"start":{"line":8,"column":347},"end":{"line":8,"column":368}},"24":{"start":{"line":8,"column":368},"end":{"line":8,"column":382}},"25":{"start":{"line":8,"column":422},"end":{"line":8,"column":476}},"26":{"start":{"line":10,"column":88},"end":{"line":27,"column":17}},"27":{"start":{"line":12,"column":12},"end":{"line":23,"column":203}},"28":{"start":{"line":17,"column":32},"end":{"line":17,"column":51}},"29":{"start":{"line":18,"column":32},"end":{"line":18,"column":52}},"30":{"start":{"line":19,"column":32},"end":{"line":19,"column":48}},"31":{"start":{"line":30,"column":52},"end":{"line":30,"column":62}},"32":{"start":{"line":32,"column":8},"end":{"line":47,"column":122}},"33":{"start":{"line":35,"column":37},"end":{"line":35,"column":88}},"34":{"start":{"line":35,"column":74},"end":{"line":35,"column":86}},"35":{"start":{"line":40,"column":30},"end":{"line":40,"column":44}},"36":{"start":{"line":46,"column":47},"end":{"line":46,"column":280}},"37":{"start":{"line":50,"column":6},"end":{"line":50,"column":39}},"38":{"start":{"line":53,"column":0},"end":{"line":58,"column":48}}},"fnMap":{"0":{"name":"_interopRequireWildcard","decl":{"start":{"line":8,"column":137},"end":{"line":8,"column":160}},"loc":{"start":{"line":8,"column":166},"end":{"line":8,"column":384}},"line":8},"1":{"name":"_interopRequireDefault","decl":{"start":{"line":8,"column":393},"end":{"line":8,"column":415}},"loc":{"start":{"line":8,"column":421},"end":{"line":8,"column":477}},"line":8},"2":{"name":"(anonymous_2)","decl":{"start":{"line":10,"column":56},"end":{"line":10,"column":57}},"loc":{"start":{"line":10,"column":77},"end":{"line":27,"column":18}},"line":10},"3":{"name":"(anonymous_3)","decl":{"start":{"line":11,"column":22},"end":{"line":11,"column":23}},"loc":{"start":{"line":11,"column":51},"end":{"line":27,"column":9}},"line":11},"4":{"name":"(anonymous_4)","decl":{"start":{"line":16,"column":41},"end":{"line":16,"column":42}},"loc":{"start":{"line":16,"column":46},"end":{"line":20,"column":29}},"line":16},"5":{"name":"(anonymous_5)","decl":{"start":{"line":29,"column":4},"end":{"line":29,"column":5}},"loc":{"start":{"line":29,"column":13},"end":{"line":50,"column":5}},"line":29},"6":{"name":"(anonymous_6)","decl":{"start":{"line":35,"column":26},"end":{"line":35,"column":27}},"loc":{"start":{"line":35,"column":37},"end":{"line":35,"column":88}},"line":35},"7":{"name":"(anonymous_7)","decl":{"start":{"line":35,"column":64},"end":{"line":35,"column":65}},"loc":{"start":{"line":35,"column":74},"end":{"line":35,"column":86}},"line":35},"8":{"name":"(anonymous_8)","decl":{"start":{"line":40,"column":24},"end":{"line":40,"column":25}},"loc":{"start":{"line":40,"column":30},"end":{"line":40,"column":44}},"line":40},"9":{"name":"(anonymous_9)","decl":{"start":{"line":46,"column":31},"end":{"line":46,"column":32}},"loc":{"start":{"line":46,"column":47},"end":{"line":46,"column":280}},"line":46}},"branchMap":{"0":{"loc":{"start":{"line":8,"column":167},"end":{"line":8,"column":383}},"type":"if","locations":[{"start":{"line":8,"column":167},"end":{"line":8,"column":383}},{"start":{"line":8,"column":167},"end":{"line":8,"column":383}}],"line":8},"1":{"loc":{"start":{"line":8,"column":171},"end":{"line":8,"column":192}},"type":"binary-expr","locations":[{"start":{"line":8,"column":171},"end":{"line":8,"column":174}},{"start":{"line":8,"column":178},"end":{"line":8,"column":192}}],"line":8},"2":{"loc":{"start":{"line":8,"column":230},"end":{"line":8,"column":347}},"type":"if","locations":[{"start":{"line":8,"column":230},"end":{"line":8,"column":347}},{"start":{"line":8,"column":230},"end":{"line":8,"column":347}}],"line":8},"3":{"loc":{"start":{"line":8,"column":270},"end":{"line":8,"column":345}},"type":"if","locations":[{"start":{"line":8,"column":270},"end":{"line":8,"column":345}},{"start":{"line":8,"column":270},"end":{"line":8,"column":345}}],"line":8},"4":{"loc":{"start":{"line":8,"column":429},"end":{"line":8,"column":475}},"type":"cond-expr","locations":[{"start":{"line":8,"column":453},"end":{"line":8,"column":456}},{"start":{"line":8,"column":459},"end":{"line":8,"column":475}}],"line":8},"5":{"loc":{"start":{"line":8,"column":429},"end":{"line":8,"column":450}},"type":"binary-expr","locations":[{"start":{"line":8,"column":429},"end":{"line":8,"column":432}},{"start":{"line":8,"column":436},"end":{"line":8,"column":450}}],"line":8}},"s":{"0":0,"1":0,"2":0,"3":0,"4":0,"5":0,"6":0,"7":0,"8":0,"9":0,"10":0,"11":0,"12":0,"13":0,"14":0,"15":0,"16":0,"17":0,"18":0,"19":0,"20":0,"21":0,"22":0,"23":0,"24":0,"25":0,"26":0,"27":0,"28":0,"29":0,"30":0,"31":0,"32":0,"33":0,"34":0,"35":0,"36":0,"37":0,"38":0},"f":{"0":0,"1":0,"2":0,"3":0,"4":0,"5":0,"6":0,"7":0,"8":0,"9":0},"b":{"0":[0,0],"1":[0,0],"2":[0,0],"3":[0,0],"4":[0,0],"5":[0,0]}}
,"/Users/georgij/Projects/kwik-cover/src/base-components/Table/Table.js": {"path":"/Users/georgij/Projects/kwik-cover/src/base-components/Table/Table.js","statementMap":{"0":{"start":{"line":8,"column":4},"end":{"line":23,"column":5}},"1":{"start":{"line":12,"column":50},"end":{"line":12,"column":109}},"2":{"start":{"line":17,"column":20},"end":{"line":19,"column":25}},"3":{"start":{"line":18,"column":54},"end":{"line":18,"column":114}},"4":{"start":{"line":26,"column":0},"end":{"line":30,"column":2}}},"fnMap":{"0":{"name":"Table","decl":{"start":{"line":7,"column":24},"end":{"line":7,"column":29}},"loc":{"start":{"line":7,"column":72},"end":{"line":24,"column":1}},"line":7},"1":{"name":"(anonymous_1)","decl":{"start":{"line":12,"column":32},"end":{"line":12,"column":33}},"loc":{"start":{"line":12,"column":50},"end":{"line":12,"column":109}},"line":12},"2":{"name":"(anonymous_2)","decl":{"start":{"line":16,"column":26},"end":{"line":16,"column":27}},"loc":{"start":{"line":17,"column":20},"end":{"line":19,"column":25}},"line":17},"3":{"name":"(anonymous_3)","decl":{"start":{"line":18,"column":33},"end":{"line":18,"column":34}},"loc":{"start":{"line":18,"column":54},"end":{"line":18,"column":114}},"line":18}},"branchMap":{},"s":{"0":1,"1":0,"2":0,"3":0,"4":3},"f":{"0":1,"1":0,"2":0,"3":0},"b":{},"_coverageSchema":"332fd63041d2c1bcb487cc26dd0d5f7d97098a6c","hash":"1b5ba0aac1bea8ddc1a7ab9c0777941c04ccfb3b"}
,"/Users/georgij/Projects/kwik-cover/src/base-components/Tabs/Tabs.js": {"path":"/Users/georgij/Projects/kwik-cover/src/base-components/Tabs/Tabs.js","statementMap":{"0":{"start":{"line":1,"column":13},"end":{"line":1,"column":75}},"1":{"start":{"line":1,"column":94},"end":{"line":1,"column":163}},"2":{"start":{"line":1,"column":164},"end":{"line":8,"column":5}},"3":{"start":{"line":8,"column":18},"end":{"line":8,"column":34}},"4":{"start":{"line":8,"column":49},"end":{"line":8,"column":79}},"5":{"start":{"line":8,"column":98},"end":{"line":8,"column":119}},"6":{"start":{"line":8,"column":139},"end":{"line":8,"column":174}},"7":{"start":{"line":8,"column":192},"end":{"line":8,"column":213}},"8":{"start":{"line":8,"column":232},"end":{"line":8,"column":266}},"9":{"start":{"line":8,"column":289},"end":{"line":8,"column":316}},"10":{"start":{"line":8,"column":335},"end":{"line":8,"column":364}},"11":{"start":{"line":8,"column":384},"end":{"line":8,"column":419}},"12":{"start":{"line":8,"column":458},"end":{"line":8,"column":512}},"13":{"start":{"line":9,"column":4},"end":{"line":17,"column":26}},"14":{"start":{"line":12,"column":12},"end":{"line":17,"column":22}},"15":{"start":{"line":24,"column":0},"end":{"line":29,"column":49}}},"fnMap":{"0":{"name":"_interopRequireDefault","decl":{"start":{"line":8,"column":429},"end":{"line":8,"column":451}},"loc":{"start":{"line":8,"column":457},"end":{"line":8,"column":513}},"line":8},"1":{"name":"Tabs","decl":{"start":{"line":8,"column":522},"end":{"line":8,"column":526}},"loc":{"start":{"line":8,"column":549},"end":{"line":22,"column":1}},"line":8},"2":{"name":"(anonymous_2)","decl":{"start":{"line":11,"column":22},"end":{"line":11,"column":23}},"loc":{"start":{"line":12,"column":12},"end":{"line":17,"column":22}},"line":12}},"branchMap":{"0":{"loc":{"start":{"line":8,"column":465},"end":{"line":8,"column":511}},"type":"cond-expr","locations":[{"start":{"line":8,"column":489},"end":{"line":8,"column":492}},{"start":{"line":8,"column":495},"end":{"line":8,"column":511}}],"line":8},"1":{"loc":{"start":{"line":8,"column":465},"end":{"line":8,"column":486}},"type":"binary-expr","locations":[{"start":{"line":8,"column":465},"end":{"line":8,"column":468}},{"start":{"line":8,"column":472},"end":{"line":8,"column":486}}],"line":8}},"s":{"0":0,"1":0,"2":0,"3":0,"4":0,"5":0,"6":0,"7":0,"8":0,"9":0,"10":0,"11":0,"12":0,"13":0,"14":0,"15":0},"f":{"0":0,"1":0,"2":0},"b":{"0":[0,0],"1":[0,0]}}
,"/Users/georgij/Projects/kwik-cover/src/base-components/ValidatedInput/ValidatedInput.js": {"path":"/Users/georgij/Projects/kwik-cover/src/base-components/ValidatedInput/ValidatedInput.js","statementMap":{"0":{"start":{"line":8,"column":4},"end":{"line":13,"column":5}},"1":{"start":{"line":16,"column":0},"end":{"line":20,"column":2}}},"fnMap":{"0":{"name":"ValidatedInput","decl":{"start":{"line":7,"column":24},"end":{"line":7,"column":38}},"loc":{"start":{"line":7,"column":79},"end":{"line":14,"column":1}},"line":7}},"branchMap":{},"s":{"0":9,"1":2},"f":{"0":9},"b":{},"_coverageSchema":"332fd63041d2c1bcb487cc26dd0d5f7d97098a6c","hash":"e0e743cd625e598577f2a43c0b56007636f5dac0"}
,"/Users/georgij/Projects/kwik-cover/src/base-components/ValidatedSelect/ValidatedSelect.js": {"path":"/Users/georgij/Projects/kwik-cover/src/base-components/ValidatedSelect/ValidatedSelect.js","statementMap":{"0":{"start":{"line":10,"column":4},"end":{"line":25,"column":5}},"1":{"start":{"line":13,"column":34},"end":{"line":13,"column":76}},"2":{"start":{"line":14,"column":26},"end":{"line":14,"column":40}},"3":{"start":{"line":23,"column":42},"end":{"line":23,"column":139}},"4":{"start":{"line":28,"column":0},"end":{"line":35,"column":2}}},"fnMap":{"0":{"name":"ValidatedSelect","decl":{"start":{"line":9,"column":24},"end":{"line":9,"column":39}},"loc":{"start":{"line":9,"column":129},"end":{"line":26,"column":1}},"line":9},"1":{"name":"(anonymous_1)","decl":{"start":{"line":13,"column":22},"end":{"line":13,"column":23}},"loc":{"start":{"line":13,"column":34},"end":{"line":13,"column":76}},"line":13},"2":{"name":"(anonymous_2)","decl":{"start":{"line":14,"column":20},"end":{"line":14,"column":21}},"loc":{"start":{"line":14,"column":26},"end":{"line":14,"column":40}},"line":14},"3":{"name":"(anonymous_3)","decl":{"start":{"line":23,"column":27},"end":{"line":23,"column":28}},"loc":{"start":{"line":23,"column":42},"end":{"line":23,"column":139}},"line":23}},"branchMap":{"0":{"loc":{"start":{"line":13,"column":34},"end":{"line":13,"column":76}},"type":"cond-expr","locations":[{"start":{"line":13,"column":43},"end":{"line":13,"column":71}},{"start":{"line":13,"column":74},"end":{"line":13,"column":76}}],"line":13}},"s":{"0":9,"1":0,"2":0,"3":9,"4":2},"f":{"0":9,"1":0,"2":0,"3":9},"b":{"0":[0,0]},"_coverageSchema":"332fd63041d2c1bcb487cc26dd0d5f7d97098a6c","hash":"f224cef7f733145082e0b835448a17fde221091d"}
,"/Users/georgij/Projects/kwik-cover/src/base-components/ValidationWrapper/ValidationWrapper.js": {"path":"/Users/georgij/Projects/kwik-cover/src/base-components/ValidationWrapper/ValidationWrapper.js","statementMap":{"0":{"start":{"line":1,"column":13},"end":{"line":1,"column":75}},"1":{"start":{"line":1,"column":94},"end":{"line":1,"column":189}},"2":{"start":{"line":1,"column":190},"end":{"line":7,"column":18}},"3":{"start":{"line":7,"column":31},"end":{"line":7,"column":47}},"4":{"start":{"line":7,"column":62},"end":{"line":7,"column":92}},"5":{"start":{"line":7,"column":110},"end":{"line":7,"column":131}},"6":{"start":{"line":7,"column":150},"end":{"line":7,"column":184}},"7":{"start":{"line":7,"column":203},"end":{"line":7,"column":224}},"8":{"start":{"line":7,"column":244},"end":{"line":7,"column":279}},"9":{"start":{"line":7,"column":311},"end":{"line":7,"column":353}},"10":{"start":{"line":7,"column":367},"end":{"line":7,"column":416}},"11":{"start":{"line":7,"column":456},"end":{"line":7,"column":672}},"12":{"start":{"line":7,"column":484},"end":{"line":7,"column":495}},"13":{"start":{"line":7,"column":516},"end":{"line":7,"column":518}},"14":{"start":{"line":7,"column":519},"end":{"line":7,"column":636}},"15":{"start":{"line":7,"column":537},"end":{"line":7,"column":635}},"16":{"start":{"line":7,"column":559},"end":{"line":7,"column":634}},"17":{"start":{"line":7,"column":611},"end":{"line":7,"column":634}},"18":{"start":{"line":7,"column":636},"end":{"line":7,"column":657}},"19":{"start":{"line":7,"column":657},"end":{"line":7,"column":671}},"20":{"start":{"line":7,"column":711},"end":{"line":7,"column":765}},"21":{"start":{"line":8,"column":141},"end":{"line":8,"column":146}},"22":{"start":{"line":10,"column":4},"end":{"line":23,"column":190}},"23":{"start":{"line":29,"column":0},"end":{"line":33,"column":46}}},"fnMap":{"0":{"name":"_interopRequireWildcard","decl":{"start":{"line":7,"column":426},"end":{"line":7,"column":449}},"loc":{"start":{"line":7,"column":455},"end":{"line":7,"column":673}},"line":7},"1":{"name":"_interopRequireDefault","decl":{"start":{"line":7,"column":682},"end":{"line":7,"column":704}},"loc":{"start":{"line":7,"column":710},"end":{"line":7,"column":766}},"line":7},"2":{"name":"ValidationWrapper","decl":{"start":{"line":7,"column":775},"end":{"line":7,"column":792}},"loc":{"start":{"line":7,"column":800},"end":{"line":27,"column":1}},"line":7}},"branchMap":{"0":{"loc":{"start":{"line":7,"column":456},"end":{"line":7,"column":672}},"type":"if","locations":[{"start":{"line":7,"column":456},"end":{"line":7,"column":672}},{"start":{"line":7,"column":456},"end":{"line":7,"column":672}}],"line":7},"1":{"loc":{"start":{"line":7,"column":460},"end":{"line":7,"column":481}},"type":"binary-expr","locations":[{"start":{"line":7,"column":460},"end":{"line":7,"column":463}},{"start":{"line":7,"column":467},"end":{"line":7,"column":481}}],"line":7},"2":{"loc":{"start":{"line":7,"column":519},"end":{"line":7,"column":636}},"type":"if","locations":[{"start":{"line":7,"column":519},"end":{"line":7,"column":636}},{"start":{"line":7,"column":519},"end":{"line":7,"column":636}}],"line":7},"3":{"loc":{"start":{"line":7,"column":559},"end":{"line":7,"column":634}},"type":"if","locations":[{"start":{"line":7,"column":559},"end":{"line":7,"column":634}},{"start":{"line":7,"column":559},"end":{"line":7,"column":634}}],"line":7},"4":{"loc":{"start":{"line":7,"column":718},"end":{"line":7,"column":764}},"type":"cond-expr","locations":[{"start":{"line":7,"column":742},"end":{"line":7,"column":745}},{"start":{"line":7,"column":748},"end":{"line":7,"column":764}}],"line":7},"5":{"loc":{"start":{"line":7,"column":718},"end":{"line":7,"column":739}},"type":"binary-expr","locations":[{"start":{"line":7,"column":718},"end":{"line":7,"column":721}},{"start":{"line":7,"column":725},"end":{"line":7,"column":739}}],"line":7},"6":{"loc":{"start":{"line":11,"column":133},"end":{"line":11,"column":149}},"type":"binary-expr","locations":[{"start":{"line":11,"column":133},"end":{"line":11,"column":140}},{"start":{"line":11,"column":144},"end":{"line":11,"column":149}}],"line":11},"7":{"loc":{"start":{"line":14,"column":140},"end":{"line":14,"column":155}},"type":"binary-expr","locations":[{"start":{"line":14,"column":140},"end":{"line":14,"column":145}},{"start":{"line":14,"column":149},"end":{"line":14,"column":155}}],"line":14},"8":{"loc":{"start":{"line":23,"column":16},"end":{"line":23,"column":186}},"type":"binary-expr","locations":[{"start":{"line":23,"column":16},"end":{"line":23,"column":23}},{"start":{"line":23,"column":27},"end":{"line":23,"column":32}},{"start":{"line":23,"column":36},"end":{"line":23,"column":186}}],"line":23}},"s":{"0":0,"1":0,"2":0,"3":0,"4":0,"5":0,"6":0,"7":0,"8":0,"9":0,"10":0,"11":0,"12":0,"13":0,"14":0,"15":0,"16":0,"17":0,"18":0,"19":0,"20":0,"21":0,"22":0,"23":0},"f":{"0":0,"1":0,"2":0},"b":{"0":[0,0],"1":[0,0],"2":[0,0],"3":[0,0],"4":[0,0],"5":[0,0],"6":[0,0],"7":[0,0],"8":[0,0,0]}}
,"/Users/georgij/Projects/kwik-cover/src/features/auth/actions.js": {"path":"/Users/georgij/Projects/kwik-cover/src/features/auth/actions.js","statementMap":{"0":{"start":{"line":3,"column":29},"end":{"line":6,"column":2}},"1":{"start":{"line":3,"column":43},"end":{"line":6,"column":1}},"2":{"start":{"line":8,"column":29},"end":{"line":11,"column":2}},"3":{"start":{"line":8,"column":43},"end":{"line":11,"column":1}},"4":{"start":{"line":13,"column":29},"end":{"line":17,"column":2}},"5":{"start":{"line":13,"column":53},"end":{"line":17,"column":1}},"6":{"start":{"line":19,"column":31},"end":{"line":21,"column":2}},"7":{"start":{"line":19,"column":38},"end":{"line":21,"column":1}},"8":{"start":{"line":23,"column":33},"end":{"line":25,"column":2}},"9":{"start":{"line":23,"column":40},"end":{"line":25,"column":1}},"10":{"start":{"line":27,"column":22},"end":{"line":29,"column":2}},"11":{"start":{"line":27,"column":29},"end":{"line":29,"column":1}}},"fnMap":{"0":{"name":"(anonymous_0)","decl":{"start":{"line":3,"column":29},"end":{"line":3,"column":30}},"loc":{"start":{"line":3,"column":43},"end":{"line":6,"column":1}},"line":3},"1":{"name":"(anonymous_1)","decl":{"start":{"line":8,"column":29},"end":{"line":8,"column":30}},"loc":{"start":{"line":8,"column":43},"end":{"line":11,"column":1}},"line":8},"2":{"name":"(anonymous_2)","decl":{"start":{"line":13,"column":29},"end":{"line":13,"column":30}},"loc":{"start":{"line":13,"column":53},"end":{"line":17,"column":1}},"line":13},"3":{"name":"(anonymous_3)","decl":{"start":{"line":19,"column":31},"end":{"line":19,"column":32}},"loc":{"start":{"line":19,"column":38},"end":{"line":21,"column":1}},"line":19},"4":{"name":"(anonymous_4)","decl":{"start":{"line":23,"column":33},"end":{"line":23,"column":34}},"loc":{"start":{"line":23,"column":40},"end":{"line":25,"column":1}},"line":23},"5":{"name":"(anonymous_5)","decl":{"start":{"line":27,"column":22},"end":{"line":27,"column":23}},"loc":{"start":{"line":27,"column":29},"end":{"line":29,"column":1}},"line":27}},"branchMap":{},"s":{"0":1,"1":1,"2":1,"3":1,"4":1,"5":1,"6":1,"7":1,"8":1,"9":1,"10":1,"11":1},"f":{"0":1,"1":1,"2":1,"3":1,"4":1,"5":1},"b":{},"_coverageSchema":"332fd63041d2c1bcb487cc26dd0d5f7d97098a6c","hash":"d2274c651628d3318ee58122d8cad3a27c0485a3"}
,"/Users/georgij/Projects/kwik-cover/src/features/auth/constants.js": {"path":"/Users/georgij/Projects/kwik-cover/src/features/auth/constants.js","statementMap":{"0":{"start":{"line":1,"column":31},"end":{"line":1,"column":48}},"1":{"start":{"line":2,"column":31},"end":{"line":2,"column":48}},"2":{"start":{"line":3,"column":31},"end":{"line":3,"column":48}},"3":{"start":{"line":4,"column":34},"end":{"line":4,"column":54}},"4":{"start":{"line":5,"column":36},"end":{"line":5,"column":58}},"5":{"start":{"line":6,"column":22},"end":{"line":6,"column":30}},"6":{"start":{"line":8,"column":40},"end":{"line":12,"column":1}}},"fnMap":{},"branchMap":{},"s":{"0":3,"1":3,"2":3,"3":3,"4":3,"5":3,"6":3},"f":{},"b":{},"_coverageSchema":"332fd63041d2c1bcb487cc26dd0d5f7d97098a6c","hash":"e48689f944ef65e1162e87ca60d8f39843cfee44"}
,"/Users/georgij/Projects/kwik-cover/src/features/auth/reducer.js": {"path":"/Users/georgij/Projects/kwik-cover/src/features/auth/reducer.js","statementMap":{"0":{"start":{"line":3,"column":28},"end":{"line":8,"column":1}},"1":{"start":{"line":10,"column":16},"end":{"line":37,"column":1}},"2":{"start":{"line":12,"column":4},"end":{"line":36,"column":5}},"3":{"start":{"line":15,"column":12},"end":{"line":19,"column":15}},"4":{"start":{"line":22,"column":12},"end":{"line":24,"column":15}},"5":{"start":{"line":27,"column":12},"end":{"line":31,"column":15}},"6":{"start":{"line":34,"column":12},"end":{"line":34,"column":25}}},"fnMap":{"0":{"name":"(anonymous_0)","decl":{"start":{"line":10,"column":16},"end":{"line":10,"column":17}},"loc":{"start":{"line":10,"column":50},"end":{"line":37,"column":1}},"line":10}},"branchMap":{"0":{"loc":{"start":{"line":10,"column":17},"end":{"line":10,"column":37}},"type":"default-arg","locations":[{"start":{"line":10,"column":25},"end":{"line":10,"column":37}}],"line":10},"1":{"loc":{"start":{"line":12,"column":4},"end":{"line":36,"column":5}},"type":"switch","locations":[{"start":{"line":14,"column":8},"end":{"line":19,"column":15}},{"start":{"line":21,"column":8},"end":{"line":24,"column":15}},{"start":{"line":26,"column":8},"end":{"line":31,"column":15}},{"start":{"line":33,"column":8},"end":{"line":34,"column":25}}],"line":12}},"s":{"0":1,"1":1,"2":4,"3":1,"4":1,"5":1,"6":1},"f":{"0":4},"b":{"0":[0],"1":[1,1,1,1]},"_coverageSchema":"332fd63041d2c1bcb487cc26dd0d5f7d97098a6c","hash":"5451b2d4c1370fd037369d896ca285d98bb8b0cf"}
,"/Users/georgij/Projects/kwik-cover/src/features/auth/sagas.js": {"path":"/Users/georgij/Projects/kwik-cover/src/features/auth/sagas.js","statementMap":{"0":{"start":{"line":1,"column":13},"end":{"line":1,"column":75}},"1":{"start":{"line":1,"column":75},"end":{"line":20,"column":24}},"2":{"start":{"line":20,"column":24},"end":{"line":45,"column":24}},"3":{"start":{"line":45,"column":24},"end":{"line":78,"column":34}},"4":{"start":{"line":78,"column":34},"end":{"line":95,"column":16}},"5":{"start":{"line":95,"column":31},"end":{"line":95,"column":60}},"6":{"start":{"line":95,"column":78},"end":{"line":95,"column":99}},"7":{"start":{"line":95,"column":117},"end":{"line":95,"column":138}},"8":{"start":{"line":95,"column":156},"end":{"line":95,"column":178}},"9":{"start":{"line":95,"column":195},"end":{"line":95,"column":230}},"10":{"start":{"line":95,"column":246},"end":{"line":95,"column":270}},"11":{"start":{"line":95,"column":287},"end":{"line":95,"column":307}},"12":{"start":{"line":95,"column":326},"end":{"line":95,"column":352}},"13":{"start":{"line":95,"column":367},"end":{"line":95,"column":395}},"14":{"start":{"line":95,"column":435},"end":{"line":95,"column":651}},"15":{"start":{"line":95,"column":463},"end":{"line":95,"column":474}},"16":{"start":{"line":95,"column":495},"end":{"line":95,"column":497}},"17":{"start":{"line":95,"column":498},"end":{"line":95,"column":615}},"18":{"start":{"line":95,"column":516},"end":{"line":95,"column":614}},"19":{"start":{"line":95,"column":538},"end":{"line":95,"column":613}},"20":{"start":{"line":95,"column":590},"end":{"line":95,"column":613}},"21":{"start":{"line":95,"column":615},"end":{"line":95,"column":636}},"22":{"start":{"line":95,"column":636},"end":{"line":95,"column":650}},"23":{"start":{"line":95,"column":696},"end":{"line":95,"column":728}},"24":{"start":{"line":95,"column":757},"end":{"line":95,"column":825}},"25":{"start":{"line":95,"column":826},"end":{"line":95,"column":972}},"26":{"start":{"line":95,"column":866},"end":{"line":95,"column":898}},"27":{"start":{"line":95,"column":899},"end":{"line":95,"column":971}},"28":{"start":{"line":95,"column":997},"end":{"line":95,"column":1736}},"29":{"start":{"line":95,"column":1060},"end":{"line":95,"column":1111}},"30":{"start":{"line":95,"column":1131},"end":{"line":95,"column":1195}},"31":{"start":{"line":95,"column":1226},"end":{"line":95,"column":1443}},"32":{"start":{"line":95,"column":1264},"end":{"line":95,"column":1423}},"33":{"start":{"line":95,"column":1364},"end":{"line":95,"column":1388}},"34":{"start":{"line":95,"column":1399},"end":{"line":95,"column":1420}},"35":{"start":{"line":95,"column":1423},"end":{"line":95,"column":1441}},"36":{"start":{"line":95,"column":1437},"end":{"line":95,"column":1439}},"37":{"start":{"line":95,"column":1460},"end":{"line":95,"column":1507}},"38":{"start":{"line":95,"column":1508},"end":{"line":95,"column":1735}},"39":{"start":{"line":95,"column":1518},"end":{"line":95,"column":1582}},"40":{"start":{"line":95,"column":1590},"end":{"line":95,"column":1711}},"41":{"start":{"line":95,"column":1711},"end":{"line":95,"column":1734}},"42":{"start":{"line":95,"column":1761},"end":{"line":95,"column":2540}},"43":{"start":{"line":95,"column":1815},"end":{"line":95,"column":1866}},"44":{"start":{"line":95,"column":1880},"end":{"line":95,"column":1917}},"45":{"start":{"line":95,"column":1948},"end":{"line":95,"column":2167}},"46":{"start":{"line":95,"column":1986},"end":{"line":95,"column":2147}},"47":{"start":{"line":95,"column":2101},"end":{"line":95,"column":2122}},"48":{"start":{"line":95,"column":2132},"end":{"line":95,"column":2145}},"49":{"start":{"line":95,"column":2147},"end":{"line":95,"column":2165}},"50":{"start":{"line":95,"column":2161},"end":{"line":95,"column":2163}},"51":{"start":{"line":95,"column":2184},"end":{"line":95,"column":2231}},"52":{"start":{"line":95,"column":2232},"end":{"line":95,"column":2539}},"53":{"start":{"line":95,"column":2242},"end":{"line":95,"column":2492}},"54":{"start":{"line":95,"column":2289},"end":{"line":95,"column":2410}},"55":{"start":{"line":95,"column":2410},"end":{"line":95,"column":2419}},"56":{"start":{"line":95,"column":2427},"end":{"line":95,"column":2491}},"57":{"start":{"line":95,"column":2500},"end":{"line":95,"column":2538}},"58":{"start":{"line":95,"column":2570},"end":{"line":95,"column":2938}},"59":{"start":{"line":95,"column":2584},"end":{"line":95,"column":2639}},"60":{"start":{"line":95,"column":2670},"end":{"line":95,"column":2782}},"61":{"start":{"line":95,"column":2708},"end":{"line":95,"column":2762}},"62":{"start":{"line":95,"column":2751},"end":{"line":95,"column":2760}},"63":{"start":{"line":95,"column":2762},"end":{"line":95,"column":2780}},"64":{"start":{"line":95,"column":2776},"end":{"line":95,"column":2778}},"65":{"start":{"line":95,"column":2783},"end":{"line":95,"column":2877}},"66":{"start":{"line":95,"column":2838},"end":{"line":95,"column":2876}},"67":{"start":{"line":95,"column":2877},"end":{"line":95,"column":2937}},"68":{"start":{"line":96,"column":4},"end":{"line":100,"column":5}},"69":{"start":{"line":97,"column":8},"end":{"line":97,"column":51}},"70":{"start":{"line":99,"column":8},"end":{"line":99,"column":31}},"71":{"start":{"line":104,"column":4},"end":{"line":106,"column":6}},"72":{"start":{"line":105,"column":8},"end":{"line":105,"column":77}},"73":{"start":{"line":105,"column":50},"end":{"line":105,"column":74}},"74":{"start":{"line":107,"column":1},"end":{"line":109,"column":60}}},"fnMap":{"0":{"name":"_interopRequireWildcard","decl":{"start":{"line":95,"column":405},"end":{"line":95,"column":428}},"loc":{"start":{"line":95,"column":434},"end":{"line":95,"column":652}},"line":95},"1":{"name":"getUserInfo","decl":{"start":{"line":95,"column":662},"end":{"line":95,"column":673}},"loc":{"start":{"line":95,"column":676},"end":{"line":95,"column":973}},"line":95},"2":{"name":"signUpSaga","decl":{"start":{"line":95,"column":983},"end":{"line":95,"column":993}},"loc":{"start":{"line":95,"column":996},"end":{"line":95,"column":1737}},"line":95},"3":{"name":"(anonymous_3)","decl":{"start":{"line":95,"column":1255},"end":{"line":95,"column":1256}},"loc":{"start":{"line":95,"column":1263},"end":{"line":95,"column":1442}},"line":95},"4":{"name":"(anonymous_4)","decl":{"start":{"line":95,"column":1353},"end":{"line":95,"column":1354}},"loc":{"start":{"line":95,"column":1363},"end":{"line":95,"column":1389}},"line":95},"5":{"name":"(anonymous_5)","decl":{"start":{"line":95,"column":1391},"end":{"line":95,"column":1392}},"loc":{"start":{"line":95,"column":1398},"end":{"line":95,"column":1421}},"line":95},"6":{"name":"(anonymous_6)","decl":{"start":{"line":95,"column":1430},"end":{"line":95,"column":1431}},"loc":{"start":{"line":95,"column":1437},"end":{"line":95,"column":1439}},"line":95},"7":{"name":"signInSaga","decl":{"start":{"line":95,"column":1747},"end":{"line":95,"column":1757}},"loc":{"start":{"line":95,"column":1760},"end":{"line":95,"column":2541}},"line":95},"8":{"name":"(anonymous_8)","decl":{"start":{"line":95,"column":1977},"end":{"line":95,"column":1978}},"loc":{"start":{"line":95,"column":1985},"end":{"line":95,"column":2166}},"line":95},"9":{"name":"(anonymous_9)","decl":{"start":{"line":95,"column":2093},"end":{"line":95,"column":2094}},"loc":{"start":{"line":95,"column":2100},"end":{"line":95,"column":2123}},"line":95},"10":{"name":"(anonymous_10)","decl":{"start":{"line":95,"column":2125},"end":{"line":95,"column":2126}},"loc":{"start":{"line":95,"column":2132},"end":{"line":95,"column":2145}},"line":95},"11":{"name":"(anonymous_11)","decl":{"start":{"line":95,"column":2154},"end":{"line":95,"column":2155}},"loc":{"start":{"line":95,"column":2161},"end":{"line":95,"column":2163}},"line":95},"12":{"name":"checkLogInState","decl":{"start":{"line":95,"column":2551},"end":{"line":95,"column":2566}},"loc":{"start":{"line":95,"column":2569},"end":{"line":95,"column":2939}},"line":95},"13":{"name":"(anonymous_13)","decl":{"start":{"line":95,"column":2699},"end":{"line":95,"column":2700}},"loc":{"start":{"line":95,"column":2707},"end":{"line":95,"column":2781}},"line":95},"14":{"name":"(anonymous_14)","decl":{"start":{"line":95,"column":2744},"end":{"line":95,"column":2745}},"loc":{"start":{"line":95,"column":2751},"end":{"line":95,"column":2760}},"line":95},"15":{"name":"(anonymous_15)","decl":{"start":{"line":95,"column":2769},"end":{"line":95,"column":2770}},"loc":{"start":{"line":95,"column":2776},"end":{"line":95,"column":2778}},"line":95},"16":{"name":"logout","decl":{"start":{"line":95,"column":2949},"end":{"line":95,"column":2955}},"loc":{"start":{"line":95,"column":2958},"end":{"line":101,"column":1}},"line":95},"17":{"name":"startSagas","decl":{"start":{"line":103,"column":9},"end":{"line":103,"column":19}},"loc":{"start":{"line":103,"column":30},"end":{"line":107,"column":1}},"line":103},"18":{"name":"rootSaga","decl":{"start":{"line":104,"column":21},"end":{"line":104,"column":29}},"loc":{"start":{"line":104,"column":32},"end":{"line":106,"column":5}},"line":104},"19":{"name":"(anonymous_19)","decl":{"start":{"line":105,"column":42},"end":{"line":105,"column":43}},"loc":{"start":{"line":105,"column":50},"end":{"line":105,"column":74}},"line":105}},"branchMap":{"0":{"loc":{"start":{"line":95,"column":435},"end":{"line":95,"column":651}},"type":"if","locations":[{"start":{"line":95,"column":435},"end":{"line":95,"column":651}},{"start":{"line":95,"column":435},"end":{"line":95,"column":651}}],"line":95},"1":{"loc":{"start":{"line":95,"column":439},"end":{"line":95,"column":460}},"type":"binary-expr","locations":[{"start":{"line":95,"column":439},"end":{"line":95,"column":442}},{"start":{"line":95,"column":446},"end":{"line":95,"column":460}}],"line":95},"2":{"loc":{"start":{"line":95,"column":498},"end":{"line":95,"column":615}},"type":"if","locations":[{"start":{"line":95,"column":498},"end":{"line":95,"column":615}},{"start":{"line":95,"column":498},"end":{"line":95,"column":615}}],"line":95},"3":{"loc":{"start":{"line":95,"column":538},"end":{"line":95,"column":613}},"type":"if","locations":[{"start":{"line":95,"column":538},"end":{"line":95,"column":613}},{"start":{"line":95,"column":538},"end":{"line":95,"column":613}}],"line":95},"4":{"loc":{"start":{"line":95,"column":826},"end":{"line":95,"column":972}},"type":"if","locations":[{"start":{"line":95,"column":826},"end":{"line":95,"column":972}},{"start":{"line":95,"column":826},"end":{"line":95,"column":972}}],"line":95},"5":{"loc":{"start":{"line":95,"column":1508},"end":{"line":95,"column":1735}},"type":"if","locations":[{"start":{"line":95,"column":1508},"end":{"line":95,"column":1735}},{"start":{"line":95,"column":1508},"end":{"line":95,"column":1735}}],"line":95},"6":{"loc":{"start":{"line":95,"column":2232},"end":{"line":95,"column":2539}},"type":"if","locations":[{"start":{"line":95,"column":2232},"end":{"line":95,"column":2539}},{"start":{"line":95,"column":2232},"end":{"line":95,"column":2539}}],"line":95},"7":{"loc":{"start":{"line":95,"column":2242},"end":{"line":95,"column":2492}},"type":"if","locations":[{"start":{"line":95,"column":2242},"end":{"line":95,"column":2492}},{"start":{"line":95,"column":2242},"end":{"line":95,"column":2492}}],"line":95},"8":{"loc":{"start":{"line":95,"column":2783},"end":{"line":95,"column":2877}},"type":"if","locations":[{"start":{"line":95,"column":2783},"end":{"line":95,"column":2877}},{"start":{"line":95,"column":2783},"end":{"line":95,"column":2877}}],"line":95}},"s":{"0":0,"1":0,"2":0,"3":0,"4":0,"5":0,"6":0,"7":0,"8":0,"9":0,"10":0,"11":0,"12":0,"13":0,"14":0,"15":0,"16":0,"17":0,"18":0,"19":0,"20":0,"21":0,"22":0,"23":0,"24":0,"25":0,"26":0,"27":0,"28":0,"29":0,"30":0,"31":0,"32":0,"33":0,"34":0,"35":0,"36":0,"37":0,"38":0,"39":0,"40":0,"41":0,"42":0,"43":0,"44":0,"45":0,"46":0,"47":0,"48":0,"49":0,"50":0,"51":0,"52":0,"53":0,"54":0,"55":0,"56":0,"57":0,"58":0,"59":0,"60":0,"61":0,"62":0,"63":0,"64":0,"65":0,"66":0,"67":0,"68":0,"69":0,"70":0,"71":0,"72":0,"73":0,"74":0},"f":{"0":0,"1":0,"2":0,"3":0,"4":0,"5":0,"6":0,"7":0,"8":0,"9":0,"10":0,"11":0,"12":0,"13":0,"14":0,"15":0,"16":0,"17":0,"18":0,"19":0},"b":{"0":[0,0],"1":[0,0],"2":[0,0],"3":[0,0],"4":[0,0],"5":[0,0],"6":[0,0],"7":[0,0],"8":[0,0]}}
,"/Users/georgij/Projects/kwik-cover/src/features/auth/components/Checkbox/Checkbox.js": {"path":"/Users/georgij/Projects/kwik-cover/src/features/auth/components/Checkbox/Checkbox.js","statementMap":{"0":{"start":{"line":1,"column":13},"end":{"line":1,"column":75}},"1":{"start":{"line":1,"column":94},"end":{"line":1,"column":180}},"2":{"start":{"line":1,"column":181},"end":{"line":8,"column":9}},"3":{"start":{"line":8,"column":22},"end":{"line":8,"column":38}},"4":{"start":{"line":8,"column":53},"end":{"line":8,"column":83}},"5":{"start":{"line":8,"column":102},"end":{"line":8,"column":123}},"6":{"start":{"line":8,"column":143},"end":{"line":8,"column":178}},"7":{"start":{"line":8,"column":196},"end":{"line":8,"column":217}},"8":{"start":{"line":8,"column":236},"end":{"line":8,"column":270}},"9":{"start":{"line":8,"column":289},"end":{"line":8,"column":340}},"10":{"start":{"line":8,"column":360},"end":{"line":8,"column":395}},"11":{"start":{"line":8,"column":418},"end":{"line":8,"column":451}},"12":{"start":{"line":8,"column":465},"end":{"line":8,"column":505}},"13":{"start":{"line":8,"column":545},"end":{"line":8,"column":761}},"14":{"start":{"line":8,"column":573},"end":{"line":8,"column":584}},"15":{"start":{"line":8,"column":605},"end":{"line":8,"column":607}},"16":{"start":{"line":8,"column":608},"end":{"line":8,"column":725}},"17":{"start":{"line":8,"column":626},"end":{"line":8,"column":724}},"18":{"start":{"line":8,"column":648},"end":{"line":8,"column":723}},"19":{"start":{"line":8,"column":700},"end":{"line":8,"column":723}},"20":{"start":{"line":8,"column":725},"end":{"line":8,"column":746}},"21":{"start":{"line":8,"column":746},"end":{"line":8,"column":760}},"22":{"start":{"line":8,"column":800},"end":{"line":8,"column":854}},"23":{"start":{"line":9,"column":4},"end":{"line":12,"column":200}},"24":{"start":{"line":18,"column":0},"end":{"line":20,"column":42}}},"fnMap":{"0":{"name":"_interopRequireWildcard","decl":{"start":{"line":8,"column":515},"end":{"line":8,"column":538}},"loc":{"start":{"line":8,"column":544},"end":{"line":8,"column":762}},"line":8},"1":{"name":"_interopRequireDefault","decl":{"start":{"line":8,"column":771},"end":{"line":8,"column":793}},"loc":{"start":{"line":8,"column":799},"end":{"line":8,"column":855}},"line":8},"2":{"name":"Checkbox","decl":{"start":{"line":8,"column":864},"end":{"line":8,"column":872}},"loc":{"start":{"line":8,"column":899},"end":{"line":16,"column":1}},"line":8}},"branchMap":{"0":{"loc":{"start":{"line":8,"column":545},"end":{"line":8,"column":761}},"type":"if","locations":[{"start":{"line":8,"column":545},"end":{"line":8,"column":761}},{"start":{"line":8,"column":545},"end":{"line":8,"column":761}}],"line":8},"1":{"loc":{"start":{"line":8,"column":549},"end":{"line":8,"column":570}},"type":"binary-expr","locations":[{"start":{"line":8,"column":549},"end":{"line":8,"column":552}},{"start":{"line":8,"column":556},"end":{"line":8,"column":570}}],"line":8},"2":{"loc":{"start":{"line":8,"column":608},"end":{"line":8,"column":725}},"type":"if","locations":[{"start":{"line":8,"column":608},"end":{"line":8,"column":725}},{"start":{"line":8,"column":608},"end":{"line":8,"column":725}}],"line":8},"3":{"loc":{"start":{"line":8,"column":648},"end":{"line":8,"column":723}},"type":"if","locations":[{"start":{"line":8,"column":648},"end":{"line":8,"column":723}},{"start":{"line":8,"column":648},"end":{"line":8,"column":723}}],"line":8},"4":{"loc":{"start":{"line":8,"column":807},"end":{"line":8,"column":853}},"type":"cond-expr","locations":[{"start":{"line":8,"column":831},"end":{"line":8,"column":834}},{"start":{"line":8,"column":837},"end":{"line":8,"column":853}}],"line":8},"5":{"loc":{"start":{"line":8,"column":807},"end":{"line":8,"column":828}},"type":"binary-expr","locations":[{"start":{"line":8,"column":807},"end":{"line":8,"column":810}},{"start":{"line":8,"column":814},"end":{"line":8,"column":828}}],"line":8},"6":{"loc":{"start":{"line":12,"column":12},"end":{"line":12,"column":197}},"type":"binary-expr","locations":[{"start":{"line":12,"column":12},"end":{"line":12,"column":21}},{"start":{"line":12,"column":25},"end":{"line":12,"column":197}}],"line":12}},"s":{"0":0,"1":0,"2":0,"3":0,"4":0,"5":0,"6":0,"7":0,"8":0,"9":0,"10":0,"11":0,"12":0,"13":0,"14":0,"15":0,"16":0,"17":0,"18":0,"19":0,"20":0,"21":0,"22":0,"23":0,"24":0},"f":{"0":0,"1":0,"2":0},"b":{"0":[0,0],"1":[0,0],"2":[0,0],"3":[0,0],"4":[0,0],"5":[0,0],"6":[0,0]}}
,"/Users/georgij/Projects/kwik-cover/src/features/auth/components/FormSwitcher/FormSwitcher.js": {"path":"/Users/georgij/Projects/kwik-cover/src/features/auth/components/FormSwitcher/FormSwitcher.js","statementMap":{"0":{"start":{"line":1,"column":13},"end":{"line":1,"column":75}},"1":{"start":{"line":1,"column":94},"end":{"line":1,"column":188}},"2":{"start":{"line":1,"column":189},"end":{"line":9,"column":13}},"3":{"start":{"line":9,"column":26},"end":{"line":9,"column":42}},"4":{"start":{"line":9,"column":57},"end":{"line":9,"column":87}},"5":{"start":{"line":9,"column":106},"end":{"line":9,"column":127}},"6":{"start":{"line":9,"column":147},"end":{"line":9,"column":182}},"7":{"start":{"line":9,"column":200},"end":{"line":9,"column":221}},"8":{"start":{"line":9,"column":240},"end":{"line":9,"column":274}},"9":{"start":{"line":9,"column":297},"end":{"line":9,"column":324}},"10":{"start":{"line":9,"column":341},"end":{"line":9,"column":372}},"11":{"start":{"line":9,"column":390},"end":{"line":9,"column":423}},"12":{"start":{"line":9,"column":450},"end":{"line":9,"column":487}},"13":{"start":{"line":9,"column":501},"end":{"line":9,"column":545}},"14":{"start":{"line":9,"column":585},"end":{"line":9,"column":801}},"15":{"start":{"line":9,"column":613},"end":{"line":9,"column":624}},"16":{"start":{"line":9,"column":645},"end":{"line":9,"column":647}},"17":{"start":{"line":9,"column":648},"end":{"line":9,"column":765}},"18":{"start":{"line":9,"column":666},"end":{"line":9,"column":764}},"19":{"start":{"line":9,"column":688},"end":{"line":9,"column":763}},"20":{"start":{"line":9,"column":740},"end":{"line":9,"column":763}},"21":{"start":{"line":9,"column":765},"end":{"line":9,"column":786}},"22":{"start":{"line":9,"column":786},"end":{"line":9,"column":800}},"23":{"start":{"line":9,"column":840},"end":{"line":9,"column":894}},"24":{"start":{"line":10,"column":4},"end":{"line":17,"column":212}},"25":{"start":{"line":24,"column":0},"end":{"line":27,"column":44}}},"fnMap":{"0":{"name":"_interopRequireWildcard","decl":{"start":{"line":9,"column":555},"end":{"line":9,"column":578}},"loc":{"start":{"line":9,"column":584},"end":{"line":9,"column":802}},"line":9},"1":{"name":"_interopRequireDefault","decl":{"start":{"line":9,"column":811},"end":{"line":9,"column":833}},"loc":{"start":{"line":9,"column":839},"end":{"line":9,"column":895}},"line":9},"2":{"name":"FormSwitcher","decl":{"start":{"line":9,"column":904},"end":{"line":9,"column":916}},"loc":{"start":{"line":9,"column":960},"end":{"line":22,"column":1}},"line":9}},"branchMap":{"0":{"loc":{"start":{"line":9,"column":585},"end":{"line":9,"column":801}},"type":"if","locations":[{"start":{"line":9,"column":585},"end":{"line":9,"column":801}},{"start":{"line":9,"column":585},"end":{"line":9,"column":801}}],"line":9},"1":{"loc":{"start":{"line":9,"column":589},"end":{"line":9,"column":610}},"type":"binary-expr","locations":[{"start":{"line":9,"column":589},"end":{"line":9,"column":592}},{"start":{"line":9,"column":596},"end":{"line":9,"column":610}}],"line":9},"2":{"loc":{"start":{"line":9,"column":648},"end":{"line":9,"column":765}},"type":"if","locations":[{"start":{"line":9,"column":648},"end":{"line":9,"column":765}},{"start":{"line":9,"column":648},"end":{"line":9,"column":765}}],"line":9},"3":{"loc":{"start":{"line":9,"column":688},"end":{"line":9,"column":763}},"type":"if","locations":[{"start":{"line":9,"column":688},"end":{"line":9,"column":763}},{"start":{"line":9,"column":688},"end":{"line":9,"column":763}}],"line":9},"4":{"loc":{"start":{"line":9,"column":847},"end":{"line":9,"column":893}},"type":"cond-expr","locations":[{"start":{"line":9,"column":871},"end":{"line":9,"column":874}},{"start":{"line":9,"column":877},"end":{"line":9,"column":893}}],"line":9},"5":{"loc":{"start":{"line":9,"column":847},"end":{"line":9,"column":868}},"type":"binary-expr","locations":[{"start":{"line":9,"column":847},"end":{"line":9,"column":850}},{"start":{"line":9,"column":854},"end":{"line":9,"column":868}}],"line":9}},"s":{"0":0,"1":0,"2":0,"3":0,"4":0,"5":0,"6":0,"7":0,"8":0,"9":0,"10":0,"11":0,"12":0,"13":0,"14":0,"15":0,"16":0,"17":0,"18":0,"19":0,"20":0,"21":0,"22":0,"23":0,"24":0,"25":0},"f":{"0":0,"1":0,"2":0},"b":{"0":[0,0],"1":[0,0],"2":[0,0],"3":[0,0],"4":[0,0],"5":[0,0]}}
,"/Users/georgij/Projects/kwik-cover/src/features/auth/components/SignInForm/SignInForm.js": {"path":"/Users/georgij/Projects/kwik-cover/src/features/auth/components/SignInForm/SignInForm.js","statementMap":{"0":{"start":{"line":1,"column":13},"end":{"line":1,"column":75}},"1":{"start":{"line":1,"column":94},"end":{"line":1,"column":184}},"2":{"start":{"line":1,"column":198},"end":{"line":1,"column":214}},"3":{"start":{"line":1,"column":229},"end":{"line":1,"column":259}},"4":{"start":{"line":2,"column":17},"end":{"line":2,"column":38}},"5":{"start":{"line":3,"column":18},"end":{"line":3,"column":39}},"6":{"start":{"line":3,"column":59},"end":{"line":3,"column":94}},"7":{"start":{"line":4,"column":14},"end":{"line":4,"column":66}},"8":{"start":{"line":4,"column":82},"end":{"line":4,"column":113}},"9":{"start":{"line":5,"column":25},"end":{"line":5,"column":99}},"10":{"start":{"line":5,"column":126},"end":{"line":5,"column":168}},"11":{"start":{"line":6,"column":22},"end":{"line":6,"column":90}},"12":{"start":{"line":6,"column":114},"end":{"line":6,"column":153}},"13":{"start":{"line":7,"column":20},"end":{"line":7,"column":73}},"14":{"start":{"line":7,"column":95},"end":{"line":7,"column":132}},"15":{"start":{"line":8,"column":20},"end":{"line":8,"column":63}},"16":{"start":{"line":9,"column":11},"end":{"line":9,"column":54}},"17":{"start":{"line":9,"column":67},"end":{"line":9,"column":95}},"18":{"start":{"line":11,"column":24},"end":{"line":11,"column":59}},"19":{"start":{"line":11,"column":73},"end":{"line":11,"column":115}},"20":{"start":{"line":11,"column":155},"end":{"line":11,"column":371}},"21":{"start":{"line":11,"column":183},"end":{"line":11,"column":194}},"22":{"start":{"line":11,"column":215},"end":{"line":11,"column":217}},"23":{"start":{"line":11,"column":218},"end":{"line":11,"column":335}},"24":{"start":{"line":11,"column":236},"end":{"line":11,"column":334}},"25":{"start":{"line":11,"column":258},"end":{"line":11,"column":333}},"26":{"start":{"line":11,"column":310},"end":{"line":11,"column":333}},"27":{"start":{"line":11,"column":335},"end":{"line":11,"column":356}},"28":{"start":{"line":11,"column":356},"end":{"line":11,"column":370}},"29":{"start":{"line":11,"column":410},"end":{"line":11,"column":464}},"30":{"start":{"line":15,"column":8},"end":{"line":15,"column":16}},"31":{"start":{"line":15,"column":16},"end":{"line":25,"column":10}},"32":{"start":{"line":23,"column":33},"end":{"line":23,"column":43}},"33":{"start":{"line":24,"column":12},"end":{"line":24,"column":36}},"34":{"start":{"line":25,"column":10},"end":{"line":29,"column":10}},"35":{"start":{"line":28,"column":12},"end":{"line":28,"column":80}},"36":{"start":{"line":29,"column":10},"end":{"line":29,"column":52}},"37":{"start":{"line":32,"column":61},"end":{"line":32,"column":71}},"38":{"start":{"line":34,"column":8},"end":{"line":66,"column":123}},"39":{"start":{"line":72,"column":6},"end":{"line":91,"column":12}},"40":{"start":{"line":78,"column":23},"end":{"line":78,"column":25}},"41":{"start":{"line":79,"column":8},"end":{"line":83,"column":9}},"42":{"start":{"line":80,"column":12},"end":{"line":80,"column":38}},"43":{"start":{"line":81,"column":15},"end":{"line":83,"column":9}},"44":{"start":{"line":82,"column":12},"end":{"line":82,"column":67}},"45":{"start":{"line":85,"column":8},"end":{"line":87,"column":9}},"46":{"start":{"line":86,"column":12},"end":{"line":86,"column":41}},"47":{"start":{"line":89,"column":8},"end":{"line":89,"column":22}}},"fnMap":{"0":{"name":"_interopRequireWildcard","decl":{"start":{"line":11,"column":125},"end":{"line":11,"column":148}},"loc":{"start":{"line":11,"column":154},"end":{"line":11,"column":372}},"line":11},"1":{"name":"_interopRequireDefault","decl":{"start":{"line":11,"column":381},"end":{"line":11,"column":403}},"loc":{"start":{"line":11,"column":409},"end":{"line":11,"column":465}},"line":11},"2":{"name":"(anonymous_2)","decl":{"start":{"line":14,"column":4},"end":{"line":14,"column":5}},"loc":{"start":{"line":14,"column":18},"end":{"line":29,"column":53}},"line":14},"3":{"name":"(anonymous_3)","decl":{"start":{"line":22,"column":27},"end":{"line":22,"column":28}},"loc":{"start":{"line":22,"column":37},"end":{"line":25,"column":9}},"line":22},"4":{"name":"(anonymous_4)","decl":{"start":{"line":27,"column":35},"end":{"line":27,"column":36}},"loc":{"start":{"line":27,"column":41},"end":{"line":29,"column":9}},"line":27},"5":{"name":"(anonymous_5)","decl":{"start":{"line":31,"column":4},"end":{"line":31,"column":5}},"loc":{"start":{"line":31,"column":13},"end":{"line":72,"column":5}},"line":31},"6":{"name":"(anonymous_6)","decl":{"start":{"line":77,"column":14},"end":{"line":77,"column":15}},"loc":{"start":{"line":77,"column":24},"end":{"line":90,"column":5}},"line":77}},"branchMap":{"0":{"loc":{"start":{"line":11,"column":155},"end":{"line":11,"column":371}},"type":"if","locations":[{"start":{"line":11,"column":155},"end":{"line":11,"column":371}},{"start":{"line":11,"column":155},"end":{"line":11,"column":371}}],"line":11},"1":{"loc":{"start":{"line":11,"column":159},"end":{"line":11,"column":180}},"type":"binary-expr","locations":[{"start":{"line":11,"column":159},"end":{"line":11,"column":162}},{"start":{"line":11,"column":166},"end":{"line":11,"column":180}}],"line":11},"2":{"loc":{"start":{"line":11,"column":218},"end":{"line":11,"column":335}},"type":"if","locations":[{"start":{"line":11,"column":218},"end":{"line":11,"column":335}},{"start":{"line":11,"column":218},"end":{"line":11,"column":335}}],"line":11},"3":{"loc":{"start":{"line":11,"column":258},"end":{"line":11,"column":333}},"type":"if","locations":[{"start":{"line":11,"column":258},"end":{"line":11,"column":333}},{"start":{"line":11,"column":258},"end":{"line":11,"column":333}}],"line":11},"4":{"loc":{"start":{"line":11,"column":417},"end":{"line":11,"column":463}},"type":"cond-expr","locations":[{"start":{"line":11,"column":441},"end":{"line":11,"column":444}},{"start":{"line":11,"column":447},"end":{"line":11,"column":463}}],"line":11},"5":{"loc":{"start":{"line":11,"column":417},"end":{"line":11,"column":438}},"type":"binary-expr","locations":[{"start":{"line":11,"column":417},"end":{"line":11,"column":420}},{"start":{"line":11,"column":424},"end":{"line":11,"column":438}}],"line":11},"6":{"loc":{"start":{"line":49,"column":26},"end":{"line":49,"column":76}},"type":"cond-expr","locations":[{"start":{"line":49,"column":57},"end":{"line":49,"column":63}},{"start":{"line":49,"column":66},"end":{"line":49,"column":76}}],"line":49},"7":{"loc":{"start":{"line":62,"column":16},"end":{"line":62,"column":169}},"type":"binary-expr","locations":[{"start":{"line":62,"column":16},"end":{"line":62,"column":21}},{"start":{"line":62,"column":25},"end":{"line":62,"column":169}}],"line":62},"8":{"loc":{"start":{"line":65,"column":34},"end":{"line":65,"column":55}},"type":"binary-expr","locations":[{"start":{"line":65,"column":34},"end":{"line":65,"column":44}},{"start":{"line":65,"column":48},"end":{"line":65,"column":55}}],"line":65},"9":{"loc":{"start":{"line":79,"column":8},"end":{"line":83,"column":9}},"type":"if","locations":[{"start":{"line":79,"column":8},"end":{"line":83,"column":9}},{"start":{"line":79,"column":8},"end":{"line":83,"column":9}}],"line":79},"10":{"loc":{"start":{"line":81,"column":15},"end":{"line":83,"column":9}},"type":"if","locations":[{"start":{"line":81,"column":15},"end":{"line":83,"column":9}},{"start":{"line":81,"column":15},"end":{"line":83,"column":9}}],"line":81},"11":{"loc":{"start":{"line":85,"column":8},"end":{"line":87,"column":9}},"type":"if","locations":[{"start":{"line":85,"column":8},"end":{"line":87,"column":9}},{"start":{"line":85,"column":8},"end":{"line":87,"column":9}}],"line":85}},"s":{"0":0,"1":0,"2":0,"3":0,"4":0,"5":0,"6":0,"7":0,"8":0,"9":0,"10":0,"11":0,"12":0,"13":0,"14":0,"15":0,"16":0,"17":0,"18":0,"19":0,"20":0,"21":0,"22":0,"23":0,"24":0,"25":0,"26":0,"27":0,"28":0,"29":0,"30":0,"31":0,"32":0,"33":0,"34":0,"35":0,"36":0,"37":0,"38":0,"39":0,"40":0,"41":0,"42":0,"43":0,"44":0,"45":0,"46":0,"47":0},"f":{"0":0,"1":0,"2":0,"3":0,"4":0,"5":0,"6":0},"b":{"0":[0,0],"1":[0,0],"2":[0,0],"3":[0,0],"4":[0,0],"5":[0,0],"6":[0,0],"7":[0,0],"8":[0,0],"9":[0,0],"10":[0,0],"11":[0,0]}}
[...]
lumn":5}},"line":58},"6":{"name":"buildCanonicalUri","decl":{"start":{"line":62,"column":13},"end":{"line":62,"column":30}},"loc":{"start":{"line":62,"column":36},"end":{"line":64,"column":5}},"line":62},"7":{"name":"buildCanonicalQueryString","decl":{"start":{"line":66,"column":13},"end":{"line":66,"column":38}},"loc":{"start":{"line":66,"column":52},"end":{"line":88,"column":5}},"line":66},"8":{"name":"buildCanonicalHeaders","decl":{"start":{"line":90,"column":13},"end":{"line":90,"column":34}},"loc":{"start":{"line":90,"column":44},"end":{"line":105,"column":5}},"line":90},"9":{"name":"buildCanonicalSignedHeaders","decl":{"start":{"line":107,"column":13},"end":{"line":107,"column":40}},"loc":{"start":{"line":107,"column":50},"end":{"line":117,"column":5}},"line":107},"10":{"name":"buildStringToSign","decl":{"start":{"line":119,"column":13},"end":{"line":119,"column":30}},"loc":{"start":{"line":123,"column":6},"end":{"line":133,"column":5}},"line":123},"11":{"name":"buildCredentialScope","decl":{"start":{"line":135,"column":13},"end":{"line":135,"column":33}},"loc":{"start":{"line":135,"column":61},"end":{"line":139,"column":5}},"line":135},"12":{"name":"calculateSigningKey","decl":{"start":{"line":141,"column":13},"end":{"line":141,"column":32}},"loc":{"start":{"line":141,"column":71},"end":{"line":149,"column":5}},"line":141},"13":{"name":"calculateSignature","decl":{"start":{"line":151,"column":13},"end":{"line":151,"column":31}},"loc":{"start":{"line":151,"column":51},"end":{"line":153,"column":5}},"line":151},"14":{"name":"buildAuthorizationHeader","decl":{"start":{"line":155,"column":13},"end":{"line":155,"column":37}},"loc":{"start":{"line":160,"column":6},"end":{"line":172,"column":5}},"line":160},"15":{"name":"(anonymous_15)","decl":{"start":{"line":195,"column":35},"end":{"line":195,"column":36}},"loc":{"start":{"line":195,"column":53},"end":{"line":288,"column":5}},"line":195}},"branchMap":{"0":{"loc":{"start":{"line":67,"column":8},"end":{"line":69,"column":9}},"type":"if","locations":[{"start":{"line":67,"column":8},"end":{"line":69,"column":9}},{"start":{"line":67,"column":8},"end":{"line":69,"column":9}}],"line":67},"1":{"loc":{"start":{"line":73,"column":12},"end":{"line":75,"column":13}},"type":"if","locations":[{"start":{"line":73,"column":12},"end":{"line":75,"column":13}},{"start":{"line":73,"column":12},"end":{"line":75,"column":13}}],"line":73},"2":{"loc":{"start":{"line":94,"column":12},"end":{"line":96,"column":13}},"type":"if","locations":[{"start":{"line":94,"column":12},"end":{"line":96,"column":13}},{"start":{"line":94,"column":12},"end":{"line":96,"column":13}}],"line":94},"3":{"loc":{"start":{"line":110,"column":12},"end":{"line":112,"column":13}},"type":"if","locations":[{"start":{"line":110,"column":12},"end":{"line":112,"column":13}},{"start":{"line":110,"column":12},"end":{"line":112,"column":13}}],"line":110},"4":{"loc":{"start":{"line":175,"column":4},"end":{"line":177,"column":5}},"type":"if","locations":[{"start":{"line":175,"column":4},"end":{"line":177,"column":5}},{"start":{"line":175,"column":4},"end":{"line":177,"column":5}}],"line":175},"5":{"loc":{"start":{"line":175,"column":8},"end":{"line":175,"column":72}},"type":"binary-expr","locations":[{"start":{"line":175,"column":8},"end":{"line":175,"column":38}},{"start":{"line":175,"column":42},"end":{"line":175,"column":72}}],"line":175},"6":{"loc":{"start":{"line":181,"column":35},"end":{"line":181,"column":70}},"type":"binary-expr","locations":[{"start":{"line":181,"column":35},"end":{"line":181,"column":53}},{"start":{"line":181,"column":57},"end":{"line":181,"column":70}}],"line":181},"7":{"loc":{"start":{"line":182,"column":30},"end":{"line":182,"column":58}},"type":"binary-expr","locations":[{"start":{"line":182,"column":30},"end":{"line":182,"column":43}},{"start":{"line":182,"column":47},"end":{"line":182,"column":58}}],"line":182},"8":{"loc":{"start":{"line":184,"column":8},"end":{"line":184,"column":54}},"type":"binary-expr","locations":[{"start":{"line":184,"column":8},"end":{"line":184,"column":32}},{"start":{"line":184,"column":36},"end":{"line":184,"column":54}}],"line":184},"9":{"loc":{"start":{"line":186,"column":8},"end":{"line":186,"column":55}},"type":"binary-expr","locations":[{"start":{"line":186,"column":8},"end":{"line":186,"column":33}},{"start":{"line":186,"column":37},"end":{"line":186,"column":55}}],"line":186},"10":{"loc":{"start":{"line":203,"column":8},"end":{"line":205,"column":9}},"type":"if","locations":[{"start":{"line":203,"column":8},"end":{"line":205,"column":9}},{"start":{"line":203,"column":8},"end":{"line":205,"column":9}}],"line":203},"11":{"loc":{"start":{"line":208,"column":8},"end":{"line":210,"column":9}},"type":"if","locations":[{"start":{"line":208,"column":8},"end":{"line":210,"column":9}},{"start":{"line":208,"column":8},"end":{"line":210,"column":9}}],"line":208},"12":{"loc":{"start":{"line":214,"column":8},"end":{"line":218,"column":9}},"type":"if","locations":[{"start":{"line":214,"column":8},"end":{"line":218,"column":9}},{"start":{"line":214,"column":8},"end":{"line":218,"column":9}}],"line":214},"13":{"loc":{"start":{"line":214,"column":12},"end":{"line":214,"column":56}},"type":"binary-expr","locations":[{"start":{"line":214,"column":12},"end":{"line":214,"column":38}},{"start":{"line":214,"column":42},"end":{"line":214,"column":56}}],"line":214},"14":{"loc":{"start":{"line":222,"column":8},"end":{"line":224,"column":9}},"type":"if","locations":[{"start":{"line":222,"column":8},"end":{"line":224,"column":9}},{"start":{"line":222,"column":8},"end":{"line":224,"column":9}}],"line":222},"15":{"loc":{"start":{"line":222,"column":12},"end":{"line":222,"column":62}},"type":"binary-expr","locations":[{"start":{"line":222,"column":12},"end":{"line":222,"column":23}},{"start":{"line":222,"column":27},"end":{"line":222,"column":45}},{"start":{"line":222,"column":49},"end":{"line":222,"column":62}}],"line":222},"16":{"loc":{"start":{"line":265,"column":8},"end":{"line":270,"column":9}},"type":"if","locations":[{"start":{"line":265,"column":8},"end":{"line":270,"column":9}},{"start":{"line":265,"column":8},"end":{"line":270,"column":9}}],"line":265},"17":{"loc":{"start":{"line":266,"column":12},"end":{"line":267,"column":48}},"type":"binary-expr","locations":[{"start":{"line":266,"column":12},"end":{"line":266,"column":55}},{"start":{"line":267,"column":12},"end":{"line":267,"column":48}}],"line":266},"18":{"loc":{"start":{"line":275,"column":8},"end":{"line":277,"column":9}},"type":"if","locations":[{"start":{"line":275,"column":8},"end":{"line":277,"column":9}},{"start":{"line":275,"column":8},"end":{"line":277,"column":9}}],"line":275},"19":{"loc":{"start":{"line":280,"column":8},"end":{"line":282,"column":9}},"type":"if","locations":[{"start":{"line":280,"column":8},"end":{"line":282,"column":9}},{"start":{"line":280,"column":8},"end":{"line":282,"column":9}}],"line":280}},"s":{"0":1,"1":1,"2":0,"3":0,"4":0,"5":0,"6":0,"7":0,"8":0,"9":0,"10":0,"11":0,"12":0,"13":0,"14":0,"15":0,"16":0,"17":0,"18":0,"19":0,"20":0,"21":0,"22":0,"23":0,"24":0,"25":0,"26":0,"27":0,"28":0,"29":0,"30":0,"31":0,"32":0,"33":0,"34":0,"35":0,"36":0,"37":0,"38":0,"39":0,"40":0,"41":0,"42":0,"43":0,"44":0,"45":0,"46":0,"47":0,"48":0,"49":0,"50":0,"51":0,"52":0,"53":0,"54":0,"55":0,"56":0,"57":0,"58":0,"59":0,"60":0,"61":0,"62":0,"63":0,"64":0,"65":0,"66":0,"67":0,"68":0,"69":0,"70":0,"71":0,"72":0,"73":0,"74":0,"75":0,"76":0,"77":0,"78":0,"79":0,"80":0,"81":0,"82":0,"83":0,"84":0,"85":0,"86":0,"87":0,"88":0,"89":0,"90":0,"91":0,"92":0,"93":0,"94":0,"95":0,"96":0,"97":0},"f":{"0":0,"1":0,"2":0,"3":0,"4":0,"5":0,"6":0,"7":0,"8":0,"9":0,"10":0,"11":0,"12":0,"13":0,"14":0,"15":0},"b":{"0":[0,0],"1":[0,0],"2":[0,0],"3":[0,0],"4":[0,0],"5":[0,0],"6":[0,0],"7":[0,0],"8":[0,0],"9":[0,0],"10":[0,0],"11":[0,0],"12":[0,0],"13":[0,0],"14":[0,0],"15":[0,0,0],"16":[0,0],"17":[0,0],"18":[0,0],"19":[0,0]},"_coverageSchema":"332fd63041d2c1bcb487cc26dd0d5f7d97098a6c","hash":"7c16f069b7e93fc966ba85b4df109982ea434231"}
,"/Users/georgij/Projects/kwik-cover/src/routes/AuthenticatedRoute.js": {"path":"/Users/georgij/Projects/kwik-cover/src/routes/AuthenticatedRoute.js","statementMap":{"0":{"start":{"line":1,"column":13},"end":{"line":1,"column":75}},"1":{"start":{"line":1,"column":94},"end":{"line":1,"column":163}},"2":{"start":{"line":1,"column":177},"end":{"line":1,"column":193}},"3":{"start":{"line":1,"column":208},"end":{"line":1,"column":238}},"4":{"start":{"line":2,"column":22},"end":{"line":2,"column":49}},"5":{"start":{"line":2,"column":88},"end":{"line":2,"column":142}},"6":{"start":{"line":2,"column":202},"end":{"line":2,"column":204}},"7":{"start":{"line":2,"column":205},"end":{"line":2,"column":340}},"8":{"start":{"line":2,"column":225},"end":{"line":2,"column":260}},"9":{"start":{"line":2,"column":251},"end":{"line":2,"column":260}},"10":{"start":{"line":2,"column":260},"end":{"line":2,"column":320}},"11":{"start":{"line":2,"column":311},"end":{"line":2,"column":320}},"12":{"start":{"line":2,"column":320},"end":{"line":2,"column":339}},"13":{"start":{"line":2,"column":340},"end":{"line":2,"column":354}},"14":{"start":{"line":4,"column":27},"end":{"line":11,"column":1}},"15":{"start":{"line":4,"column":76},"end":{"line":4,"column":80}},"16":{"start":{"line":4,"column":88},"end":{"line":4,"column":142}},"17":{"start":{"line":5,"column":18},"end":{"line":8,"column":209}},"18":{"start":{"line":6,"column":4},"end":{"line":8,"column":209}},"19":{"start":{"line":10,"column":4},"end":{"line":10,"column":181}},"20":{"start":{"line":11,"column":2},"end":{"line":13,"column":19}}},"fnMap":{"0":{"name":"_interopRequireDefault","decl":{"start":{"line":2,"column":59},"end":{"line":2,"column":81}},"loc":{"start":{"line":2,"column":87},"end":{"line":2,"column":143}},"line":2},"1":{"name":"_objectWithoutProperties","decl":{"start":{"line":2,"column":152},"end":{"line":2,"column":176}},"loc":{"start":{"line":2,"column":188},"end":{"line":2,"column":355}},"line":2},"2":{"name":"(anonymous_2)","decl":{"start":{"line":4,"column":27},"end":{"line":4,"column":28}},"loc":{"start":{"line":4,"column":37},"end":{"line":11,"column":1}},"line":4},"3":{"name":"(anonymous_3)","decl":{"start":{"line":5,"column":18},"end":{"line":5,"column":19}},"loc":{"start":{"line":6,"column":4},"end":{"line":8,"column":209}},"line":6}},"branchMap":{"0":{"loc":{"start":{"line":2,"column":95},"end":{"line":2,"column":141}},"type":"cond-expr","locations":[{"start":{"line":2,"column":119},"end":{"line":2,"column":122}},{"start":{"line":2,"column":125},"end":{"line":2,"column":141}}],"line":2},"1":{"loc":{"start":{"line":2,"column":95},"end":{"line":2,"column":116}},"type":"binary-expr","locations":[{"start":{"line":2,"column":95},"end":{"line":2,"column":98}},{"start":{"line":2,"column":102},"end":{"line":2,"column":116}}],"line":2},"2":{"loc":{"start":{"line":2,"column":225},"end":{"line":2,"column":260}},"type":"if","locations":[{"start":{"line":2,"column":225},"end":{"line":2,"column":260}},{"start":{"line":2,"column":225},"end":{"line":2,"column":260}}],"line":2},"3":{"loc":{"start":{"line":2,"column":260},"end":{"line":2,"column":320}},"type":"if","locations":[{"start":{"line":2,"column":260},"end":{"line":2,"column":320}},{"start":{"line":2,"column":260},"end":{"line":2,"column":320}}],"line":2},"4":{"loc":{"start":{"line":6,"column":4},"end":{"line":8,"column":209}},"type":"cond-expr","locations":[{"start":{"line":7,"column":4},"end":{"line":7,"column":146}},{"start":{"line":8,"column":4},"end":{"line":8,"column":209}}],"line":6}},"s":{"0":0,"1":0,"2":0,"3":0,"4":0,"5":0,"6":0,"7":0,"8":0,"9":0,"10":0,"11":0,"12":0,"13":0,"14":0,"15":0,"16":0,"17":0,"18":0,"19":0,"20":0},"f":{"0":0,"1":0,"2":0,"3":0},"b":{"0":[0,0],"1":[0,0],"2":[0,0],"3":[0,0],"4":[0,0]}}
,"/Users/georgij/Projects/kwik-cover/src/routes/UnauthenticatedRoute.js": {"path":"/Users/georgij/Projects/kwik-cover/src/routes/UnauthenticatedRoute.js","statementMap":{"0":{"start":{"line":1,"column":13},"end":{"line":1,"column":75}},"1":{"start":{"line":1,"column":94},"end":{"line":1,"column":165}},"2":{"start":{"line":1,"column":179},"end":{"line":1,"column":195}},"3":{"start":{"line":1,"column":210},"end":{"line":1,"column":240}},"4":{"start":{"line":2,"column":22},"end":{"line":2,"column":49}},"5":{"start":{"line":3,"column":11},"end":{"line":3,"column":36}},"6":{"start":{"line":3,"column":75},"end":{"line":3,"column":129}},"7":{"start":{"line":3,"column":189},"end":{"line":3,"column":191}},"8":{"start":{"line":3,"column":192},"end":{"line":3,"column":327}},"9":{"start":{"line":3,"column":212},"end":{"line":3,"column":247}},"10":{"start":{"line":3,"column":238},"end":{"line":3,"column":247}},"11":{"start":{"line":3,"column":247},"end":{"line":3,"column":307}},"12":{"start":{"line":3,"column":298},"end":{"line":3,"column":307}},"13":{"start":{"line":3,"column":307},"end":{"line":3,"column":326}},"14":{"start":{"line":3,"column":327},"end":{"line":3,"column":341}},"15":{"start":{"line":5,"column":29},"end":{"line":15,"column":1}},"16":{"start":{"line":5,"column":78},"end":{"line":5,"column":82}},"17":{"start":{"line":5,"column":90},"end":{"line":5,"column":144}},"18":{"start":{"line":6,"column":21},"end":{"line":6,"column":54}},"19":{"start":{"line":7,"column":18},"end":{"line":10,"column":167}},"20":{"start":{"line":8,"column":4},"end":{"line":10,"column":167}},"21":{"start":{"line":12,"column":4},"end":{"line":13,"column":179}},"22":{"start":{"line":15,"column":2},"end":{"line":17,"column":21}}},"fnMap":{"0":{"name":"_interopRequireDefault","decl":{"start":{"line":3,"column":46},"end":{"line":3,"column":68}},"loc":{"start":{"line":3,"column":74},"end":{"line":3,"column":130}},"line":3},"1":{"name":"_objectWithoutProperties","decl":{"start":{"line":3,"column":139},"end":{"line":3,"column":163}},"loc":{"start":{"line":3,"column":175},"end":{"line":3,"column":342}},"line":3},"2":{"name":"(anonymous_2)","decl":{"start":{"line":5,"column":29},"end":{"line":5,"column":30}},"loc":{"start":{"line":5,"column":39},"end":{"line":15,"column":1}},"line":5},"3":{"name":"(anonymous_3)","decl":{"start":{"line":7,"column":18},"end":{"line":7,"column":19}},"loc":{"start":{"line":8,"column":4},"end":{"line":10,"column":167}},"line":8}},"branchMap":{"0":{"loc":{"start":{"line":3,"column":82},"end":{"line":3,"column":128}},"type":"cond-expr","locations":[{"start":{"line":3,"column":106},"end":{"line":3,"column":109}},{"start":{"line":3,"column":112},"end":{"line":3,"column":128}}],"line":3},"1":{"loc":{"start":{"line":3,"column":82},"end":{"line":3,"column":103}},"type":"binary-expr","locations":[{"start":{"line":3,"column":82},"end":{"line":3,"column":85}},{"start":{"line":3,"column":89},"end":{"line":3,"column":103}}],"line":3},"2":{"loc":{"start":{"line":3,"column":212},"end":{"line":3,"column":247}},"type":"if","locations":[{"start":{"line":3,"column":212},"end":{"line":3,"column":247}},{"start":{"line":3,"column":212},"end":{"line":3,"column":247}}],"line":3},"3":{"loc":{"start":{"line":3,"column":247},"end":{"line":3,"column":307}},"type":"if","locations":[{"start":{"line":3,"column":247},"end":{"line":3,"column":307}},{"start":{"line":3,"column":247},"end":{"line":3,"column":307}}],"line":3},"4":{"loc":{"start":{"line":8,"column":4},"end":{"line":10,"column":167}},"type":"cond-expr","locations":[{"start":{"line":9,"column":4},"end":{"line":9,"column":146}},{"start":{"line":10,"column":4},"end":{"line":10,"column":167}}],"line":8},"5":{"loc":{"start":{"line":10,"column":66},"end":{"line":10,"column":91}},"type":"cond-expr","locations":[{"start":{"line":10,"column":77},"end":{"line":10,"column":85}},{"start":{"line":10,"column":88},"end":{"line":10,"column":91}}],"line":10}},"s":{"0":0,"1":0,"2":0,"3":0,"4":0,"5":0,"6":0,"7":0,"8":0,"9":0,"10":0,"11":0,"12":0,"13":0,"14":0,"15":0,"16":0,"17":0,"18":0,"19":0,"20":0,"21":0,"22":0},"f":{"0":0,"1":0,"2":0,"3":0},"b":{"0":[0,0],"1":[0,0],"2":[0,0],"3":[0,0],"4":[0,0],"5":[0,0]}}
,"/Users/georgij/Projects/kwik-cover/src/routes/index.js": {"path":"/Users/georgij/Projects/kwik-cover/src/routes/index.js","statementMap":{"0":{"start":{"line":1,"column":13},"end":{"line":1,"column":75}},"1":{"start":{"line":1,"column":94},"end":{"line":1,"column":150}},"2":{"start":{"line":1,"column":164},"end":{"line":1,"column":180}},"3":{"start":{"line":1,"column":195},"end":{"line":1,"column":225}},"4":{"start":{"line":2,"column":22},"end":{"line":2,"column":49}},"5":{"start":{"line":4,"column":26},"end":{"line":4,"column":57}},"6":{"start":{"line":4,"column":85},"end":{"line":4,"column":128}},"7":{"start":{"line":5,"column":28},"end":{"line":5,"column":61}},"8":{"start":{"line":5,"column":91},"end":{"line":5,"column":136}},"9":{"start":{"line":6,"column":20},"end":{"line":6,"column":88}},"10":{"start":{"line":6,"column":110},"end":{"line":6,"column":147}},"11":{"start":{"line":7,"column":16},"end":{"line":7,"column":72}},"12":{"start":{"line":7,"column":90},"end":{"line":7,"column":123}},"13":{"start":{"line":8,"column":18},"end":{"line":8,"column":78}},"14":{"start":{"line":8,"column":98},"end":{"line":8,"column":133}},"15":{"start":{"line":9,"column":18},"end":{"line":9,"column":78}},"16":{"start":{"line":9,"column":98},"end":{"line":9,"column":133}},"17":{"start":{"line":10,"column":27},"end":{"line":10,"column":116}},"18":{"start":{"line":10,"column":145},"end":{"line":10,"column":189}},"19":{"start":{"line":11,"column":18},"end":{"line":11,"column":80}},"20":{"start":{"line":11,"column":100},"end":{"line":11,"column":135}},"21":{"start":{"line":12,"column":18},"end":{"line":12,"column":80}},"22":{"start":{"line":12,"column":100},"end":{"line":12,"column":135}},"23":{"start":{"line":13,"column":16},"end":{"line":13,"column":74}},"24":{"start":{"line":13,"column":92},"end":{"line":13,"column":125}},"25":{"start":{"line":14,"column":19},"end":{"line":14,"column":84}},"26":{"start":{"line":14,"column":105},"end":{"line":14,"column":141}},"27":{"start":{"line":15,"column":19},"end":{"line":15,"column":83}},"28":{"start":{"line":15,"column":104},"end":{"line":15,"column":140}},"29":{"start":{"line":16,"column":22},"end":{"line":16,"column":93}},"30":{"start":{"line":16,"column":117},"end":{"line":16,"column":156}},"31":{"start":{"line":17,"column":20},"end":{"line":17,"column":87}},"32":{"start":{"line":17,"column":109},"end":{"line":17,"column":146}},"33":{"start":{"line":18,"column":24},"end":{"line":18,"column":98}},"34":{"start":{"line":18,"column":124},"end":{"line":18,"column":165}},"35":{"start":{"line":18,"column":204},"end":{"line":18,"column":258}},"36":{"start":{"line":18,"column":259},"end":{"line":95,"column":119}},"37":{"start":{"line":21,"column":0},"end":{"line":95,"column":118}}},"fnMap":{"0":{"name":"_interopRequireDefault","decl":{"start":{"line":18,"column":175},"end":{"line":18,"column":197}},"loc":{"start":{"line":18,"column":203},"end":{"line":18,"column":259}},"line":18},"1":{"name":"(anonymous_1)","decl":{"start":{"line":20,"column":0},"end":{"line":20,"column":1}},"loc":{"start":{"line":21,"column":0},"end":{"line":95,"column":118}},"line":21}},"branchMap":{"0":{"loc":{"start":{"line":18,"column":211},"end":{"line":18,"column":257}},"type":"cond-expr","locations":[{"start":{"line":18,"column":235},"end":{"line":18,"column":238}},{"start":{"line":18,"column":241},"end":{"line":18,"column":257}}],"line":18},"1":{"loc":{"start":{"line":18,"column":211},"end":{"line":18,"column":232}},"type":"binary-expr","locations":[{"start":{"line":18,"column":211},"end":{"line":18,"column":214}},{"start":{"line":18,"column":218},"end":{"line":18,"column":232}}],"line":18}},"s":{"0":0,"1":0,"2":0,"3":0,"4":0,"5":0,"6":0,"7":0,"8":0,"9":0,"10":0,"11":0,"12":0,"13":0,"14":0,"15":0,"16":0,"17":0,"18":0,"19":0,"20":0,"21":0,"22":0,"23":0,"24":0,"25":0,"26":0,"27":0,"28":0,"29":0,"30":0,"31":0,"32":0,"33":0,"34":0,"35":0,"36":0,"37":0},"f":{"0":0,"1":0},"b":{"0":[0,0],"1":[0,0]}}
}
