TN:
SF:/Users/georgij/Projects/kwik-cover/src/App.js
FN:10,_interopRequireWildcard
FN:10,_interopRequireDefault
FN:13,(anonymous_2)
FN:17,(anonymous_3)
FN:41,(anonymous_4)
FN:46,(anonymous_5)
FN:47,(anonymous_6)
FNF:7
FNH:0
FNDA:0,_interopRequireWildcard
FNDA:0,_interopRequireDefault
FNDA:0,(anonymous_2)
FNDA:0,(anonymous_3)
FNDA:0,(anonymous_4)
FNDA:0,(anonymous_5)
FNDA:0,(anonymous_6)
DA:1,0
DA:2,0
DA:3,0
DA:4,0
DA:5,0
DA:6,0
DA:7,0
DA:8,0
DA:10,0
DA:14,0
DA:18,0
DA:19,0
DA:21,0
DA:22,0
DA:25,0
DA:37,0
DA:41,0
DA:46,0
DA:47,0
LF:19
LH:0
BRDA:10,0,0,0
BRDA:10,0,1,0
BRDA:10,1,0,0
BRDA:10,1,1,0
BRDA:10,2,0,0
BRDA:10,2,1,0
BRDA:10,3,0,0
BRDA:10,3,1,0
BRDA:10,4,0,0
BRDA:10,4,1,0
BRDA:10,5,0,0
BRDA:10,5,1,0
BRDA:21,6,0,0
BRDA:21,6,1,0
BRDA:29,7,0,0
BRDA:29,7,1,0
BRF:16
BRH:0
end_of_record
TN:
SF:/Users/georgij/Projects/kwik-cover/src/index.js
FN:16,_interopRequireDefault
FNF:1
FNH:0
FNDA:0,_interopRequireDefault
DA:1,0
DA:13,0
DA:14,0
DA:15,0
DA:16,0
DA:18,0
DA:29,0
LF:7
LH:0
BRDA:16,0,0,0
BRDA:16,0,1,0
BRDA:16,1,0,0
BRDA:16,1,1,0
BRF:4
BRH:0
end_of_record
TN:
SF:/Users/georgij/Projects/kwik-cover/src/registerServiceWorker.js
FN:106,register
FN:110,(anonymous_1)
FN:112,registerValidSW
FN:112,(anonymous_3)
FN:112,(anonymous_4)
FN:112,(anonymous_5)
FN:119,(anonymous_6)
FN:119,checkValidServiceWorker
FN:120,(anonymous_8)
FN:122,(anonymous_9)
FN:122,(anonymous_10)
FN:123,(anonymous_11)
FN:123,unregister
FN:123,(anonymous_13)
FNF:14
FNH:0
FNDA:0,register
FNDA:0,(anonymous_1)
FNDA:0,registerValidSW
FNDA:0,(anonymous_3)
FNDA:0,(anonymous_4)
FNDA:0,(anonymous_5)
FNDA:0,(anonymous_6)
FNDA:0,checkValidServiceWorker
FNDA:0,(anonymous_8)
FNDA:0,(anonymous_9)
FNDA:0,(anonymous_10)
FNDA:0,(anonymous_11)
FNDA:0,unregister
FNDA:0,(anonymous_13)
DA:1,0
DA:21,0
DA:104,0
DA:106,0
DA:107,0
DA:110,0
DA:111,0
DA:112,0
DA:116,0
DA:119,0
DA:120,0
DA:121,0
DA:122,0
DA:123,0
LF:14
LH:0
BRDA:104,0,0,0
BRDA:104,0,1,0
BRDA:104,0,2,0
BRDA:106,1,0,0
BRDA:106,1,1,0
BRDA:106,2,0,0
BRDA:106,2,1,0
BRDA:107,3,0,0
BRDA:107,3,1,0
BRDA:110,4,0,0
BRDA:110,4,1,0
BRDA:112,5,0,0
BRDA:112,5,1,0
BRDA:112,6,0,0
BRDA:112,6,1,0
BRDA:121,7,0,0
BRDA:121,7,1,0
BRDA:121,8,0,0
BRDA:121,8,1,0
BRDA:123,9,0,0
BRDA:123,9,1,0
BRF:21
BRH:0
end_of_record
TN:
SF:/Users/georgij/Projects/kwik-cover/src/store.js
FN:17,_interopRequireDefault
FN:40,sagas
FN:44,(anonymous_2)
FNF:3
FNH:0
FNDA:0,_interopRequireDefault
FNDA:0,sagas
FNDA:0,(anonymous_2)
DA:1,0
DA:2,0
DA:3,0
DA:5,0
DA:6,0
DA:7,0
DA:8,0
DA:9,0
DA:10,0
DA:11,0
DA:12,0
DA:13,0
DA:14,0
DA:15,0
DA:16,0
DA:17,0
DA:18,0
DA:20,0
DA:22,0
DA:24,0
DA:41,0
DA:44,0
DA:45,0
DA:46,0
LF:24
LH:0
BRDA:17,0,0,0
BRDA:17,0,1,0
BRDA:17,1,0,0
BRDA:17,1,1,0
BRDA:22,2,0,0
BRDA:22,2,1,0
BRF:6
BRH:0
end_of_record
TN:
SF:/Users/georgij/Projects/kwik-cover/src/base-components/Button/Button.js
FN:7,Button
FNF:1
FNH:1
FNDA:5,Button
DA:8,5
DA:20,8
LF:2
LH:2
BRF:0
BRH:0
end_of_record
TN:
SF:/Users/georgij/Projects/kwik-cover/src/base-components/Card/Card.js
FN:7,Card
FNF:1
FNH:0
FNDA:0,Card
DA:9,0
DA:16,2
LF:2
LH:1
BRF:0
BRH:0
end_of_record
TN:
SF:/Users/georgij/Projects/kwik-cover/src/base-components/DropdownMenu/DropdownMenu.js
FN:9,DropdownMenu
FNF:1
FNH:0
FNDA:0,DropdownMenu
DA:10,0
DA:20,1
LF:2
LH:1
BRF:0
BRH:0
end_of_record
TN:
SF:/Users/georgij/Projects/kwik-cover/src/base-components/Message/Message.js
FN:9,Message
FNF:1
FNH:1
FNDA:3,Message
DA:10,3
DA:28,4
LF:2
LH:2
BRDA:18,0,0,3
BRDA:18,0,1,0
BRF:2
BRH:1
end_of_record
TN:
SF:/Users/georgij/Projects/kwik-cover/src/base-components/MonthlyPrice/MonthlyPrice.js
FN:8,MonthlyPrice
FNF:1
FNH:0
FNDA:0,MonthlyPrice
DA:9,0
DA:10,0
DA:12,0
DA:21,3
LF:4
LH:1
BRDA:8,0,0,0
BRDA:16,1,0,0
BRDA:16,1,1,0
BRF:3
BRH:0
end_of_record
TN:
SF:/Users/georgij/Projects/kwik-cover/src/base-components/Select/Select.js
FN:8,Select
FNF:1
FNH:1
FNDA:9,Select
DA:9,9
DA:14,2
LF:2
LH:2
BRF:0
BRH:0
end_of_record
TN:
SF:/Users/georgij/Projects/kwik-cover/src/base-components/SelectMultiple/SelectMultiple.js
FN:8,_interopRequireWildcard
FN:8,_interopRequireDefault
FN:10,(anonymous_2)
FN:11,(anonymous_3)
FN:16,(anonymous_4)
FN:29,(anonymous_5)
FN:35,(anonymous_6)
FN:35,(anonymous_7)
FN:40,(anonymous_8)
FN:46,(anonymous_9)
FNF:10
FNH:0
FNDA:0,_interopRequireWildcard
FNDA:0,_interopRequireDefault
FNDA:0,(anonymous_2)
FNDA:0,(anonymous_3)
FNDA:0,(anonymous_4)
FNDA:0,(anonymous_5)
FNDA:0,(anonymous_6)
FNDA:0,(anonymous_7)
FNDA:0,(anonymous_8)
FNDA:0,(anonymous_9)
DA:1,0
DA:2,0
DA:3,0
DA:4,0
DA:5,0
DA:6,0
DA:8,0
DA:10,0
DA:12,0
DA:17,0
DA:18,0
DA:19,0
DA:30,0
DA:32,0
DA:35,0
DA:40,0
DA:46,0
DA:50,0
DA:53,0
LF:19
LH:0
BRDA:8,0,0,0
BRDA:8,0,1,0
BRDA:8,1,0,0
BRDA:8,1,1,0
BRDA:8,2,0,0
BRDA:8,2,1,0
BRDA:8,3,0,0
BRDA:8,3,1,0
BRDA:8,4,0,0
BRDA:8,4,1,0
BRDA:8,5,0,0
BRDA:8,5,1,0
BRF:12
BRH:0
end_of_record
TN:
SF:/Users/georgij/Projects/kwik-cover/src/base-components/Table/Table.js
FN:7,Table
FN:12,(anonymous_1)
FN:16,(anonymous_2)
FN:18,(anonymous_3)
FNF:4
FNH:1
FNDA:1,Table
FNDA:0,(anonymous_1)
FNDA:0,(anonymous_2)
FNDA:0,(anonymous_3)
DA:8,1
DA:12,0
DA:17,0
DA:18,0
DA:26,3
LF:5
LH:2
BRF:0
BRH:0
end_of_record
TN:
SF:/Users/georgij/Projects/kwik-cover/src/base-components/Tabs/Tabs.js
FN:8,_interopRequireDefault
FN:8,Tabs
FN:11,(anonymous_2)
FNF:3
FNH:0
FNDA:0,_interopRequireDefault
FNDA:0,Tabs
FNDA:0,(anonymous_2)
DA:1,0
DA:8,0
DA:9,0
DA:12,0
DA:24,0
LF:5
LH:0
BRDA:8,0,0,0
BRDA:8,0,1,0
BRDA:8,1,0,0
BRDA:8,1,1,0
BRF:4
BRH:0
end_of_record
TN:
SF:/Users/georgij/Projects/kwik-cover/src/base-components/ValidatedInput/ValidatedInput.js
FN:7,ValidatedInput
FNF:1
FNH:1
FNDA:9,ValidatedInput
DA:8,9
DA:16,2
LF:2
LH:2
BRF:0
BRH:0
end_of_record
TN:
SF:/Users/georgij/Projects/kwik-cover/src/base-components/ValidatedSelect/ValidatedSelect.js
FN:9,ValidatedSelect
FN:13,(anonymous_1)
FN:14,(anonymous_2)
FN:23,(anonymous_3)
FNF:4
FNH:2
FNDA:9,ValidatedSelect
FNDA:0,(anonymous_1)
FNDA:0,(anonymous_2)
FNDA:9,(anonymous_3)
DA:10,9
DA:13,0
DA:14,0
DA:23,9
DA:28,2
LF:5
LH:3
BRDA:13,0,0,0
BRDA:13,0,1,0
BRF:2
BRH:0
end_of_record
TN:
SF:/Users/georgij/Projects/kwik-cover/src/base-components/ValidationWrapper/ValidationWrapper.js
FN:7,_interopRequireWildcard
FN:7,_interopRequireDefault
FN:7,ValidationWrapper
FNF:3
FNH:0
FNDA:0,_interopRequireWildcard
FNDA:0,_interopRequireDefault
FNDA:0,ValidationWrapper
DA:1,0
DA:7,0
DA:8,0
DA:10,0
DA:29,0
LF:5
LH:0
BRDA:7,0,0,0
BRDA:7,0,1,0
BRDA:7,1,0,0
BRDA:7,1,1,0
BRDA:7,2,0,0
BRDA:7,2,1,0
BRDA:7,3,0,0
BRDA:7,3,1,0
BRDA:7,4,0,0
BRDA:7,4,1,0
BRDA:7,5,0,0
BRDA:7,5,1,0
BRDA:11,6,0,0
BRDA:11,6,1,0
BRDA:14,7,0,0
BRDA:14,7,1,0
BRDA:23,8,0,0
BRDA:23,8,1,0
BRDA:23,8,2,0
BRF:19
BRH:0
end_of_record
TN:
SF:/Users/georgij/Projects/kwik-cover/src/features/auth/actions.js
FN:3,(anonymous_0)
FN:8,(anonymous_1)
FN:13,(anonymous_2)
FN:19,(anonymous_3)
FN:23,(anonymous_4)
FN:27,(anonymous_5)
FNF:6
FNH:6
FNDA:1,(anonymous_0)
FNDA:1,(anonymous_1)
FNDA:1,(anonymous_2)
FNDA:1,(anonymous_3)
FNDA:1,(anonymous_4)
FNDA:1,(anonymous_5)
DA:3,1
DA:8,1
DA:13,1
DA:19,1
DA:23,1
DA:27,1
LF:6
LH:6
BRF:0
BRH:0
end_of_record
TN:
SF:/Users/georgij/Projects/kwik-cover/src/features/auth/constants.js
FNF:0
FNH:0
DA:1,3
DA:2,3
DA:3,3
DA:4,3
DA:5,3
DA:6,3
DA:8,3
LF:7
LH:7
BRF:0
BRH:0
end_of_record
TN:
SF:/Users/georgij/Projects/kwik-cover/src/features/auth/reducer.js
FN:10,(anonymous_0)
FNF:1
FNH:1
FNDA:4,(anonymous_0)
DA:3,1
DA:10,1
DA:12,4
DA:15,1
DA:22,1
DA:27,1
DA:34,1
LF:7
LH:7
BRDA:10,0,0,0
BRDA:12,1,0,1
BRDA:12,1,1,1
BRDA:12,1,2,1
BRDA:12,1,3,1
BRF:5
BRH:4
end_of_record
TN:
SF:/Users/georgij/Projects/kwik-cover/src/features/auth/sagas.js
FN:95,_interopRequireWildcard
FN:95,getUserInfo
FN:95,signUpSaga
FN:95,(anonymous_3)
FN:95,(anonymous_4)
FN:95,(anonymous_5)
FN:95,(anonymous_6)
FN:95,signInSaga
FN:95,(anonymous_8)
FN:95,(anonymous_9)
FN:95,(anonymous_10)
FN:95,(anonymous_11)
FN:95,checkLogInState
FN:95,(anonymous_13)
FN:95,(anonymous_14)
FN:95,(anonymous_15)
FN:95,logout
FN:103,startSagas
FN:104,rootSaga
FN:105,(anonymous_19)
FNF:20
FNH:0
FNDA:0,_interopRequireWildcard
FNDA:0,getUserInfo
FNDA:0,signUpSaga
FNDA:0,(anonymous_3)
FNDA:0,(anonymous_4)
FNDA:0,(anonymous_5)
FNDA:0,(anonymous_6)
FNDA:0,signInSaga
FNDA:0,(anonymous_8)
FNDA:0,(anonymous_9)
FNDA:0,(anonymous_10)
FNDA:0,(anonymous_11)
FNDA:0,checkLogInState
FNDA:0,(anonymous_13)
FNDA:0,(anonymous_14)
FNDA:0,(anonymous_15)
FNDA:0,logout
FNDA:0,startSagas
FNDA:0,rootSaga
FNDA:0,(anonymous_19)
DA:1,0
DA:20,0
DA:45,0
DA:78,0
DA:95,0
DA:96,0
DA:97,0
DA:99,0
DA:104,0
DA:105,0
DA:107,0
LF:11
LH:0
BRDA:95,0,0,0
BRDA:95,0,1,0
BRDA:95,1,0,0
BRDA:95,1,1,0
BRDA:95,2,0,0
BRDA:95,2,1,0
BRDA:95,3,0,0
BRDA:95,3,1,0
BRDA:95,4,0,0
BRDA:95,4,1,0
BRDA:95,5,0,0
BRDA:95,5,1,0
BRDA:95,6,0,0
BRDA:95,6,1,0
BRDA:95,7,0,0
BRDA:95,7,1,0
BRDA:95,8,0,0
BRDA:95,8,1,0
BRF:18
BRH:0
end_of_record
TN:
SF:/Users/georgij/Projects/kwik-cover/src/features/auth/components/Checkbox/Checkbox.js
FN:8,_interopRequireWildcard
FN:8,_interopRequireDefault
FN:8,Checkbox
FNF:3
FNH:0
FNDA:0,_interopRequireWildcard
FNDA:0,_interopRequireDefault
FNDA:0,Checkbox
DA:1,0
DA:8,0
DA:9,0
DA:18,0
LF:4
LH:0
BRDA:8,0,0,0
BRDA:8,0,1,0
BRDA:8,1,0,0
BRDA:8,1,1,0
BRDA:8,2,0,0
BRDA:8,2,1,0
BRDA:8,3,0,0
BRDA:8,3,1,0
BRDA:8,4,0,0
BRDA:8,4,1,0
BRDA:8,5,0,0
BRDA:8,5,1,0
BRDA:12,6,0,0
BRDA:12,6,1,0
BRF:14
BRH:0
end_of_record
TN:
SF:/Users/georgij/Projects/kwik-cover/src/features/auth/components/FormSwitcher/FormSwitcher.js
FN:9,_interopRequireWildcard
FN:9,_interopRequireDefault
FN:9,FormSwitcher
FNF:3
FNH:0
FNDA:0,_interopRequireWildcard
FNDA:0,_interopRequireDefault
FNDA:0,FormSwitcher
DA:1,0
DA:9,0
DA:10,0
DA:24,0
LF:4
LH:0
BRDA:9,0,0,0
BRDA:9,0,1,0
BRDA:9,1,0,0
BRDA:9,1,1,0
BRDA:9,2,0,0
BRDA:9,2,1,0
BRDA:9,3,0,0
BRDA:9,3,1,0
BRDA:9,4,0,0
BRDA:9,4,1,0
BRDA:9,5,0,0
BRDA:9,5,1,0
BRF:12
BRH:0
end_of_record
TN:
SF:/Users/georgij/Projects/kwik-cover/src/features/auth/components/SignInForm/SignInForm.js
FN:11,_interopRequireWildcard
FN:11,_interopRequireDefault
FN:14,(anonymous_2)
FN:22,(anonymous_3)
FN:27,(anonymous_4)
FN:31,(anonymous_5)
FN:77,(anonymous_6)
FNF:7
FNH:0
FNDA:0,_interopRequireWildcard
FNDA:0,_interopRequireDefault
FNDA:0,(anonymous_2)
FNDA:0,(anonymous_3)
FNDA:0,(anonymous_4)
FNDA:0,(anonymous_5)
FNDA:0,(anonymous_6)
DA:1,0
DA:2,0
DA:3,0
DA:4,0
DA:5,0
DA:6,0
DA:7,0
DA:8,0
DA:9,0
DA:11,0
DA:15,0
DA:23,0
DA:24,0
DA:25,0
DA:28,0
DA:29,0
DA:32,0
DA:34,0
DA:72,0
DA:78,0
DA:79,0
DA:80,0
DA:81,0
DA:82,0
DA:85,0
DA:86,0
DA:89,0
LF:27
LH:0
BRDA:11,0,0,0
BRDA:11,0,1,0
BRDA:11,1,0,0
BRDA:11,1,1,0
BRDA:11,2,0,0
BRDA:11,2,1,0
BRDA:11,3,0,0
BRDA:11,3,1,0
BRDA:11,4,0,0
BRDA:11,4,1,0
BRDA:11,5,0,0
BRDA:11,5,1,0
BRDA:49,6,0,0
BRDA:49,6,1,0
BRDA:62,7,0,0
BRDA:62,7,1,0
BRDA:65,8,0,0
BRDA:65,8,1,0
BRDA:79,9,0,0
BRDA:79,9,1,0
BRDA:81,10,0,0
BRDA:81,10,1,0
BRDA:85,11,0,0
BRDA:85,11,1,0
BRF:24
BRH:0
end_of_record
TN:
SF:/Users/georgij/Projects/kwik-cover/src/features/auth/components/SignUpForm/SignUpForm.js
FN:12,_interopRequireWildcard
FN:12,_interopRequireDefault
FN:21,(anonymous_2)
FN:29,(anonymous_3)
FN:34,(anonymous_4)
FN:38,(anonymous_5)
FN:106,(anonymous_6)
FNF:7
FNH:0
FNDA:0,_interopRequireWildcard
FNDA:0,_interopRequireDefault
FNDA:0,(anonymous_2)
FNDA:0,(anonymous_3)
FNDA:0,(anonymous_4)
FNDA:0,(anonymous_5)
FNDA:0,(anonymous_6)
DA:1,0
DA:2,0
DA:3,0
DA:4,0
DA:5,0
DA:6,0
DA:7,0
DA:8,0
DA:9,0
DA:10,0
DA:12,0
DA:14,0
DA:22,0
DA:30,0
DA:31,0
DA:32,0
DA:35,0
DA:36,0
DA:39,0
DA:41,0
DA:101,0
DA:107,0
DA:108,0
DA:109,0
DA:110,0
DA:111,0
DA:114,0
DA:115,0
DA:116,0
DA:117,0
DA:120,0
DA:121,0
DA:124,0
DA:125,0
DA:128,0
LF:35
LH:0
BRDA:12,0,0,0
BRDA:12,0,1,0
BRDA:12,1,0,0
BRDA:12,1,1,0
BRDA:12,2,0,0
BRDA:12,2,1,0
BRDA:12,3,0,0
BRDA:12,3,1,0
BRDA:12,4,0,0
BRDA:12,4,1,0
BRDA:12,5,0,0
BRDA:12,5,1,0
BRDA:70,6,0,0
BRDA:70,6,1,0
BRDA:91,7,0,0
BRDA:91,7,1,0
BRDA:108,8,0,0
BRDA:108,8,1,0
BRDA:110,9,0,0
BRDA:110,9,1,0
BRDA:114,10,0,0
BRDA:114,10,1,0
BRDA:116,11,0,0
BRDA:116,11,1,0
BRDA:120,12,0,0
BRDA:120,12,1,0
BRDA:124,13,0,0
BRDA:124,13,1,0
BRF:28
BRH:0
end_of_record
TN:
SF:/Users/georgij/Projects/kwik-cover/src/features/auth/containers/SignUpPage/SignUpPage.js
FN:7,_interopRequireWildcard
FN:7,_interopRequireDefault
FN:9,(anonymous_2)
FN:10,(anonymous_3)
FN:13,(anonymous_4)
FN:18,(anonymous_5)
FN:29,(anonymous_6)
FN:30,(anonymous_7)
FN:31,(anonymous_8)
FNF:9
FNH:0
FNDA:0,_interopRequireWildcard
FNDA:0,_interopRequireDefault
FNDA:0,(anonymous_2)
FNDA:0,(anonymous_3)
FNDA:0,(anonymous_4)
FNDA:0,(anonymous_5)
FNDA:0,(anonymous_6)
FNDA:0,(anonymous_7)
FNDA:0,(anonymous_8)
DA:1,0
DA:2,0
DA:3,0
DA:4,0
DA:5,0
DA:7,0
DA:9,0
DA:11,0
DA:13,0
DA:14,0
DA:19,0
DA:25,0
DA:29,0
DA:30,0
DA:31,0
LF:15
LH:0
BRDA:7,0,0,0
BRDA:7,0,1,0
BRDA:7,1,0,0
BRDA:7,1,1,0
BRDA:7,2,0,0
BRDA:7,2,1,0
BRDA:7,3,0,0
BRDA:7,3,1,0
BRDA:7,4,0,0
BRDA:7,4,1,0
BRDA:7,5,0,0
BRDA:7,5,1,0
BRF:12
BRH:0
end_of_record
TN:
SF:/Users/georgij/Projects/kwik-cover/src/features/auth/containers/SingInPage/SignInPage.js
FN:7,_interopRequireWildcard
FN:7,_interopRequireDefault
FN:9,(anonymous_2)
FN:10,(anonymous_3)
FN:13,(anonymous_4)
FN:18,(anonymous_5)
FN:29,(anonymous_6)
FN:30,(anonymous_7)
FN:31,(anonymous_8)
FNF:9
FNH:0
FNDA:0,_interopRequireWildcard
FNDA:0,_interopRequireDefault
FNDA:0,(anonymous_2)
FNDA:0,(anonymous_3)
FNDA:0,(anonymous_4)
FNDA:0,(anonymous_5)
FNDA:0,(anonymous_6)
FNDA:0,(anonymous_7)
FNDA:0,(anonymous_8)
DA:1,0
DA:2,0
DA:3,0
DA:4,0
DA:5,0
DA:7,0
DA:9,0
DA:11,0
DA:13,0
DA:14,0
DA:19,0
DA:25,0
DA:29,0
DA:30,0
DA:31,0
LF:15
LH:0
BRDA:7,0,0,0
BRDA:7,0,1,0
BRDA:7,1,0,0
BRDA:7,1,1,0
BRDA:7,2,0,0
BRDA:7,2,1,0
BRDA:7,3,0,0
BRDA:7,3,1,0
BRDA:7,4,0,0
BRDA:7,4,1,0
BRDA:7,5,0,0
BRDA:7,5,1,0
BRF:12
BRH:0
end_of_record
TN:
SF:/Users/georgij/Projects/kwik-cover/src/features/demographicForm/actions.js
FN:3,(anonymous_0)
FNF:1
FNH:1
FNDA:1,(anonymous_0)
DA:3,2
LF:1
LH:1
BRF:0
BRH:0
end_of_record
TN:
SF:/Users/georgij/Projects/kwik-cover/src/features/demographicForm/constants.js
FNF:0
FNH:0
DA:1,3
DA:3,3
DA:8,3
DA:13,3
LF:4
LH:4
BRF:0
BRH:0
end_of_record
TN:
SF:/Users/georgij/Projects/kwik-cover/src/features/demographicForm/sagas.js
FN:6,_interopRequireWildcard
FN:6,sendDemographicForm
FN:24,startSagas
FN:25,rootSaga
FN:26,(anonymous_4)
FNF:5
FNH:0
FNDA:0,_interopRequireWildcard
FNDA:0,sendDemographicForm
FNDA:0,startSagas
FNDA:0,rootSaga
FNDA:0,(anonymous_4)
DA:1,0
DA:6,0
DA:7,0
DA:8,0
DA:9,0
DA:14,0
DA:16,0
DA:17,0
DA:19,0
DA:25,0
DA:26,0
DA:28,0
LF:12
LH:0
BRDA:6,0,0,0
BRDA:6,0,1,0
BRDA:6,1,0,0
BRDA:6,1,1,0
BRDA:6,2,0,0
BRDA:6,2,1,0
BRDA:6,3,0,0
BRDA:6,3,1,0
BRDA:16,4,0,0
BRDA:16,4,1,0
BRF:10
BRH:0
end_of_record
TN:
SF:/Users/georgij/Projects/kwik-cover/src/features/demographicForm/components/DemographicForm/DemographicForm.js
FN:28,(anonymous_0)
FN:42,(anonymous_1)
FN:132,(anonymous_2)
FN:149,(anonymous_3)
FNF:4
FNH:3
FNDA:0,(anonymous_0)
FNDA:3,(anonymous_1)
FNDA:6,(anonymous_2)
FNDA:4,(anonymous_3)
DA:12,2
DA:17,2
DA:22,2
DA:29,0
DA:31,0
DA:32,0
DA:33,0
DA:34,0
DA:36,0
DA:39,0
DA:43,3
DA:45,3
DA:130,2
DA:133,6
DA:135,6
DA:136,6
DA:137,6
DA:138,6
DA:139,6
DA:140,6
DA:141,6
DA:143,6
DA:147,2
DA:149,2
DA:150,4
DA:151,4
LF:26
LH:19
BRDA:32,0,0,0
BRDA:32,0,1,0
BRDA:106,1,0,3
BRDA:106,1,1,0
BRDA:117,2,0,3
BRDA:117,2,1,0
BRDA:120,3,0,3
BRDA:120,3,1,3
BRDA:135,4,0,6
BRDA:135,4,1,0
BRDA:136,5,0,6
BRDA:136,5,1,0
BRDA:137,6,0,6
BRDA:137,6,1,0
BRDA:138,7,0,6
BRDA:138,7,1,0
BRDA:139,8,0,6
BRDA:139,8,1,0
BRDA:140,9,0,6
BRDA:140,9,1,0
BRDA:141,10,0,0
BRDA:141,10,1,6
BRDA:141,11,0,6
BRDA:141,11,1,0
BRF:24
BRH:12
end_of_record
TN:
SF:/Users/georgij/Projects/kwik-cover/src/features/demographicForm/components/DemographicFormPageMessage/DemographicFormPageMessage.js
FN:7,DemographicFormPageMessage
FNF:1
FNH:1
FNDA:3,DemographicFormPageMessage
DA:9,3
DA:16,1
LF:2
LH:2
BRF:0
BRH:0
end_of_record
TN:
SF:/Users/georgij/Projects/kwik-cover/src/features/demographicForm/components/FormInput/FormInput.js
FN:8,FormInput
FNF:1
FNH:1
FNDA:9,FormInput
DA:9,9
DA:14,2
LF:2
LH:2
BRF:0
BRH:0
end_of_record
TN:
SF:/Users/georgij/Projects/kwik-cover/src/features/demographicForm/components/FormLine/FormLine.js
FN:5,FormLine
FNF:1
FNH:1
FNDA:15,FormLine
DA:6,15
LF:1
LH:1
BRF:0
BRH:0
end_of_record
TN:
SF:/Users/georgij/Projects/kwik-cover/src/features/demographicForm/containers/DemographicFormPage/DemographicFormPage.js
FN:10,(anonymous_0)
FN:18,(anonymous_1)
FN:21,(anonymous_2)
FN:26,(anonymous_3)
FN:39,(anonymous_4)
FN:44,(anonymous_5)
FN:45,(anonymous_6)
FNF:7
FNH:4
FNDA:3,(anonymous_0)
FNDA:0,(anonymous_1)
FNDA:0,(anonymous_2)
FNDA:3,(anonymous_3)
FNDA:4,(anonymous_4)
FNDA:4,(anonymous_5)
FNDA:0,(anonymous_6)
DA:11,3
DA:13,3
DA:14,0
DA:19,0
DA:21,0
DA:22,0
DA:27,3
DA:29,3
DA:39,4
DA:44,4
DA:45,0
LF:11
LH:6
BRDA:13,0,0,0
BRDA:13,0,1,3
BRF:2
BRH:1
end_of_record
TN:
SF:/Users/georgij/Projects/kwik-cover/src/features/footer/components/Footer/Footer.js
FN:8,_interopRequireWildcard
FN:8,_interopRequireDefault
FN:8,Footer
FNF:3
FNH:0
FNDA:0,_interopRequireWildcard
FNDA:0,_interopRequireDefault
FNDA:0,Footer
DA:1,0
DA:8,0
DA:9,0
DA:17,0
LF:4
LH:0
BRDA:8,0,0,0
BRDA:8,0,1,0
BRDA:8,1,0,0
BRDA:8,1,1,0
BRDA:8,2,0,0
BRDA:8,2,1,0
BRDA:8,3,0,0
BRDA:8,3,1,0
BRDA:8,4,0,0
BRDA:8,4,1,0
BRDA:8,5,0,0
BRDA:8,5,1,0
BRF:12
BRH:0
end_of_record
TN:
SF:/Users/georgij/Projects/kwik-cover/src/features/header/components/HeaderActions/HeaderActions.js
FN:14,HeaderActions
FN:28,(anonymous_1)
FN:29,(anonymous_2)
FNF:3
FNH:1
FNDA:3,HeaderActions
FNDA:0,(anonymous_1)
FNDA:0,(anonymous_2)
DA:15,3
DA:28,0
DA:29,0
DA:34,1
LF:4
LH:2
BRDA:18,0,0,2
BRDA:18,0,1,1
BRDA:27,1,0,0
BRDA:27,1,1,3
BRF:4
BRH:3
end_of_record
TN:
SF:/Users/georgij/Projects/kwik-cover/src/features/header/components/HeaderLogo/HeaderLogo.js
FN:8,_interopRequireDefault
FN:8,HeaderLogo
FNF:2
FNH:0
FNDA:0,_interopRequireDefault
FNDA:0,HeaderLogo
DA:1,0
DA:8,0
DA:9,0
DA:14,0
LF:4
LH:0
BRDA:8,0,0,0
BRDA:8,0,1,0
BRDA:8,1,0,0
BRDA:8,1,1,0
BRF:4
BRH:0
end_of_record
TN:
SF:/Users/georgij/Projects/kwik-cover/src/features/header/containers/Header/Header.js
FN:9,_interopRequireDefault
FN:17,(anonymous_1)
FN:18,(anonymous_2)
FN:22,(anonymous_3)
FN:44,(anonymous_4)
FN:49,(anonymous_5)
FN:50,(anonymous_6)
FNF:7
FNH:0
FNDA:0,_interopRequireDefault
FNDA:0,(anonymous_1)
FNDA:0,(anonymous_2)
FNDA:0,(anonymous_3)
FNDA:0,(anonymous_4)
FNDA:0,(anonymous_5)
FNDA:0,(anonymous_6)
DA:1,0
DA:2,0
DA:3,0
DA:4,0
DA:5,0
DA:6,0
DA:7,0
DA:9,0
DA:11,0
DA:17,0
DA:19,0
DA:23,0
DA:24,0
DA:40,0
DA:44,0
DA:49,0
DA:50,0
LF:17
LH:0
BRDA:9,0,0,0
BRDA:9,0,1,0
BRDA:9,1,0,0
BRDA:9,1,1,0
BRDA:47,2,0,0
BRDA:47,2,1,0
BRF:6
BRH:0
end_of_record
TN:
SF:/Users/georgij/Projects/kwik-cover/src/features/home/components/CompleteSurveyMessage/CompleteSurveyMessage.js
FN:8,_interopRequireDefault
FN:8,CompleteSurveyMessage
FNF:2
FNH:0
FNDA:0,_interopRequireDefault
FNDA:0,CompleteSurveyMessage
DA:1,0
DA:8,0
DA:9,0
DA:20,0
LF:4
LH:0
BRDA:8,0,0,0
BRDA:8,0,1,0
BRDA:8,1,0,0
BRDA:8,1,1,0
BRF:4
BRH:0
end_of_record
TN:
SF:/Users/georgij/Projects/kwik-cover/src/features/home/components/HomePageButton/HomePageButton.js
FN:8,_interopRequireDefault
FN:8,HomePageButton
FNF:2
FNH:0
FNDA:0,_interopRequireDefault
FNDA:0,HomePageButton
DA:1,0
DA:8,0
DA:9,0
DA:17,0
LF:4
LH:0
BRDA:8,0,0,0
BRDA:8,0,1,0
BRDA:8,1,0,0
BRDA:8,1,1,0
BRF:4
BRH:0
end_of_record
TN:
SF:/Users/georgij/Projects/kwik-cover/src/features/home/components/HomePageCard/HomePageCard.js
FN:9,_interopRequireDefault
FN:9,HomePageCard
FN:19,(anonymous_2)
FNF:3
FNH:0
FNDA:0,_interopRequireDefault
FNDA:0,HomePageCard
FNDA:0,(anonymous_2)
DA:1,0
DA:9,0
DA:10,0
DA:20,0
DA:34,0
LF:5
LH:0
BRDA:9,0,0,0
BRDA:9,0,1,0
BRDA:9,1,0,0
BRDA:9,1,1,0
BRF:4
BRH:0
end_of_record
TN:
SF:/Users/georgij/Projects/kwik-cover/src/features/home/components/ListItem/ListItem.js
FN:7,_interopRequireWildcard
FN:7,_interopRequireDefault
FN:7,ListItem
FNF:3
FNH:0
FNDA:0,_interopRequireWildcard
FNDA:0,_interopRequireDefault
FNDA:0,ListItem
DA:1,0
DA:7,0
DA:8,0
DA:16,0
LF:4
LH:0
BRDA:7,0,0,0
BRDA:7,0,1,0
BRDA:7,1,0,0
BRDA:7,1,1,0
BRDA:7,2,0,0
BRDA:7,2,1,0
BRDA:7,3,0,0
BRDA:7,3,1,0
BRDA:7,4,0,0
BRDA:7,4,1,0
BRDA:7,5,0,0
BRDA:7,5,1,0
BRF:12
BRH:0
end_of_record
TN:
SF:/Users/georgij/Projects/kwik-cover/src/features/home/components/QuotesAvailableMessage/QuotesAvailableMessage.js
FN:8,_interopRequireDefault
FN:8,QuotesAvailable
FNF:2
FNH:0
FNDA:0,_interopRequireDefault
FNDA:0,QuotesAvailable
DA:1,0
DA:8,0
DA:9,0
DA:20,0
LF:4
LH:0
BRDA:8,0,0,0
BRDA:8,0,1,0
BRDA:8,1,0,0
BRDA:8,1,1,0
BRF:4
BRH:0
end_of_record
TN:
SF:/Users/georgij/Projects/kwik-cover/src/features/home/containers/HomePage/HomePage.js
FN:17,_interopRequireDefault
FN:20,(anonymous_1)
FN:29,(anonymous_2)
FN:33,(anonymous_3)
FN:37,(anonymous_4)
FN:41,(anonymous_5)
FN:45,(anonymous_6)
FN:51,(anonymous_7)
FN:87,(anonymous_8)
FN:100,(anonymous_9)
FN:101,(anonymous_10)
FN:114,(anonymous_11)
FN:115,(anonymous_12)
FN:125,(anonymous_13)
FN:130,(anonymous_14)
FN:131,(anonymous_15)
FNF:16
FNH:0
FNDA:0,_interopRequireDefault
FNDA:0,(anonymous_1)
FNDA:0,(anonymous_2)
FNDA:0,(anonymous_3)
FNDA:0,(anonymous_4)
FNDA:0,(anonymous_5)
FNDA:0,(anonymous_6)
FNDA:0,(anonymous_7)
FNDA:0,(anonymous_8)
FNDA:0,(anonymous_9)
FNDA:0,(anonymous_10)
FNDA:0,(anonymous_11)
FNDA:0,(anonymous_12)
FNDA:0,(anonymous_13)
FNDA:0,(anonymous_14)
FNDA:0,(anonymous_15)
DA:1,0
DA:2,0
DA:3,0
DA:4,0
DA:5,0
DA:6,0
DA:7,0
DA:8,0
DA:9,0
DA:10,0
DA:11,0
DA:12,0
DA:13,0
DA:14,0
DA:15,0
DA:17,0
DA:21,0
DA:30,0
DA:31,0
DA:34,0
DA:35,0
DA:38,0
DA:39,0
DA:42,0
DA:43,0
DA:46,0
DA:48,0
DA:49,0
DA:52,0
DA:54,0
DA:87,0
DA:100,0
DA:101,0
DA:114,0
DA:115,0
DA:121,0
DA:125,0
DA:130,0
DA:131,0
LF:39
LH:0
BRDA:17,0,0,0
BRDA:17,0,1,0
BRDA:17,1,0,0
BRDA:17,1,1,0
BRDA:57,2,0,0
BRDA:57,2,1,0
BRDA:57,2,2,0
BRDA:67,3,0,0
BRDA:67,3,1,0
BRDA:67,3,2,0
BRF:10
BRH:0
end_of_record
TN:
SF:/Users/georgij/Projects/kwik-cover/src/features/notFound/containers/NotFoundPage/NotFoundPage.js
FN:4,_interopRequireDefault
FN:7,(anonymous_1)
FN:15,(anonymous_2)
FN:16,(anonymous_3)
FNF:4
FNH:0
FNDA:0,_interopRequireDefault
FNDA:0,(anonymous_1)
FNDA:0,(anonymous_2)
FNDA:0,(anonymous_3)
DA:1,0
DA:2,0
DA:4,0
DA:8,0
DA:11,0
DA:15,0
DA:16,0
LF:7
LH:0
BRDA:4,0,0,0
BRDA:4,0,1,0
BRDA:4,1,0,0
BRDA:4,1,1,0
BRF:4
BRH:0
end_of_record
TN:
SF:/Users/georgij/Projects/kwik-cover/src/features/payment/actions.js
FN:1,_interopRequireWildcard
FN:3,(anonymous_1)
FN:7,(anonymous_2)
FN:12,(anonymous_3)
FN:18,(anonymous_4)
FNF:5
FNH:0
FNDA:0,_interopRequireWildcard
FNDA:0,(anonymous_1)
FNDA:0,(anonymous_2)
FNDA:0,(anonymous_3)
FNDA:0,(anonymous_4)
DA:1,0
DA:3,0
DA:7,0
DA:12,0
DA:18,0
LF:5
LH:0
BRDA:1,0,0,0
BRDA:1,0,1,0
BRDA:1,1,0,0
BRDA:1,1,1,0
BRDA:1,2,0,0
BRDA:1,2,1,0
BRDA:1,3,0,0
BRDA:1,3,1,0
BRF:8
BRH:0
end_of_record
TN:
SF:/Users/georgij/Projects/kwik-cover/src/features/payment/constants.js
FNF:0
FNH:0
DA:1,0
DA:2,0
DA:3,0
DA:4,0
LF:4
LH:0
BRF:0
BRH:0
end_of_record
TN:
SF:/Users/georgij/Projects/kwik-cover/src/features/payment/reducer.js
FN:1,_interopRequireWildcard
FN:8,(anonymous_1)
FNF:2
FNH:0
FNDA:0,_interopRequireWildcard
FNDA:0,(anonymous_1)
DA:1,0
DA:3,0
DA:8,0
DA:10,0
DA:13,0
DA:18,0
DA:24,0
DA:29,0
DA:32,0
LF:9
LH:0
BRDA:1,0,0,0
BRDA:1,0,1,0
BRDA:1,1,0,0
BRDA:1,1,1,0
BRDA:1,2,0,0
BRDA:1,2,1,0
BRDA:1,3,0,0
BRDA:1,3,1,0
BRDA:8,4,0,0
BRDA:10,5,0,0
BRDA:10,5,1,0
BRDA:10,5,2,0
BRDA:10,5,3,0
BRF:13
BRH:0
end_of_record
TN:
SF:/Users/georgij/Projects/kwik-cover/src/features/payment/sagas.js
FN:86,_interopRequireDefault
FN:86,_interopRequireWildcard
FN:86,getSavedCards
FN:86,generateBraintreeToken
FN:86,generateNonce
FN:86,(anonymous_5)
FN:88,(anonymous_6)
FN:88,(anonymous_7)
FN:88,(anonymous_8)
FN:88,sendPaymentTransaction
FN:88,submitPaymentFlow
FN:110,startSagas
FN:111,rootSaga
FN:112,(anonymous_13)
FNF:14
FNH:0
FNDA:0,_interopRequireDefault
FNDA:0,_interopRequireWildcard
FNDA:0,getSavedCards
FNDA:0,generateBraintreeToken
FNDA:0,generateNonce
FNDA:0,(anonymous_5)
FNDA:0,(anonymous_6)
FNDA:0,(anonymous_7)
FNDA:0,(anonymous_8)
FNDA:0,sendPaymentTransaction
FNDA:0,submitPaymentFlow
FNDA:0,startSagas
FNDA:0,rootSaga
FNDA:0,(anonymous_13)
DA:1,0
DA:29,0
DA:41,0
DA:49,0
DA:77,0
DA:86,0
DA:88,0
DA:89,0
DA:90,0
DA:91,0
DA:95,0
DA:97,0
DA:98,0
DA:99,0
DA:103,0
DA:111,0
DA:112,0
DA:114,0
LF:18
LH:0
BRDA:86,0,0,0
BRDA:86,0,1,0
BRDA:86,1,0,0
BRDA:86,1,1,0
BRDA:86,2,0,0
BRDA:86,2,1,0
BRDA:86,3,0,0
BRDA:86,3,1,0
BRDA:86,4,0,0
BRDA:86,4,1,0
BRDA:86,5,0,0
BRDA:86,5,1,0
BRDA:86,6,0,0
BRDA:86,6,1,0
BRDA:86,7,0,0
BRDA:86,7,1,0
BRDA:88,8,0,0
BRDA:88,8,1,0
BRDA:90,9,0,0
BRDA:90,9,1,0
BRDA:98,10,0,0
BRDA:98,10,1,0
BRF:22
BRH:0
end_of_record
TN:
SF:/Users/georgij/Projects/kwik-cover/src/features/payment/components/ExistingCardForm/ExistingCardForm.js
FN:8,_interopRequireWildcard
FN:8,_interopRequireDefault
FN:10,(anonymous_2)
FN:12,(anonymous_3)
FN:17,(anonymous_4)
FN:24,(anonymous_5)
FN:31,(anonymous_6)
FN:33,(anonymous_7)
FN:60,(anonymous_8)
FNF:9
FNH:0
FNDA:0,_interopRequireWildcard
FNDA:0,_interopRequireDefault
FNDA:0,(anonymous_2)
FNDA:0,(anonymous_3)
FNDA:0,(anonymous_4)
FNDA:0,(anonymous_5)
FNDA:0,(anonymous_6)
FNDA:0,(anonymous_7)
FNDA:0,(anonymous_8)
DA:1,0
DA:2,0
DA:3,0
DA:4,0
DA:5,0
DA:6,0
DA:8,0
DA:10,0
DA:13,0
DA:14,0
DA:18,0
DA:25,0
DA:32,0
DA:33,0
DA:34,0
DA:41,0
DA:60,0
DA:67,0
LF:18
LH:0
BRDA:8,0,0,0
BRDA:8,0,1,0
BRDA:8,1,0,0
BRDA:8,1,1,0
BRDA:8,2,0,0
BRDA:8,2,1,0
BRDA:8,3,0,0
BRDA:8,3,1,0
BRDA:8,4,0,0
BRDA:8,4,1,0
BRDA:8,5,0,0
BRDA:8,5,1,0
BRF:12
BRH:0
end_of_record
TN:
SF:/Users/georgij/Projects/kwik-cover/src/features/payment/components/PaymentForm/PaymentForm.js
FN:11,_interopRequireWildcard
FN:11,_interopRequireDefault
FN:13,(anonymous_2)
FN:15,(anonymous_3)
FN:20,(anonymous_4)
FN:26,(anonymous_5)
FN:37,(anonymous_6)
FN:45,(anonymous_7)
FN:57,(anonymous_8)
FN:76,(anonymous_9)
FNF:10
FNH:0
FNDA:0,_interopRequireWildcard
FNDA:0,_interopRequireDefault
FNDA:0,(anonymous_2)
FNDA:0,(anonymous_3)
FNDA:0,(anonymous_4)
FNDA:0,(anonymous_5)
FNDA:0,(anonymous_6)
FNDA:0,(anonymous_7)
FNDA:0,(anonymous_8)
FNDA:0,(anonymous_9)
DA:1,0
DA:2,0
DA:3,0
DA:4,0
DA:5,0
DA:6,0
DA:7,0
DA:8,0
DA:9,0
DA:11,0
DA:13,0
DA:16,0
DA:17,0
DA:21,0
DA:22,0
DA:23,0
DA:27,0
DA:28,0
DA:37,0
DA:45,0
DA:57,0
DA:71,0
DA:77,0
DA:78,0
DA:79,0
DA:82,0
DA:83,0
DA:86,0
DA:87,0
DA:90,0
DA:91,0
DA:94,0
DA:95,0
DA:98,0
DA:99,0
DA:102,0
LF:36
LH:0
BRDA:11,0,0,0
BRDA:11,0,1,0
BRDA:11,1,0,0
BRDA:11,1,1,0
BRDA:11,2,0,0
BRDA:11,2,1,0
BRDA:11,3,0,0
BRDA:11,3,1,0
BRDA:11,4,0,0
BRDA:11,4,1,0
BRDA:11,5,0,0
BRDA:11,5,1,0
BRDA:78,6,0,0
BRDA:78,6,1,0
BRDA:82,7,0,0
BRDA:82,7,1,0
BRDA:86,8,0,0
BRDA:86,8,1,0
BRDA:90,9,0,0
BRDA:90,9,1,0
BRDA:94,10,0,0
BRDA:94,10,1,0
BRDA:98,11,0,0
BRDA:98,11,1,0
BRF:24
BRH:0
end_of_record
TN:
SF:/Users/georgij/Projects/kwik-cover/src/features/payment/components/SummaryCard/SummaryCard.js
FN:7,_interopRequireDefault
FN:7,SummaryCard
FN:9,(anonymous_2)
FNF:3
FNH:0
FNDA:0,_interopRequireDefault
FNDA:0,SummaryCard
FNDA:0,(anonymous_2)
DA:1,0
DA:7,0
DA:8,0
DA:9,0
DA:10,0
DA:11,0
DA:12,0
DA:21,0
DA:22,0
DA:41,0
LF:10
LH:0
BRDA:7,0,0,0
BRDA:7,0,1,0
BRDA:7,1,0,0
BRDA:7,1,1,0
BRDA:7,2,0,0
BRF:5
BRH:0
end_of_record
TN:
SF:/Users/georgij/Projects/kwik-cover/src/features/payment/containers/PaymentPage/PaymentPage.js
FN:10,_interopRequireDefault
FN:14,(anonymous_1)
FN:27,(anonymous_2)
FN:31,(anonymous_3)
FN:33,(anonymous_4)
FN:35,(anonymous_5)
FN:61,(anonymous_6)
FN:66,(anonymous_7)
FN:67,(anonymous_8)
FN:68,(anonymous_9)
FN:69,(anonymous_10)
FNF:11
FNH:0
FNDA:0,_interopRequireDefault
FNDA:0,(anonymous_1)
FNDA:0,(anonymous_2)
FNDA:0,(anonymous_3)
FNDA:0,(anonymous_4)
FNDA:0,(anonymous_5)
FNDA:0,(anonymous_6)
FNDA:0,(anonymous_7)
FNDA:0,(anonymous_8)
FNDA:0,(anonymous_9)
FNDA:0,(anonymous_10)
DA:1,0
DA:2,0
DA:3,0
DA:4,0
DA:5,0
DA:6,0
DA:7,0
DA:9,0
DA:10,0
DA:15,0
DA:28,0
DA:29,0
DA:32,0
DA:33,0
DA:36,0
DA:37,0
DA:57,0
DA:61,0
DA:66,0
DA:67,0
DA:68,0
DA:69,0
LF:22
LH:0
BRDA:10,0,0,0
BRDA:10,0,1,0
BRDA:10,1,0,0
BRDA:10,1,1,0
BRDA:46,2,0,0
BRDA:46,2,1,0
BRDA:46,3,0,0
BRDA:46,3,1,0
BRF:8
BRH:0
end_of_record
TN:
SF:/Users/georgij/Projects/kwik-cover/src/features/profile/actions.js
FN:3,(anonymous_0)
FN:7,(anonymous_1)
FN:12,(anonymous_2)
FN:17,(anonymous_3)
FN:21,(anonymous_4)
FN:26,(anonymous_5)
FN:31,(anonymous_6)
FNF:7
FNH:7
FNDA:1,(anonymous_0)
FNDA:1,(anonymous_1)
FNDA:1,(anonymous_2)
FNDA:1,(anonymous_3)
FNDA:1,(anonymous_4)
FNDA:1,(anonymous_5)
FNDA:1,(anonymous_6)
DA:3,1
DA:7,1
DA:12,1
DA:17,1
DA:21,1
DA:26,1
DA:31,1
LF:7
LH:7
BRF:0
BRH:0
end_of_record
TN:
SF:/Users/georgij/Projects/kwik-cover/src/features/profile/constants.js
FNF:0
FNH:0
DA:1,2
DA:2,2
DA:3,2
DA:4,2
DA:5,2
DA:6,2
DA:7,2
DA:9,2
DA:17,2
LF:9
LH:9
BRF:0
BRH:0
end_of_record
TN:
SF:/Users/georgij/Projects/kwik-cover/src/features/profile/reducer.js
FN:9,(anonymous_0)
FNF:1
FNH:1
FNDA:4,(anonymous_0)
DA:3,1
DA:9,1
DA:11,4
DA:14,1
DA:19,1
DA:24,1
DA:29,1
LF:7
LH:7
BRDA:9,0,0,0
BRDA:11,1,0,1
BRDA:11,1,1,1
BRDA:11,1,2,1
BRDA:11,1,3,1
BRF:5
BRH:4
end_of_record
TN:
SF:/Users/georgij/Projects/kwik-cover/src/features/profile/sagas.js
FN:51,_interopRequireWildcard
FN:51,fetchUserInfo
FN:51,getUserInfo
FN:51,updateUserInfo
FN:51,getUserPlans
FN:55,sendContactForm
FN:66,startSagas
FN:67,rootSaga
FN:68,(anonymous_8)
FNF:9
FNH:0
FNDA:0,_interopRequireWildcard
FNDA:0,fetchUserInfo
FNDA:0,getUserInfo
FNDA:0,updateUserInfo
FNDA:0,getUserPlans
FNDA:0,sendContactForm
FNDA:0,startSagas
FNDA:0,rootSaga
FNDA:0,(anonymous_8)
DA:1,0
DA:14,0
DA:21,0
DA:34,0
DA:51,0
DA:53,0
DA:55,0
DA:56,0
DA:67,0
DA:68,0
DA:70,0
LF:11
LH:0
BRDA:51,0,0,0
BRDA:51,0,1,0
BRDA:51,1,0,0
BRDA:51,1,1,0
BRDA:51,2,0,0
BRDA:51,2,1,0
BRDA:51,3,0,0
BRDA:51,3,1,0
BRDA:51,4,0,0
BRDA:51,4,1,0
BRDA:51,5,0,0
BRDA:51,5,1,0
BRDA:51,6,0,0
BRDA:51,6,1,0
BRF:14
BRH:0
end_of_record
TN:
SF:/Users/georgij/Projects/kwik-cover/src/features/profile/components/ProfileComponent/ProfileComponent.js
FN:10,_interopRequireDefault
FN:10,ProfileComponent
FNF:2
FNH:0
FNDA:0,_interopRequireDefault
FNDA:0,ProfileComponent
DA:1,0
DA:10,0
DA:11,0
DA:19,0
DA:33,0
LF:5
LH:0
BRDA:10,0,0,0
BRDA:10,0,1,0
BRDA:10,1,0,0
BRDA:10,1,1,0
BRF:4
BRH:0
end_of_record
TN:
SF:/Users/georgij/Projects/kwik-cover/src/features/profile/components/ProfileTabs/ProfileTabs.js
FN:8,_interopRequireDefault
FN:8,ProfileTabs
FN:11,(anonymous_2)
FNF:3
FNH:0
FNDA:0,_interopRequireDefault
FNDA:0,ProfileTabs
FNDA:0,(anonymous_2)
DA:1,0
DA:8,0
DA:9,0
DA:12,0
DA:24,0
LF:5
LH:0
BRDA:8,0,0,0
BRDA:8,0,1,0
BRDA:8,1,0,0
BRDA:8,1,1,0
BRF:4
BRH:0
end_of_record
TN:
SF:/Users/georgij/Projects/kwik-cover/src/features/profile/containers/ProfileAddress/ProfileAddress.js
FN:13,_interopRequireDefault
FN:15,(anonymous_1)
FN:20,(anonymous_2)
FN:21,(anonymous_3)
FN:24,(anonymous_4)
FN:26,(anonymous_5)
FN:123,(anonymous_6)
FN:126,(anonymous_7)
FN:127,(anonymous_8)
FN:128,(anonymous_9)
FNF:10
FNH:0
FNDA:0,_interopRequireDefault
FNDA:0,(anonymous_1)
FNDA:0,(anonymous_2)
FNDA:0,(anonymous_3)
FNDA:0,(anonymous_4)
FNDA:0,(anonymous_5)
FNDA:0,(anonymous_6)
FNDA:0,(anonymous_7)
FNDA:0,(anonymous_8)
FNDA:0,(anonymous_9)
DA:1,0
DA:2,0
DA:3,0
DA:4,0
DA:5,0
DA:6,0
DA:7,0
DA:8,0
DA:9,0
DA:10,0
DA:11,0
DA:13,0
DA:15,0
DA:21,0
DA:22,0
DA:24,0
DA:27,0
DA:29,0
DA:117,0
DA:122,0
DA:123,0
DA:126,0
DA:127,0
DA:128,0
DA:130,0
LF:25
LH:0
BRDA:13,0,0,0
BRDA:13,0,1,0
BRDA:13,1,0,0
BRDA:13,1,1,0
BRDA:35,2,0,0
BRDA:35,2,1,0
BRF:6
BRH:0
end_of_record
TN:
SF:/Users/georgij/Projects/kwik-cover/src/features/profile/containers/ProfileConactUs/ProfileContactUs.js
FN:12,_interopRequireDefault
FN:14,(anonymous_1)
FN:21,(anonymous_2)
FN:22,(anonymous_3)
FN:25,(anonymous_4)
FN:27,(anonymous_5)
FN:30,(anonymous_6)
FN:78,(anonymous_7)
FN:89,(anonymous_8)
FN:93,(anonymous_9)
FN:94,(anonymous_10)
FN:95,(anonymous_11)
FN:96,(anonymous_12)
FNF:13
FNH:0
FNDA:0,_interopRequireDefault
FNDA:0,(anonymous_1)
FNDA:0,(anonymous_2)
FNDA:0,(anonymous_3)
FNDA:0,(anonymous_4)
FNDA:0,(anonymous_5)
FNDA:0,(anonymous_6)
FNDA:0,(anonymous_7)
FNDA:0,(anonymous_8)
FNDA:0,(anonymous_9)
FNDA:0,(anonymous_10)
FNDA:0,(anonymous_11)
FNDA:0,(anonymous_12)
DA:1,0
DA:2,0
DA:3,0
DA:4,0
DA:5,0
DA:6,0
DA:7,0
DA:8,0
DA:9,0
DA:10,0
DA:12,0
DA:14,0
DA:22,0
DA:23,0
DA:25,0
DA:28,0
DA:30,0
DA:32,0
DA:75,0
DA:79,0
DA:81,0
DA:82,0
DA:84,0
DA:88,0
DA:89,0
DA:93,0
DA:94,0
DA:95,0
DA:96,0
DA:98,0
LF:30
LH:0
BRDA:12,0,0,0
BRDA:12,0,1,0
BRDA:12,1,0,0
BRDA:12,1,1,0
BRDA:36,2,0,0
BRDA:36,2,1,0
BRDA:40,3,0,0
BRDA:40,3,1,0
BRDA:40,3,2,0
BRDA:81,4,0,0
BRDA:81,4,1,0
BRDA:82,5,0,0
BRDA:82,5,1,0
BRF:13
BRH:0
end_of_record
TN:
SF:/Users/georgij/Projects/kwik-cover/src/features/profile/containers/ProfilePhone/ProfilePhone.js
FN:14,_interopRequireDefault
FN:16,(anonymous_1)
FN:21,(anonymous_2)
FN:23,(anonymous_3)
FN:27,(anonymous_4)
FN:41,(anonymous_5)
FN:43,(anonymous_6)
FN:45,(anonymous_7)
FN:70,(anonymous_8)
FN:72,(anonymous_9)
FN:113,(anonymous_10)
FN:123,(anonymous_11)
FN:126,(anonymous_12)
FN:138,(anonymous_13)
FN:139,(anonymous_14)
FN:140,(anonymous_15)
FNF:16
FNH:0
FNDA:0,_interopRequireDefault
FNDA:0,(anonymous_1)
FNDA:0,(anonymous_2)
FNDA:0,(anonymous_3)
FNDA:0,(anonymous_4)
FNDA:0,(anonymous_5)
FNDA:0,(anonymous_6)
FNDA:0,(anonymous_7)
FNDA:0,(anonymous_8)
FNDA:0,(anonymous_9)
FNDA:0,(anonymous_10)
FNDA:0,(anonymous_11)
FNDA:0,(anonymous_12)
FNDA:0,(anonymous_13)
FNDA:0,(anonymous_14)
FNDA:0,(anonymous_15)
DA:1,0
DA:2,0
DA:3,0
DA:4,0
DA:5,0
DA:6,0
DA:7,0
DA:8,0
DA:9,0
DA:10,0
DA:11,0
DA:12,0
DA:14,0
DA:16,0
DA:22,0
DA:23,0
DA:24,0
DA:25,0
DA:26,0
DA:27,0
DA:28,0
DA:29,0
DA:35,0
DA:39,0
DA:41,0
DA:44,0
DA:45,0
DA:47,0
DA:71,0
DA:72,0
DA:73,0
DA:74,0
DA:110,0
DA:114,0
DA:115,0
DA:116,0
DA:118,0
DA:122,0
DA:124,0
DA:125,0
DA:126,0
DA:128,0
DA:138,0
DA:139,0
DA:140,0
DA:142,0
LF:46
LH:0
BRDA:14,0,0,0
BRDA:14,0,1,0
BRDA:14,1,0,0
BRDA:14,1,1,0
BRDA:25,2,0,0
BRDA:25,2,1,0
BRDA:26,3,0,0
BRDA:26,3,1,0
BRDA:28,4,0,0
BRDA:28,4,1,0
BRDA:45,5,0,0
BRDA:45,5,1,0
BRDA:53,6,0,0
BRDA:53,6,1,0
BRDA:71,7,0,0
BRDA:71,7,1,0
BRDA:73,8,0,0
BRDA:73,8,1,0
BRDA:74,9,0,0
BRDA:74,9,1,0
BRDA:115,10,0,0
BRDA:115,10,1,0
BRDA:125,11,0,0
BRDA:125,11,1,0
BRDA:126,12,0,0
BRDA:126,12,1,0
BRDA:126,12,2,0
BRDA:132,13,0,0
BRDA:132,13,1,0
BRDA:133,14,0,0
BRDA:133,14,1,0
BRDA:134,15,0,0
BRDA:134,15,1,0
BRF:33
BRH:0
end_of_record
TN:
SF:/Users/georgij/Projects/kwik-cover/src/features/quotes/actions.js
FN:3,(anonymous_0)
FN:7,(anonymous_1)
FN:13,(anonymous_2)
FN:17,(anonymous_3)
FN:22,(anonymous_4)
FN:27,(anonymous_5)
FN:32,(anonymous_6)
FN:37,(anonymous_7)
FNF:8
FNH:6
FNDA:1,(anonymous_0)
FNDA:1,(anonymous_1)
FNDA:1,(anonymous_2)
FNDA:1,(anonymous_3)
FNDA:1,(anonymous_4)
FNDA:0,(anonymous_5)
FNDA:1,(anonymous_6)
FNDA:0,(anonymous_7)
DA:3,4
DA:7,4
DA:8,1
DA:13,4
DA:17,4
DA:22,4
DA:27,4
DA:32,4
DA:37,4
LF:9
LH:9
BRF:0
BRH:0
end_of_record
TN:
SF:/Users/georgij/Projects/kwik-cover/src/features/quotes/constants.js
FNF:0
FNH:0
DA:1,5
DA:2,5
DA:3,5
DA:4,5
DA:5,5
DA:6,5
DA:7,5
DA:8,5
LF:8
LH:8
BRF:0
BRH:0
end_of_record
TN:
SF:/Users/georgij/Projects/kwik-cover/src/features/quotes/reducer.js
FN:9,(anonymous_0)
FN:26,(anonymous_1)
FN:39,(anonymous_2)
FN:46,(anonymous_3)
FNF:4
FNH:4
FNDA:3,(anonymous_0)
FNDA:2,(anonymous_1)
FNDA:2,(anonymous_2)
FNDA:2,(anonymous_3)
DA:4,1
DA:9,1
DA:11,3
DA:14,1
DA:19,0
DA:24,1
DA:25,1
DA:27,2
DA:28,1
DA:29,1
DA:31,1
DA:38,1
DA:40,2
DA:41,1
DA:43,1
DA:46,2
DA:50,0
LF:17
LH:15
BRDA:9,0,0,0
BRDA:11,1,0,1
BRDA:11,1,1,0
BRDA:11,1,2,1
BRDA:11,1,3,1
BRDA:11,1,4,0
BRDA:27,2,0,1
BRDA:27,2,1,1
BRDA:40,3,0,1
BRDA:40,3,1,1
BRF:10
BRH:7
end_of_record
TN:
SF:/Users/georgij/Projects/kwik-cover/src/features/quotes/sagas.js
FN:6,getQuotes
FN:18,getCart
FN:30,addQuoteToCart
FN:44,removeQuoteFromCart
FN:57,startSagas
FN:58,rootSaga
FN:59,(anonymous_6)
FNF:7
FNH:2
FNDA:1,getQuotes
FNDA:0,getCart
FNDA:0,addQuoteToCart
FNDA:0,removeQuoteFromCart
FNDA:1,startSagas
FNDA:0,rootSaga
FNDA:0,(anonymous_6)
DA:7,1
DA:8,1
DA:10,1
DA:11,0
DA:12,0
DA:13,0
DA:19,0
DA:20,0
DA:22,0
DA:23,0
DA:24,0
DA:25,0
DA:31,0
DA:32,0
DA:35,0
DA:36,0
DA:38,0
DA:39,0
DA:45,0
DA:46,0
DA:49,0
DA:51,0
DA:52,0
DA:58,1
DA:59,0
LF:25
LH:4
BRDA:12,0,0,0
BRDA:12,0,1,0
BRDA:24,1,0,0
BRDA:24,1,1,0
BRDA:38,2,0,0
BRDA:38,2,1,0
BRDA:51,3,0,0
BRDA:51,3,1,0
BRF:8
BRH:0
end_of_record
TN:
SF:/Users/georgij/Projects/kwik-cover/src/features/quotes/components/CartButton/CartButton.js
FN:8,CartButton
FNF:1
FNH:1
FNDA:2,CartButton
DA:9,2
DA:23,2
LF:2
LH:2
BRDA:11,0,0,2
BRDA:11,0,1,2
BRDA:12,1,0,1
BRDA:12,1,1,1
BRDA:15,2,0,1
BRDA:15,2,1,1
BRDA:16,3,0,0
BRDA:16,3,1,1
BRF:8
BRH:7
end_of_record
TN:
SF:/Users/georgij/Projects/kwik-cover/src/features/quotes/components/QuotesTable/QuotesTable.js
FN:9,QuotesTable
FN:14,(anonymous_1)
FNF:2
FNH:1
FNDA:1,QuotesTable
FNDA:0,(anonymous_1)
DA:10,1
DA:15,0
DA:19,0
DA:20,0
DA:21,0
DA:22,0
DA:23,0
DA:25,0
DA:31,3
LF:9
LH:2
BRDA:19,0,0,0
BRDA:19,0,1,0
BRDA:20,1,0,0
BRDA:20,1,1,0
BRDA:21,2,0,0
BRDA:21,2,1,0
BRDA:22,3,0,0
BRDA:22,3,1,0
BRDA:23,4,0,0
BRDA:23,4,1,0
BRF:10
BRH:0
end_of_record
TN:
SF:/Users/georgij/Projects/kwik-cover/src/features/quotes/containers/CartPage/CartPage.js
FN:14,(anonymous_0)
FN:24,(anonymous_1)
FN:27,(anonymous_2)
FN:31,(anonymous_3)
FN:40,(anonymous_4)
FN:43,(anonymous_5)
FN:53,(anonymous_6)
FN:80,(anonymous_7)
FN:84,(anonymous_8)
FN:85,(anonymous_9)
FNF:10
FNH:2
FNDA:0,(anonymous_0)
FNDA:0,(anonymous_1)
FNDA:0,(anonymous_2)
FNDA:0,(anonymous_3)
FNDA:0,(anonymous_4)
FNDA:0,(anonymous_5)
FNDA:0,(anonymous_6)
FNDA:1,(anonymous_7)
FNDA:1,(anonymous_8)
FNDA:0,(anonymous_9)
DA:15,0
DA:25,0
DA:26,0
DA:27,0
DA:30,0
DA:31,0
DA:35,0
DA:41,0
DA:42,0
DA:43,0
DA:44,0
DA:45,0
DA:53,0
DA:58,0
DA:80,1
DA:84,1
DA:85,0
LF:17
LH:2
BRDA:26,0,0,0
BRDA:26,0,1,0
BRDA:30,1,0,0
BRDA:30,1,1,0
BRDA:62,2,0,0
BRDA:62,2,1,0
BRDA:63,3,0,0
BRDA:63,3,1,0
BRDA:69,4,0,0
BRDA:69,4,1,0
BRDA:82,5,0,1
BRDA:82,5,1,0
BRF:12
BRH:1
end_of_record
TN:
SF:/Users/georgij/Projects/kwik-cover/src/features/quotes/containers/QuotesPage/QuotesPage.js
FN:10,_interopRequireDefault
FN:12,(anonymous_1)
FN:17,(anonymous_2)
FN:25,(anonymous_3)
FN:27,(anonymous_4)
FN:36,(anonymous_5)
FN:43,(anonymous_6)
FN:44,(anonymous_7)
FN:51,(anonymous_8)
FN:61,(anonymous_9)
FN:65,(anonymous_10)
FN:66,(anonymous_11)
FN:67,(anonymous_12)
FN:68,(anonymous_13)
FNF:14
FNH:0
FNDA:0,_interopRequireDefault
FNDA:0,(anonymous_1)
FNDA:0,(anonymous_2)
FNDA:0,(anonymous_3)
FNDA:0,(anonymous_4)
FNDA:0,(anonymous_5)
FNDA:0,(anonymous_6)
FNDA:0,(anonymous_7)
FNDA:0,(anonymous_8)
FNDA:0,(anonymous_9)
FNDA:0,(anonymous_10)
FNDA:0,(anonymous_11)
FNDA:0,(anonymous_12)
FNDA:0,(anonymous_13)
DA:1,0
DA:2,0
DA:3,0
DA:4,0
DA:5,0
DA:6,0
DA:7,0
DA:8,0
DA:10,0
DA:12,0
DA:18,0
DA:25,0
DA:28,0
DA:29,0
DA:36,0
DA:43,0
DA:44,0
DA:51,0
DA:57,0
DA:61,0
DA:65,0
DA:66,0
DA:67,0
DA:68,0
LF:24
LH:0
BRDA:10,0,0,0
BRDA:10,0,1,0
BRDA:10,1,0,0
BRDA:10,1,1,0
BRF:4
BRH:0
end_of_record
TN:
SF:/Users/georgij/Projects/kwik-cover/src/features/quotes/containers/SuccessPage/SuccessPage.js
FN:12,(anonymous_0)
FN:16,(anonymous_1)
FN:25,(anonymous_2)
FN:33,(anonymous_3)
FN:48,(anonymous_4)
FN:52,(anonymous_5)
FN:53,(anonymous_6)
FNF:7
FNH:2
FNDA:0,(anonymous_0)
FNDA:0,(anonymous_1)
FNDA:0,(anonymous_2)
FNDA:0,(anonymous_3)
FNDA:1,(anonymous_4)
FNDA:1,(anonymous_5)
FNDA:0,(anonymous_6)
DA:13,0
DA:17,0
DA:26,0
DA:27,0
DA:33,0
DA:48,1
DA:52,1
DA:53,0
LF:8
LH:2
BRF:0
BRH:0
end_of_record
TN:
SF:/Users/georgij/Projects/kwik-cover/src/features/survey/actions.js
FN:1,_interopRequireWildcard
FN:3,(anonymous_1)
FN:8,(anonymous_2)
FN:16,(anonymous_3)
FN:21,(anonymous_4)
FN:25,(anonymous_5)
FNF:6
FNH:0
FNDA:0,_interopRequireWildcard
FNDA:0,(anonymous_1)
FNDA:0,(anonymous_2)
FNDA:0,(anonymous_3)
FNDA:0,(anonymous_4)
FNDA:0,(anonymous_5)
DA:1,0
DA:3,0
DA:8,0
DA:16,0
DA:21,0
DA:25,0
LF:6
LH:0
BRDA:1,0,0,0
BRDA:1,0,1,0
BRDA:1,1,0,0
BRDA:1,1,1,0
BRDA:1,2,0,0
BRDA:1,2,1,0
BRDA:1,3,0,0
BRDA:1,3,1,0
BRF:8
BRH:0
end_of_record
TN:
SF:/Users/georgij/Projects/kwik-cover/src/features/survey/constants.js
FNF:0
FNH:0
DA:1,0
DA:2,0
DA:3,0
DA:4,0
DA:5,0
DA:7,0
LF:6
LH:0
BRF:0
BRH:0
end_of_record
TN:
SF:/Users/georgij/Projects/kwik-cover/src/features/survey/reducer.js
FN:1,_interopRequireWildcard
FN:12,(anonymous_1)
FNF:2
FNH:0
FNDA:0,_interopRequireWildcard
FNDA:0,(anonymous_1)
DA:1,0
DA:3,0
DA:12,0
DA:14,0
DA:17,0
DA:22,0
DA:31,0
DA:36,0
DA:39,0
LF:9
LH:0
BRDA:1,0,0,0
BRDA:1,0,1,0
BRDA:1,1,0,0
BRDA:1,1,1,0
BRDA:1,2,0,0
BRDA:1,2,1,0
BRDA:1,3,0,0
BRDA:1,3,1,0
BRDA:12,4,0,0
BRDA:14,5,0,0
BRDA:14,5,1,0
BRDA:14,5,2,0
BRDA:14,5,3,0
BRF:13
BRH:0
end_of_record
TN:
SF:/Users/georgij/Projects/kwik-cover/src/features/survey/sagas.js
FN:48,_interopRequireWildcard
FN:48,getSurveyPage
FN:48,submitSurveyPage
FN:48,cancelSurvey
FN:59,startSagas
FN:60,rootSaga
FN:61,(anonymous_6)
FNF:7
FNH:0
FNDA:0,_interopRequireWildcard
FNDA:0,getSurveyPage
FNDA:0,submitSurveyPage
FNDA:0,cancelSurvey
FNDA:0,startSagas
FNDA:0,rootSaga
FNDA:0,(anonymous_6)
DA:1,0
DA:7,0
DA:19,0
DA:48,0
DA:49,0
DA:50,0
DA:52,0
DA:53,0
DA:54,0
DA:60,0
DA:61,0
DA:63,0
LF:12
LH:0
BRDA:48,0,0,0
BRDA:48,0,1,0
BRDA:48,1,0,0
BRDA:48,1,1,0
BRDA:48,2,0,0
BRDA:48,2,1,0
BRDA:48,3,0,0
BRDA:48,3,1,0
BRDA:48,4,0,0
BRDA:48,4,1,0
BRDA:48,5,0,0
BRDA:48,5,1,0
BRDA:48,6,0,0
BRDA:48,6,1,0
BRDA:53,7,0,0
BRDA:53,7,1,0
BRF:16
BRH:0
end_of_record
TN:
SF:/Users/georgij/Projects/kwik-cover/src/features/survey/components/ProgressMessage/ProgressMessage.js
FN:8,_interopRequireDefault
FN:8,ProgressMessage
FNF:2
FNH:0
FNDA:0,_interopRequireDefault
FNDA:0,ProgressMessage
DA:1,0
DA:8,0
DA:9,0
DA:10,0
DA:11,0
DA:16,0
DA:17,0
DA:20,0
DA:21,0
DA:23,0
DA:26,0
DA:42,0
LF:12
LH:0
BRDA:8,0,0,0
BRDA:8,0,1,0
BRDA:8,1,0,0
BRDA:8,1,1,0
BRDA:16,2,0,0
BRDA:16,2,1,0
BRDA:20,3,0,0
BRDA:20,3,1,0
BRF:8
BRH:0
end_of_record
TN:
SF:/Users/georgij/Projects/kwik-cover/src/features/survey/components/SurveyCheckbox/SurveyCheckbox.js
FN:8,_interopRequireDefault
FN:8,SurveyCheckbox
FN:11,(anonymous_2)
FN:17,(anonymous_3)
FNF:4
FNH:0
FNDA:0,_interopRequireDefault
FNDA:0,SurveyCheckbox
FNDA:0,(anonymous_2)
FNDA:0,(anonymous_3)
DA:1,0
DA:8,0
DA:9,0
DA:12,0
DA:13,0
DA:18,0
DA:20,0
DA:21,0
DA:23,0
DA:26,0
DA:40,0
LF:11
LH:0
BRDA:8,0,0,0
BRDA:8,0,1,0
BRDA:8,1,0,0
BRDA:8,1,1,0
BRDA:20,2,0,0
BRDA:20,2,1,0
BRDA:30,3,0,0
BRDA:30,3,1,0
BRF:8
BRH:0
end_of_record
TN:
SF:/Users/georgij/Projects/kwik-cover/src/features/survey/components/SurveyDropdown/SurveyDropdown.js
FN:8,_interopRequireDefault
FN:8,SurveyDropdown
FN:11,(anonymous_2)
FNF:3
FNH:0
FNDA:0,_interopRequireDefault
FNDA:0,SurveyDropdown
FNDA:0,(anonymous_2)
DA:1,0
DA:8,0
DA:9,0
DA:11,0
DA:18,0
LF:5
LH:0
BRDA:8,0,0,0
BRDA:8,0,1,0
BRDA:8,1,0,0
BRDA:8,1,1,0
BRF:4
BRH:0
end_of_record
TN:
SF:/Users/georgij/Projects/kwik-cover/src/features/survey/components/SurveyFinishedMessage/SurveyFinishedMessage.js
FN:7,_interopRequireDefault
FN:7,SurveyFinishedMessage
FNF:2
FNH:0
FNDA:0,_interopRequireDefault
FNDA:0,SurveyFinishedMessage
DA:1,0
DA:7,0
DA:8,0
DA:26,0
LF:4
LH:0
BRDA:7,0,0,0
BRDA:7,0,1,0
BRDA:7,1,0,0
BRDA:7,1,1,0
BRF:4
BRH:0
end_of_record
TN:
SF:/Users/georgij/Projects/kwik-cover/src/features/survey/components/SurveyForm/SurveyForm.js
FN:9,_interopRequireDefault
FN:11,(anonymous_1)
FN:12,(anonymous_2)
FN:17,(anonymous_3)
FN:24,(anonymous_4)
FN:35,(anonymous_5)
FN:53,(anonymous_6)
FN:56,(anonymous_7)
FN:59,(anonymous_8)
FN:70,(anonymous_9)
FN:73,(anonymous_10)
FNF:11
FNH:0
FNDA:0,_interopRequireDefault
FNDA:0,(anonymous_1)
FNDA:0,(anonymous_2)
FNDA:0,(anonymous_3)
FNDA:0,(anonymous_4)
FNDA:0,(anonymous_5)
FNDA:0,(anonymous_6)
FNDA:0,(anonymous_7)
FNDA:0,(anonymous_8)
FNDA:0,(anonymous_9)
FNDA:0,(anonymous_10)
DA:1,0
DA:2,0
DA:3,0
DA:4,0
DA:5,0
DA:6,0
DA:7,0
DA:9,0
DA:11,0
DA:13,0
DA:15,0
DA:16,0
DA:17,0
DA:18,0
DA:19,0
DA:21,0
DA:25,0
DA:27,0
DA:29,0
DA:35,0
DA:53,0
DA:55,0
DA:57,0
DA:58,0
DA:59,0
DA:60,0
DA:61,0
DA:62,0
DA:66,0
DA:70,0
DA:71,0
DA:73,0
DA:75,0
DA:78,0
LF:34
LH:0
BRDA:9,0,0,0
BRDA:9,0,1,0
BRDA:9,1,0,0
BRDA:9,1,1,0
BRDA:19,2,0,0
BRDA:19,2,1,0
BRDA:19,3,0,0
BRDA:19,3,1,0
BRDA:37,4,0,0
BRDA:37,4,1,0
BRDA:42,5,0,0
BRDA:42,5,1,0
BRDA:61,6,0,0
BRDA:61,6,1,0
BRF:14
BRH:0
end_of_record
TN:
SF:/Users/georgij/Projects/kwik-cover/src/features/survey/components/SurveyQuestion/SurveyQuestion.js
FN:35,_interopRequireDefault
FN:35,SurveyQuestion
FNF:2
FNH:0
FNDA:0,_interopRequireDefault
FNDA:0,SurveyQuestion
DA:1,0
DA:35,0
DA:36,0
LF:3
LH:0
BRDA:35,0,0,0
BRDA:35,0,1,0
BRDA:35,1,0,0
BRDA:35,1,1,0
BRF:4
BRH:0
end_of_record
TN:
SF:/Users/georgij/Projects/kwik-cover/src/features/survey/components/SurveyRadio/SurveyRadio.js
FN:7,_interopRequireDefault
FN:7,SurveyRadio
FN:10,(anonymous_2)
FN:16,(anonymous_3)
FNF:4
FNH:0
FNDA:0,_interopRequireDefault
FNDA:0,SurveyRadio
FNDA:0,(anonymous_2)
FNDA:0,(anonymous_3)
DA:1,0
DA:7,0
DA:8,0
DA:11,0
DA:12,0
DA:16,0
DA:29,0
LF:7
LH:0
BRDA:7,0,0,0
BRDA:7,0,1,0
BRDA:7,1,0,0
BRDA:7,1,1,0
BRDA:19,2,0,0
BRDA:19,2,1,0
BRF:6
BRH:0
end_of_record
TN:
SF:/Users/georgij/Projects/kwik-cover/src/features/survey/components/SurveyTag/SurveyTag.js
FN:8,_interopRequireDefault
FN:8,SurveyTag
FN:11,(anonymous_2)
FNF:3
FNH:0
FNDA:0,_interopRequireDefault
FNDA:0,SurveyTag
FNDA:0,(anonymous_2)
DA:1,0
DA:8,0
DA:9,0
DA:11,0
DA:18,0
LF:5
LH:0
BRDA:8,0,0,0
BRDA:8,0,1,0
BRDA:8,1,0,0
BRDA:8,1,1,0
BRF:4
BRH:0
end_of_record
TN:
SF:/Users/georgij/Projects/kwik-cover/src/features/survey/components/SurveyText/SurveyText.js
FN:7,_interopRequireDefault
FN:7,SurveyText
FNF:2
FNH:0
FNDA:0,_interopRequireDefault
FNDA:0,SurveyText
DA:1,0
DA:7,0
DA:8,0
DA:17,0
LF:4
LH:0
BRDA:7,0,0,0
BRDA:7,0,1,0
BRDA:7,1,0,0
BRDA:7,1,1,0
BRF:4
BRH:0
end_of_record
TN:
SF:/Users/georgij/Projects/kwik-cover/src/features/survey/containers/SurveyPage/SurveyPage.js
FN:8,_interopRequireDefault
FN:10,(anonymous_1)
FN:15,(anonymous_2)
FN:18,(anonymous_3)
FN:23,(anonymous_4)
FN:25,(anonymous_5)
FN:27,(anonymous_6)
FN:41,(anonymous_7)
FN:55,(anonymous_8)
FN:63,(anonymous_9)
FN:64,(anonymous_10)
FN:65,(anonymous_11)
FNF:12
FNH:0
FNDA:0,_interopRequireDefault
FNDA:0,(anonymous_1)
FNDA:0,(anonymous_2)
FNDA:0,(anonymous_3)
FNDA:0,(anonymous_4)
FNDA:0,(anonymous_5)
FNDA:0,(anonymous_6)
FNDA:0,(anonymous_7)
FNDA:0,(anonymous_8)
FNDA:0,(anonymous_9)
FNDA:0,(anonymous_10)
FNDA:0,(anonymous_11)
DA:1,0
DA:2,0
DA:3,0
DA:4,0
DA:5,0
DA:6,0
DA:8,0
DA:10,0
DA:16,0
DA:18,0
DA:19,0
DA:24,0
DA:25,0
DA:28,0
DA:30,0
DA:32,0
DA:41,0
DA:51,0
DA:55,0
DA:63,0
DA:64,0
DA:65,0
LF:22
LH:0
BRDA:8,0,0,0
BRDA:8,0,1,0
BRDA:8,1,0,0
BRDA:8,1,1,0
BRDA:30,2,0,0
BRDA:30,2,1,0
BRDA:39,3,0,0
BRDA:39,3,1,0
BRF:8
BRH:0
end_of_record
TN:
SF:/Users/georgij/Projects/kwik-cover/src/features/survey/helpers/getNextQuestions.js
FN:3,_interopRequireDefault
FN:3,getNextQuestions
FN:8,(anonymous_2)
FN:9,(anonymous_3)
FN:9,(anonymous_4)
FN:11,(anonymous_5)
FN:14,(anonymous_6)
FNF:7
FNH:0
FNDA:0,_interopRequireDefault
FNDA:0,getNextQuestions
FNDA:0,(anonymous_2)
FNDA:0,(anonymous_3)
FNDA:0,(anonymous_4)
FNDA:0,(anonymous_5)
FNDA:0,(anonymous_6)
DA:1,0
DA:3,0
DA:4,0
DA:5,0
DA:7,0
DA:8,0
DA:9,0
DA:11,0
DA:12,0
DA:14,0
LF:10
LH:0
BRDA:3,0,0,0
BRDA:3,0,1,0
BRDA:3,1,0,0
BRDA:3,1,1,0
BRDA:4,2,0,0
BRDA:4,2,1,0
BRDA:4,3,0,0
BRDA:4,3,1,0
BRDA:14,4,0,0
BRDA:14,4,1,0
BRF:10
BRH:0
end_of_record
TN:
SF:/Users/georgij/Projects/kwik-cover/src/features/survey/helpers/getVisibleQuestions.js
FN:4,_interopRequireDefault
FN:4,getVisibleQuestions
FN:7,(anonymous_2)
FN:8,(anonymous_3)
FNF:4
FNH:0
FNDA:0,_interopRequireDefault
FNDA:0,getVisibleQuestions
FNDA:0,(anonymous_2)
FNDA:0,(anonymous_3)
DA:1,0
DA:4,0
DA:5,0
DA:7,0
DA:8,0
DA:9,0
DA:10,0
DA:11,0
DA:14,0
LF:9
LH:0
BRDA:4,0,0,0
BRDA:4,0,1,0
BRDA:4,1,0,0
BRDA:4,1,1,0
BRDA:9,2,0,0
BRDA:9,2,1,0
BRDA:9,3,0,0
BRDA:9,3,1,0
BRF:8
BRH:0
end_of_record
TN:
SF:/Users/georgij/Projects/kwik-cover/src/features/survey/helpers/isAnswer.js
FN:1,isAnswer
FNF:1
FNH:0
FNDA:0,isAnswer
DA:1,0
DA:2,0
LF:2
LH:0
BRDA:2,0,0,0
BRDA:2,0,1,0
BRF:2
BRH:0
end_of_record
TN:
SF:/Users/georgij/Projects/kwik-cover/src/features/ui/actions.js
FN:3,(anonymous_0)
FN:9,(anonymous_1)
FNF:2
FNH:2
FNDA:1,(anonymous_0)
FNDA:1,(anonymous_1)
DA:3,5
DA:9,5
LF:2
LH:2
BRDA:3,0,0,1
BRF:1
BRH:1
end_of_record
TN:
SF:/Users/georgij/Projects/kwik-cover/src/features/ui/constants.js
FNF:0
FNH:0
DA:1,6
DA:2,6
DA:4,6
LF:3
LH:3
BRF:0
BRH:0
end_of_record
TN:
SF:/Users/georgij/Projects/kwik-cover/src/features/ui/reducer.js
FN:9,(anonymous_0)
FNF:1
FNH:1
FNDA:3,(anonymous_0)
DA:3,1
DA:9,1
DA:11,3
DA:14,1
DA:21,1
DA:28,1
LF:6
LH:6
BRDA:9,0,0,0
BRDA:11,1,0,1
BRDA:11,1,1,1
BRDA:11,1,2,1
BRF:4
BRH:3
end_of_record
TN:
SF:/Users/georgij/Projects/kwik-cover/src/features/ui/components/ScrollToTop/ScrollToTop.js
FN:2,_interopRequireDefault
FN:5,(anonymous_1)
FN:11,(anonymous_2)
FNF:3
FNH:0
FNDA:0,_interopRequireDefault
FNDA:0,(anonymous_1)
FNDA:0,(anonymous_2)
DA:1,0
DA:2,0
DA:6,0
DA:7,0
DA:12,0
DA:13,0
LF:6
LH:0
BRDA:2,0,0,0
BRDA:2,0,1,0
BRDA:2,1,0,0
BRDA:2,1,1,0
BRDA:6,2,0,0
BRDA:6,2,1,0
BRF:6
BRH:0
end_of_record
TN:
SF:/Users/georgij/Projects/kwik-cover/src/features/ui/containers/AccountInsuredMessage/AccountInsuredMessage.js
FN:9,(anonymous_0)
FN:23,(anonymous_1)
FN:24,(anonymous_2)
FN:25,(anonymous_3)
FNF:4
FNH:3
FNDA:1,(anonymous_0)
FNDA:2,(anonymous_1)
FNDA:2,(anonymous_2)
FNDA:0,(anonymous_3)
DA:10,1
DA:12,1
DA:23,2
DA:24,2
DA:25,0
LF:5
LH:4
BRF:0
BRH:0
end_of_record
TN:
SF:/Users/georgij/Projects/kwik-cover/src/features/ui/containers/GlobalMessageContainer/GlobalMessageContainer.js
FN:13,(anonymous_0)
FN:23,(anonymous_1)
FNF:2
FNH:2
FNDA:1,(anonymous_0)
FNDA:2,(anonymous_1)
DA:7,1
DA:14,1
DA:16,1
DA:18,1
DA:23,2
LF:5
LH:5
BRF:0
BRH:0
end_of_record
TN:
SF:/Users/georgij/Projects/kwik-cover/src/features/ui/containers/VerifyAccountMessage/VerifyAccountMessage.js
FN:9,(anonymous_0)
FN:23,(anonymous_1)
FN:24,(anonymous_2)
FN:25,(anonymous_3)
FNF:4
FNH:3
FNDA:1,(anonymous_0)
FNDA:2,(anonymous_1)
FNDA:2,(anonymous_2)
FNDA:0,(anonymous_3)
DA:10,1
DA:12,1
DA:23,2
DA:24,2
DA:25,0
LF:5
LH:4
BRF:0
BRH:0
end_of_record
TN:
SF:/Users/georgij/Projects/kwik-cover/src/helpers/isValidEmail.js
FN:1,(anonymous_0)
FNF:1
FNH:1
FNDA:3,(anonymous_0)
DA:1,1
DA:3,3
DA:4,3
LF:3
LH:3
BRF:0
BRH:0
end_of_record
TN:
SF:/Users/georgij/Projects/kwik-cover/src/helpers/roundTo.js
FN:1,(anonymous_0)
FN:5,(anonymous_1)
FNF:2
FNH:2
FNDA:2,(anonymous_0)
FNDA:1,(anonymous_1)
DA:1,4
DA:2,2
DA:5,4
DA:6,1
LF:4
LH:4
BRF:0
BRH:0
end_of_record
TN:
SF:/Users/georgij/Projects/kwik-cover/src/helpers/url.js
FN:1,(anonymous_0)
FNF:1
FNH:0
FNDA:0,(anonymous_0)
DA:1,0
DA:2,0
DA:4,0
DA:5,0
DA:7,0
DA:8,0
DA:10,0
LF:7
LH:0
BRDA:1,0,0,0
BRDA:7,1,0,0
BRDA:7,1,1,0
BRDA:8,2,0,0
BRDA:8,2,1,0
BRF:5
BRH:0
end_of_record
TN:
SF:/Users/georgij/Projects/kwik-cover/src/libs/awsLib.js
FN:20,callApi
FN:66,completeSignUp
FN:80,getNewUser
FN:84,getUserAttributes
FN:89,isAuthenticated
FN:110,isRemembered
FN:115,rememberSession
FN:120,resetPassword
FN:121,(anonymous_8)
FN:123,(anonymous_9)
FN:124,(anonymous_10)
FN:129,sendResetPasswordCode
FN:132,(anonymous_12)
FN:134,(anonymous_13)
FN:135,(anonymous_14)
FN:140,setUserAttributes
FN:146,signIn
FN:148,(anonymous_17)
FN:153,(anonymous_18)
FN:155,(anonymous_19)
FN:161,(anonymous_20)
FN:164,(anonymous_21)
FN:171,signOut
FN:177,signUp
FN:178,(anonymous_24)
FN:184,(anonymous_25)
FN:188,verifyEmail
FN:189,(anonymous_27)
FN:193,(anonymous_28)
FN:197,generateAttributeArray
FN:207,getAuthenticationDetails
FN:212,getAwsCredentials
FN:223,(anonymous_32)
FN:226,getNewUserPool
FN:233,getUserToken
FN:234,(anonymous_35)
FN:235,(anonymous_36)
FNF:37
FNH:0
FNDA:0,callApi
FNDA:0,completeSignUp
FNDA:0,getNewUser
FNDA:0,getUserAttributes
FNDA:0,isAuthenticated
FNDA:0,isRemembered
FNDA:0,rememberSession
FNDA:0,resetPassword
FNDA:0,(anonymous_8)
FNDA:0,(anonymous_9)
FNDA:0,(anonymous_10)
FNDA:0,sendResetPasswordCode
FNDA:0,(anonymous_12)
FNDA:0,(anonymous_13)
FNDA:0,(anonymous_14)
FNDA:0,setUserAttributes
FNDA:0,signIn
FNDA:0,(anonymous_17)
FNDA:0,(anonymous_18)
FNDA:0,(anonymous_19)
FNDA:0,(anonymous_20)
FNDA:0,(anonymous_21)
FNDA:0,signOut
FNDA:0,signUp
FNDA:0,(anonymous_24)
FNDA:0,(anonymous_25)
FNDA:0,verifyEmail
FNDA:0,(anonymous_27)
FNDA:0,(anonymous_28)
FNDA:0,generateAttributeArray
FNDA:0,getAuthenticationDetails
FNDA:0,getAwsCredentials
FNDA:0,(anonymous_32)
FNDA:0,getNewUserPool
FNDA:0,getUserToken
FNDA:0,(anonymous_35)
FNDA:0,(anonymous_36)
DA:12,1
DA:13,1
DA:14,1
DA:15,1
DA:16,1
DA:17,1
DA:18,1
DA:27,0
DA:30,0
DA:31,0
DA:32,0
DA:34,0
DA:35,0
DA:38,0
DA:39,0
DA:42,0
DA:43,0
DA:51,0
DA:52,0
DA:55,0
DA:56,0
DA:58,0
DA:59,0
DA:60,0
DA:62,0
DA:73,0
DA:81,0
DA:85,0
DA:90,0
DA:94,0
DA:97,0
DA:98,0
DA:100,0
DA:101,0
DA:102,0
DA:103,0
DA:105,0
DA:106,0
DA:111,0
DA:116,0
DA:117,0
DA:121,0
DA:122,0
DA:123,0
DA:124,0
DA:130,0
DA:132,0
DA:133,0
DA:134,0
DA:135,0
DA:141,0
DA:142,0
DA:143,0
DA:153,0
DA:154,0
DA:156,0
DA:157,0
DA:158,0
DA:161,0
DA:164,0
DA:165,0
DA:167,0
DA:172,0
DA:173,0
DA:174,0
DA:178,0
DA:179,0
DA:184,0
DA:189,0
DA:190,0
DA:193,0
DA:198,0
DA:200,0
DA:201,0
DA:204,0
DA:208,0
DA:209,0
DA:213,0
DA:216,0
DA:218,0
DA:223,0
DA:227,0
DA:234,0
DA:235,0
DA:236,0
DA:237,0
LF:86
LH:7
BRDA:22,0,0,0
BRDA:23,1,0,0
BRDA:25,2,0,0
BRDA:27,3,0,0
BRDA:27,3,1,0
BRDA:34,4,0,0
BRDA:34,4,1,0
BRDA:38,5,0,0
BRDA:38,5,1,0
BRDA:48,6,0,0
BRDA:48,6,1,0
BRDA:51,7,0,0
BRDA:51,7,1,0
BRDA:55,8,0,0
BRDA:55,8,1,0
BRDA:59,9,0,0
BRDA:59,9,1,0
BRDA:85,10,0,0
BRDA:85,10,1,0
BRDA:90,11,0,0
BRDA:90,11,1,0
BRDA:91,12,0,0
BRDA:91,12,1,0
BRDA:98,13,0,0
BRDA:98,13,1,0
BRDA:100,14,0,0
BRDA:100,14,1,0
BRDA:111,15,0,0
BRDA:111,15,1,0
BRDA:148,16,0,0
BRDA:150,17,0,0
BRDA:173,18,0,0
BRDA:173,18,1,0
BRDA:174,19,0,0
BRDA:174,19,1,0
BRDA:177,20,0,0
BRDA:184,21,0,0
BRDA:184,21,1,0
BRDA:193,22,0,0
BRDA:193,22,1,0
BRDA:197,23,0,0
BRDA:236,24,0,0
BRDA:236,24,1,0
BRF:43
BRH:0
end_of_record
TN:
SF:/Users/georgij/Projects/kwik-cover/src/libs/requestSigner.js
FN:21,(anonymous_0)
FN:30,hash
FN:34,hexEncode
FN:38,hmac
FN:42,buildCanonicalRequest
FN:58,hashCanonicalRequest
FN:62,buildCanonicalUri
FN:66,buildCanonicalQueryString
FN:90,buildCanonicalHeaders
FN:107,buildCanonicalSignedHeaders
FN:119,buildStringToSign
FN:135,buildCredentialScope
FN:141,calculateSigningKey
FN:151,calculateSignature
FN:155,buildAuthorizationHeader
FN:195,(anonymous_15)
FNF:16
FNH:0
FNDA:0,(anonymous_0)
FNDA:0,hash
FNDA:0,hexEncode
FNDA:0,hmac
FNDA:0,buildCanonicalRequest
FNDA:0,hashCanonicalRequest
FNDA:0,buildCanonicalUri
FNDA:0,buildCanonicalQueryString
FNDA:0,buildCanonicalHeaders
FNDA:0,buildCanonicalSignedHeaders
FNDA:0,buildStringToSign
FNDA:0,buildCredentialScope
FNDA:0,calculateSigningKey
FNDA:0,calculateSignature
FNDA:0,buildAuthorizationHeader
FNDA:0,(anonymous_15)
DA:20,1
DA:21,1
DA:22,0
DA:23,0
DA:24,0
DA:25,0
DA:26,0
DA:27,0
DA:28,0
DA:31,0
DA:35,0
DA:39,0
DA:43,0
DA:59,0
DA:63,0
DA:67,0
DA:68,0
DA:71,0
DA:72,0
DA:73,0
DA:74,0
DA:77,0
DA:79,0
DA:80,0
DA:81,0
DA:87,0
DA:91,0
DA:92,0
DA:93,0
DA:94,0
DA:95,0
DA:98,0
DA:100,0
DA:101,0
DA:104,0
DA:108,0
DA:109,0
DA:110,0
DA:111,0
DA:114,0
DA:116,0
DA:124,0
DA:136,0
DA:142,0
DA:152,0
DA:161,0
DA:174,0
DA:175,0
DA:176,0
DA:178,0
DA:179,0
DA:180,0
DA:181,0
DA:182,0
DA:183,0
DA:185,0
DA:188,0
DA:189,0
DA:190,0
DA:192,0
DA:193,0
DA:195,0
DA:196,0
DA:197,0
DA:198,0
DA:199,0
DA:203,0
DA:204,0
DA:208,0
DA:209,0
DA:212,0
DA:214,0
DA:215,0
DA:217,0
DA:222,0
DA:223,0
DA:226,0
DA:230,0
DA:231,0
DA:232,0
DA:234,0
DA:241,0
DA:242,0
DA:247,0
DA:252,0
DA:258,0
DA:259,0
DA:265,0
DA:269,0
DA:271,0
DA:273,0
DA:274,0
DA:275,0
DA:276,0
DA:280,0
DA:281,0
DA:284,0
DA:290,0
LF:98
LH:2
BRDA:67,0,0,0
BRDA:67,0,1,0
BRDA:73,1,0,0
BRDA:73,1,1,0
BRDA:94,2,0,0
BRDA:94,2,1,0
BRDA:110,3,0,0
BRDA:110,3,1,0
BRDA:175,4,0,0
BRDA:175,4,1,0
BRDA:175,5,0,0
BRDA:175,5,1,0
BRDA:181,6,0,0
BRDA:181,6,1,0
BRDA:182,7,0,0
BRDA:182,7,1,0
BRDA:184,8,0,0
BRDA:184,8,1,0
BRDA:186,9,0,0
BRDA:186,9,1,0
BRDA:203,10,0,0
BRDA:203,10,1,0
BRDA:208,11,0,0
BRDA:208,11,1,0
BRDA:214,12,0,0
BRDA:214,12,1,0
BRDA:214,13,0,0
BRDA:214,13,1,0
BRDA:222,14,0,0
BRDA:222,14,1,0
BRDA:222,15,0,0
BRDA:222,15,1,0
BRDA:222,15,2,0
BRDA:265,16,0,0
BRDA:265,16,1,0
BRDA:266,17,0,0
BRDA:266,17,1,0
BRDA:275,18,0,0
BRDA:275,18,1,0
BRDA:280,19,0,0
BRDA:280,19,1,0
BRF:41
BRH:0
end_of_record
TN:
SF:/Users/georgij/Projects/kwik-cover/src/routes/AuthenticatedRoute.js
FN:2,_interopRequireDefault
FN:2,_objectWithoutProperties
FN:4,(anonymous_2)
FN:5,(anonymous_3)
FNF:4
FNH:0
FNDA:0,_interopRequireDefault
FNDA:0,_objectWithoutProperties
FNDA:0,(anonymous_2)
FNDA:0,(anonymous_3)
DA:1,0
DA:2,0
DA:4,0
DA:5,0
DA:6,0
DA:10,0
DA:11,0
LF:7
LH:0
BRDA:2,0,0,0
BRDA:2,0,1,0
BRDA:2,1,0,0
BRDA:2,1,1,0
BRDA:2,2,0,0
BRDA:2,2,1,0
BRDA:2,3,0,0
BRDA:2,3,1,0
BRDA:6,4,0,0
BRDA:6,4,1,0
BRF:10
BRH:0
end_of_record
TN:
SF:/Users/georgij/Projects/kwik-cover/src/routes/UnauthenticatedRoute.js
FN:3,_interopRequireDefault
FN:3,_objectWithoutProperties
FN:5,(anonymous_2)
FN:7,(anonymous_3)
FNF:4
FNH:0
FNDA:0,_interopRequireDefault
FNDA:0,_objectWithoutProperties
FNDA:0,(anonymous_2)
FNDA:0,(anonymous_3)
DA:1,0
DA:2,0
DA:3,0
DA:5,0
DA:6,0
DA:7,0
DA:8,0
DA:12,0
DA:15,0
LF:9
LH:0
BRDA:3,0,0,0
BRDA:3,0,1,0
BRDA:3,1,0,0
BRDA:3,1,1,0
BRDA:3,2,0,0
BRDA:3,2,1,0
BRDA:3,3,0,0
BRDA:3,3,1,0
BRDA:8,4,0,0
BRDA:8,4,1,0
BRDA:10,5,0,0
BRDA:10,5,1,0
BRF:12
BRH:0
end_of_record
TN:
SF:/Users/georgij/Projects/kwik-cover/src/routes/index.js
FN:18,_interopRequireDefault
FN:20,(anonymous_1)
FNF:2
FNH:0
FNDA:0,_interopRequireDefault
FNDA:0,(anonymous_1)
DA:1,0
DA:2,0
DA:4,0
DA:5,0
DA:6,0
DA:7,0
DA:8,0
DA:9,0
DA:10,0
DA:11,0
DA:12,0
DA:13,0
DA:14,0
DA:15,0
DA:16,0
DA:17,0
DA:18,0
DA:21,0
LF:18
LH:0
BRDA:18,0,0,0
BRDA:18,0,1,0
BRDA:18,1,0,0
BRDA:18,1,1,0
BRF:4
BRH:0
end_of_record
